{"contracts/controller/Avatar.sol":{"l":{"20":55,"25":41,"26":41,"54":52,"56":49,"57":49,"71":362,"72":362,"73":362,"74":362,"75":362,"76":362,"91":82,"92":3,"95":82,"96":82,"106":27,"107":25,"108":25,"121":15,"122":15,"123":15,"142":1,"143":1,"144":1,"158":1,"159":1,"160":1,"169":295,"170":295,"180":11,"181":11},"path":"/Users/oren/daostack/arc/contracts/controller/Avatar.sol","s":{"1":55,"2":41,"3":41,"4":52,"5":49,"6":49,"7":362,"8":362,"9":362,"10":362,"11":362,"12":362,"13":82,"14":3,"15":82,"16":82,"17":27,"18":25,"19":25,"20":15,"21":15,"22":15,"23":1,"24":1,"25":1,"26":1,"27":1,"28":1,"29":295,"30":295,"31":11,"32":11},"b":{"1":[39,2],"2":[49,3],"3":[49,0],"4":[3,79]},"f":{"1":55,"2":41,"3":52,"4":362,"5":82,"6":27,"7":15,"8":1,"9":1,"10":295,"11":11},"fnMap":{"1":{"name":"","line":19,"loc":{"start":{"line":19,"column":4},"end":{"line":19,"column":29}}},"2":{"name":"sendEther","line":23,"loc":{"start":{"line":23,"column":4},"end":{"line":23,"column":96}}},"3":{"name":"","line":53,"loc":{"start":{"line":53,"column":4},"end":{"line":53,"column":29}}},"4":{"name":"initialize","line":65,"loc":{"start":{"line":65,"column":4},"end":{"line":70,"column":17}}},"5":{"name":"genericCall","line":87,"loc":{"start":{"line":87,"column":4},"end":{"line":90,"column":53}}},"6":{"name":"sendEther","line":105,"loc":{"start":{"line":105,"column":4},"end":{"line":105,"column":96}}},"7":{"name":"externalTokenTransfer","line":118,"loc":{"start":{"line":118,"column":4},"end":{"line":120,"column":5}}},"8":{"name":"externalTokenTransferFrom","line":134,"loc":{"start":{"line":134,"column":4},"end":{"line":141,"column":5}}},"9":{"name":"externalTokenApproval","line":155,"loc":{"start":{"line":155,"column":4},"end":{"line":157,"column":5}}},"10":{"name":"metaData","line":168,"loc":{"start":{"line":168,"column":4},"end":{"line":168,"column":79}}},"11":{"name":"setDBValue","line":179,"loc":{"start":{"line":179,"column":4},"end":{"line":179,"column":100}}}},"statementMap":{"1":{"start":{"line":20,"column":8},"end":{"line":20,"column":48}},"2":{"start":{"line":25,"column":8},"end":{"line":25,"column":59}},"3":{"start":{"line":26,"column":8},"end":{"line":26,"column":44}},"4":{"start":{"line":54,"column":8},"end":{"line":54,"column":2007}},"5":{"start":{"line":56,"column":12},"end":{"line":56,"column":71}},"6":{"start":{"line":57,"column":12},"end":{"line":57,"column":48}},"7":{"start":{"line":71,"column":8},"end":{"line":71,"column":25}},"8":{"start":{"line":72,"column":8},"end":{"line":72,"column":33}},"9":{"start":{"line":73,"column":8},"end":{"line":73,"column":43}},"10":{"start":{"line":74,"column":8},"end":{"line":74,"column":33}},"11":{"start":{"line":75,"column":8},"end":{"line":75,"column":26}},"12":{"start":{"line":76,"column":8},"end":{"line":76,"column":38}},"13":{"start":{"line":91,"column":8},"end":{"line":91,"column":3372}},"14":{"start":{"line":92,"column":12},"end":{"line":92,"column":49}},"15":{"start":{"line":95,"column":8},"end":{"line":95,"column":67}},"16":{"start":{"line":96,"column":8},"end":{"line":96,"column":59}},"17":{"start":{"line":106,"column":8},"end":{"line":106,"column":41}},"18":{"start":{"line":107,"column":8},"end":{"line":107,"column":41}},"19":{"start":{"line":108,"column":8},"end":{"line":108,"column":19}},"20":{"start":{"line":121,"column":8},"end":{"line":121,"column":47}},"21":{"start":{"line":122,"column":8},"end":{"line":122,"column":72}},"22":{"start":{"line":123,"column":8},"end":{"line":123,"column":19}},"23":{"start":{"line":142,"column":8},"end":{"line":142,"column":58}},"24":{"start":{"line":143,"column":8},"end":{"line":143,"column":83}},"25":{"start":{"line":144,"column":8},"end":{"line":144,"column":19}},"26":{"start":{"line":158,"column":8},"end":{"line":158,"column":51}},"27":{"start":{"line":159,"column":8},"end":{"line":159,"column":77}},"28":{"start":{"line":160,"column":8},"end":{"line":160,"column":19}},"29":{"start":{"line":169,"column":8},"end":{"line":169,"column":32}},"30":{"start":{"line":170,"column":8},"end":{"line":170,"column":19}},"31":{"start":{"line":180,"column":8},"end":{"line":180,"column":24}},"32":{"start":{"line":181,"column":8},"end":{"line":181,"column":19}}},"branchMap":{"1":{"line":26,"type":"if","locations":[{"start":{"line":26,"column":8},"end":{"line":26,"column":8}},{"start":{"line":26,"column":8},"end":{"line":26,"column":8}}]},"2":{"line":54,"type":"if","locations":[{"start":{"line":54,"column":8},"end":{"line":54,"column":8}},{"start":{"line":54,"column":8},"end":{"line":54,"column":8}}]},"3":{"line":57,"type":"if","locations":[{"start":{"line":57,"column":12},"end":{"line":57,"column":12}},{"start":{"line":57,"column":12},"end":{"line":57,"column":12}}]},"4":{"line":91,"type":"if","locations":[{"start":{"line":91,"column":8},"end":{"line":91,"column":8}},{"start":{"line":91,"column":8},"end":{"line":91,"column":8}}]}}},"contracts/controller/Controller.sol":{"l":{"59":302,"60":302,"61":302,"62":302,"63":302,"68":332,"70":332,"74":323,"76":323,"80":7,"82":7,"86":0,"88":0,"92":79,"94":79,"98":294,"100":294,"104":724,"105":724,"106":1,"110":724,"111":722,"112":0,"130":182,"131":182,"146":25,"147":25,"162":75,"163":75,"179":320,"185":320,"189":320,"193":320,"194":320,"195":320,"210":3,"211":0,"214":3,"218":3,"219":3,"220":3,"228":296,"229":0,"231":296,"232":296,"233":296,"246":5,"247":5,"249":5,"250":5,"251":5,"255":5,"257":3,"258":3,"259":3,"263":5,"264":5,"278":2,"279":2,"280":2,"281":2,"283":2,"285":2,"286":2,"287":2,"288":0,"289":0,"290":0,"292":2,"293":2,"294":2,"297":2,"299":1,"300":1,"301":1,"302":0,"303":0,"304":0,"306":1,"307":1,"308":1,"311":2,"312":2,"318":2,"332":0,"333":0,"334":0,"335":0,"336":0,"337":0,"338":0,"339":0,"341":0,"342":0,"343":0,"345":0,"346":0,"363":79,"378":26,"394":14,"417":0,"434":0,"446":10,"459":294,"463":35,"476":5,"484":6,"489":334},"path":"/Users/oren/daostack/arc/contracts/controller/Controller.sol","s":{"1":302,"2":302,"3":302,"4":302,"5":302,"6":332,"7":323,"8":7,"9":0,"10":79,"11":294,"12":724,"13":724,"14":1,"15":722,"16":0,"17":182,"18":182,"19":25,"20":25,"21":75,"22":75,"23":320,"24":320,"25":320,"26":320,"27":320,"28":320,"29":3,"30":0,"31":3,"32":3,"33":3,"34":296,"35":0,"36":296,"37":296,"38":5,"39":5,"40":5,"41":5,"42":5,"43":5,"44":3,"45":3,"46":3,"47":5,"48":5,"49":2,"50":2,"51":2,"52":2,"53":2,"54":2,"55":2,"56":2,"57":0,"58":0,"59":0,"60":2,"61":2,"62":1,"63":1,"64":1,"65":0,"66":0,"67":0,"68":1,"69":2,"70":2,"71":2,"72":0,"73":0,"74":0,"75":0,"76":0,"77":0,"78":0,"79":0,"80":0,"81":0,"82":0,"83":0,"84":0,"85":79,"86":26,"87":14,"88":0,"89":0,"90":10,"91":294,"92":35,"93":5,"94":6,"95":334},"b":{"1":[332,0],"2":[323,0],"3":[7,0],"4":[0,0],"5":[79,0],"6":[294,0],"7":[1,0],"8":[0,0],"9":[320,0],"10":[320,0],"11":[0,3],"12":[3,0],"13":[0,296],"14":[5,0],"15":[5,0],"16":[3,2],"17":[3,0],"18":[2,0],"19":[2,0],"20":[0,2],"21":[1,1],"22":[1,0],"23":[0,1],"24":[2,0],"25":[0,0],"26":[0,0],"27":[0,0],"28":[0,0],"29":[0,0],"30":[0,0],"31":[0,0]},"f":{"1":302,"2":332,"3":323,"4":7,"5":0,"6":79,"7":294,"8":724,"9":182,"10":25,"11":75,"12":320,"13":3,"14":296,"15":5,"16":2,"17":0,"18":79,"19":26,"20":14,"21":0,"22":0,"23":10,"24":294,"25":35,"26":5,"27":6,"28":334},"fnMap":{"1":{"name":"initialize","line":58,"loc":{"start":{"line":58,"column":4},"end":{"line":58,"column":83}}},"2":{"name":"onlyRegisteredScheme","line":67,"loc":{"start":{"line":67,"column":4},"end":{"line":67,"column":33}}},"3":{"name":"onlyRegisteringSchemes","line":73,"loc":{"start":{"line":73,"column":4},"end":{"line":73,"column":35}}},"4":{"name":"onlyGlobalConstraintsScheme","line":79,"loc":{"start":{"line":79,"column":4},"end":{"line":79,"column":40}}},"5":{"name":"onlyUpgradingScheme","line":85,"loc":{"start":{"line":85,"column":4},"end":{"line":85,"column":32}}},"6":{"name":"onlyGenericCallScheme","line":91,"loc":{"start":{"line":91,"column":4},"end":{"line":91,"column":34}}},"7":{"name":"onlyMetaDataScheme","line":97,"loc":{"start":{"line":97,"column":4},"end":{"line":97,"column":31}}},"8":{"name":"onlySubjectToConstraint","line":103,"loc":{"start":{"line":103,"column":4},"end":{"line":103,"column":48}}},"9":{"name":"mintReputation","line":124,"loc":{"start":{"line":124,"column":4},"end":{"line":129,"column":5}}},"10":{"name":"burnReputation","line":140,"loc":{"start":{"line":140,"column":4},"end":{"line":145,"column":5}}},"11":{"name":"mintTokens","line":156,"loc":{"start":{"line":156,"column":4},"end":{"line":161,"column":5}}},"12":{"name":"registerScheme","line":172,"loc":{"start":{"line":172,"column":4},"end":{"line":177,"column":5}}},"13":{"name":"unregisterScheme","line":203,"loc":{"start":{"line":203,"column":4},"end":{"line":208,"column":5}}},"14":{"name":"unregisterSelf","line":227,"loc":{"start":{"line":227,"column":4},"end":{"line":227,"column":50}}},"15":{"name":"addGlobalConstraint","line":241,"loc":{"start":{"line":241,"column":4},"end":{"line":245,"column":5}}},"16":{"name":"removeGlobalConstraint","line":273,"loc":{"start":{"line":273,"column":4},"end":{"line":277,"column":5}}},"17":{"name":"upgradeController","line":327,"loc":{"start":{"line":327,"column":4},"end":{"line":331,"column":5}}},"18":{"name":"genericCall","line":357,"loc":{"start":{"line":357,"column":4},"end":{"line":362,"column":5}}},"19":{"name":"sendEther","line":372,"loc":{"start":{"line":372,"column":4},"end":{"line":377,"column":5}}},"20":{"name":"externalTokenTransfer","line":388,"loc":{"start":{"line":388,"column":4},"end":{"line":393,"column":5}}},"21":{"name":"externalTokenTransferFrom","line":407,"loc":{"start":{"line":407,"column":4},"end":{"line":416,"column":5}}},"22":{"name":"externalTokenApproval","line":428,"loc":{"start":{"line":428,"column":4},"end":{"line":433,"column":5}}},"23":{"name":"setDBValue","line":443,"loc":{"start":{"line":443,"column":4},"end":{"line":445,"column":40}}},"24":{"name":"metaData","line":454,"loc":{"start":{"line":454,"column":4},"end":{"line":458,"column":9}}},"25":{"name":"isSchemeRegistered","line":462,"loc":{"start":{"line":462,"column":4},"end":{"line":462,"column":74}}},"26":{"name":"globalConstraintsCount","line":471,"loc":{"start":{"line":471,"column":4},"end":{"line":475,"column":9}}},"27":{"name":"isGlobalConstraintRegistered","line":479,"loc":{"start":{"line":479,"column":4},"end":{"line":483,"column":9}}},"28":{"name":"_isSchemeRegistered","line":488,"loc":{"start":{"line":488,"column":4},"end":{"line":488,"column":74}}}},"statementMap":{"1":{"start":{"line":59,"column":8},"end":{"line":59,"column":23}},"2":{"start":{"line":60,"column":8},"end":{"line":60,"column":41}},"3":{"start":{"line":61,"column":8},"end":{"line":61,"column":51}},"4":{"start":{"line":62,"column":8},"end":{"line":62,"column":61}},"5":{"start":{"line":63,"column":8},"end":{"line":63,"column":54}},"6":{"start":{"line":68,"column":8},"end":{"line":68,"column":3202}},"7":{"start":{"line":74,"column":8},"end":{"line":74,"column":3399}},"8":{"start":{"line":80,"column":8},"end":{"line":80,"column":3601}},"9":{"start":{"line":86,"column":8},"end":{"line":86,"column":3787}},"10":{"start":{"line":92,"column":8},"end":{"line":92,"column":3976}},"11":{"start":{"line":98,"column":8},"end":{"line":98,"column":4163}},"12":{"start":{"line":104,"column":8},"end":{"line":104,"column":19}},"13":{"start":{"line":105,"column":8},"end":{"line":105,"column":4355}},"14":{"start":{"line":106,"column":12},"end":{"line":106,"column":4486}},"15":{"start":{"line":111,"column":8},"end":{"line":111,"column":4602}},"16":{"start":{"line":112,"column":12},"end":{"line":112,"column":4735}},"17":{"start":{"line":130,"column":8},"end":{"line":130,"column":53}},"18":{"start":{"line":131,"column":8},"end":{"line":131,"column":50}},"19":{"start":{"line":146,"column":8},"end":{"line":146,"column":55}},"20":{"start":{"line":147,"column":8},"end":{"line":147,"column":52}},"21":{"start":{"line":162,"column":8},"end":{"line":162,"column":58}},"22":{"start":{"line":163,"column":8},"end":{"line":163,"column":54}},"23":{"start":{"line":179,"column":8},"end":{"line":179,"column":56}},"24":{"start":{"line":185,"column":8},"end":{"line":185,"column":7092}},"25":{"start":{"line":189,"column":8},"end":{"line":189,"column":7336}},"26":{"start":{"line":193,"column":8},"end":{"line":193,"column":68}},"27":{"start":{"line":194,"column":8},"end":{"line":194,"column":48}},"28":{"start":{"line":195,"column":8},"end":{"line":195,"column":19}},"29":{"start":{"line":210,"column":8},"end":{"line":210,"column":7969}},"30":{"start":{"line":211,"column":12},"end":{"line":211,"column":24}},"31":{"start":{"line":214,"column":8},"end":{"line":214,"column":8161}},"32":{"start":{"line":218,"column":8},"end":{"line":218,"column":50}},"33":{"start":{"line":220,"column":8},"end":{"line":220,"column":19}},"34":{"start":{"line":228,"column":8},"end":{"line":228,"column":8590}},"35":{"start":{"line":229,"column":12},"end":{"line":229,"column":24}},"36":{"start":{"line":232,"column":8},"end":{"line":232,"column":53}},"37":{"start":{"line":233,"column":8},"end":{"line":233,"column":19}},"38":{"start":{"line":246,"column":8},"end":{"line":246,"column":102}},"39":{"start":{"line":247,"column":8},"end":{"line":247,"column":9234}},"40":{"start":{"line":249,"column":12},"end":{"line":249,"column":9378}},"41":{"start":{"line":250,"column":16},"end":{"line":250,"column":59}},"42":{"start":{"line":251,"column":16},"end":{"line":251,"column":9589}},"43":{"start":{"line":255,"column":8},"end":{"line":255,"column":9682}},"44":{"start":{"line":257,"column":12},"end":{"line":257,"column":9827}},"45":{"start":{"line":258,"column":16},"end":{"line":258,"column":60}},"46":{"start":{"line":259,"column":16},"end":{"line":259,"column":10041}},"47":{"start":{"line":263,"column":8},"end":{"line":263,"column":57}},"48":{"start":{"line":264,"column":8},"end":{"line":264,"column":19}},"49":{"start":{"line":278,"column":8},"end":{"line":278,"column":64}},"50":{"start":{"line":279,"column":8},"end":{"line":279,"column":32}},"51":{"start":{"line":280,"column":8},"end":{"line":280,"column":102}},"52":{"start":{"line":281,"column":8},"end":{"line":281,"column":27}},"53":{"start":{"line":283,"column":8},"end":{"line":283,"column":10822}},"54":{"start":{"line":285,"column":12},"end":{"line":285,"column":85}},"55":{"start":{"line":286,"column":12},"end":{"line":286,"column":11054}},"56":{"start":{"line":287,"column":16},"end":{"line":287,"column":11119}},"57":{"start":{"line":288,"column":20},"end":{"line":288,"column":89}},"58":{"start":{"line":289,"column":20},"end":{"line":289,"column":90}},"59":{"start":{"line":290,"column":20},"end":{"line":290,"column":104}},"60":{"start":{"line":294,"column":16},"end":{"line":294,"column":28}},"61":{"start":{"line":297,"column":8},"end":{"line":297,"column":11673}},"62":{"start":{"line":299,"column":12},"end":{"line":299,"column":86}},"63":{"start":{"line":300,"column":12},"end":{"line":300,"column":11907}},"64":{"start":{"line":301,"column":16},"end":{"line":301,"column":11972}},"65":{"start":{"line":302,"column":20},"end":{"line":302,"column":91}},"66":{"start":{"line":303,"column":20},"end":{"line":303,"column":91}},"67":{"start":{"line":304,"column":20},"end":{"line":304,"column":105}},"68":{"start":{"line":308,"column":16},"end":{"line":308,"column":28}},"69":{"start":{"line":311,"column":8},"end":{"line":311,"column":12533}},"70":{"start":{"line":312,"column":12},"end":{"line":312,"column":12564}},"71":{"start":{"line":318,"column":8},"end":{"line":318,"column":21}},"72":{"start":{"line":332,"column":8},"end":{"line":332,"column":43}},"73":{"start":{"line":333,"column":8},"end":{"line":333,"column":44}},"74":{"start":{"line":334,"column":8},"end":{"line":334,"column":37}},"75":{"start":{"line":335,"column":8},"end":{"line":335,"column":47}},"76":{"start":{"line":336,"column":8},"end":{"line":336,"column":48}},"77":{"start":{"line":337,"column":8},"end":{"line":337,"column":13415}},"78":{"start":{"line":338,"column":12},"end":{"line":338,"column":56}},"79":{"start":{"line":339,"column":12},"end":{"line":339,"column":57}},"80":{"start":{"line":341,"column":8},"end":{"line":341,"column":13596}},"81":{"start":{"line":342,"column":12},"end":{"line":342,"column":61}},"82":{"start":{"line":343,"column":12},"end":{"line":343,"column":62}},"83":{"start":{"line":345,"column":8},"end":{"line":345,"column":60}},"84":{"start":{"line":346,"column":8},"end":{"line":346,"column":19}},"85":{"start":{"line":363,"column":8},"end":{"line":363,"column":59}},"86":{"start":{"line":378,"column":8},"end":{"line":378,"column":50}},"87":{"start":{"line":394,"column":8},"end":{"line":394,"column":72}},"88":{"start":{"line":417,"column":8},"end":{"line":417,"column":83}},"89":{"start":{"line":434,"column":8},"end":{"line":434,"column":77}},"90":{"start":{"line":446,"column":8},"end":{"line":446,"column":46}},"91":{"start":{"line":459,"column":8},"end":{"line":459,"column":41}},"92":{"start":{"line":463,"column":8},"end":{"line":463,"column":43}},"93":{"start":{"line":476,"column":8},"end":{"line":476,"column":74}},"94":{"start":{"line":484,"column":8},"end":{"line":484,"column":18439}},"95":{"start":{"line":489,"column":8},"end":{"line":489,"column":76}}},"branchMap":{"1":{"line":68,"type":"if","locations":[{"start":{"line":68,"column":8},"end":{"line":68,"column":8}},{"start":{"line":68,"column":8},"end":{"line":68,"column":8}}]},"2":{"line":74,"type":"if","locations":[{"start":{"line":74,"column":8},"end":{"line":74,"column":8}},{"start":{"line":74,"column":8},"end":{"line":74,"column":8}}]},"3":{"line":80,"type":"if","locations":[{"start":{"line":80,"column":8},"end":{"line":80,"column":8}},{"start":{"line":80,"column":8},"end":{"line":80,"column":8}}]},"4":{"line":86,"type":"if","locations":[{"start":{"line":86,"column":8},"end":{"line":86,"column":8}},{"start":{"line":86,"column":8},"end":{"line":86,"column":8}}]},"5":{"line":92,"type":"if","locations":[{"start":{"line":92,"column":8},"end":{"line":92,"column":8}},{"start":{"line":92,"column":8},"end":{"line":92,"column":8}}]},"6":{"line":98,"type":"if","locations":[{"start":{"line":98,"column":8},"end":{"line":98,"column":8}},{"start":{"line":98,"column":8},"end":{"line":98,"column":8}}]},"7":{"line":106,"type":"if","locations":[{"start":{"line":106,"column":12},"end":{"line":106,"column":12}},{"start":{"line":106,"column":12},"end":{"line":106,"column":12}}]},"8":{"line":112,"type":"if","locations":[{"start":{"line":112,"column":12},"end":{"line":112,"column":12}},{"start":{"line":112,"column":12},"end":{"line":112,"column":12}}]},"9":{"line":185,"type":"if","locations":[{"start":{"line":185,"column":8},"end":{"line":185,"column":8}},{"start":{"line":185,"column":8},"end":{"line":185,"column":8}}]},"10":{"line":189,"type":"if","locations":[{"start":{"line":189,"column":8},"end":{"line":189,"column":8}},{"start":{"line":189,"column":8},"end":{"line":189,"column":8}}]},"11":{"line":210,"type":"if","locations":[{"start":{"line":210,"column":8},"end":{"line":210,"column":8}},{"start":{"line":210,"column":8},"end":{"line":210,"column":8}}]},"12":{"line":214,"type":"if","locations":[{"start":{"line":214,"column":8},"end":{"line":214,"column":8}},{"start":{"line":214,"column":8},"end":{"line":214,"column":8}}]},"13":{"line":228,"type":"if","locations":[{"start":{"line":228,"column":8},"end":{"line":228,"column":8}},{"start":{"line":228,"column":8},"end":{"line":228,"column":8}}]},"14":{"line":247,"type":"if","locations":[{"start":{"line":247,"column":8},"end":{"line":247,"column":8}},{"start":{"line":247,"column":8},"end":{"line":247,"column":8}}]},"15":{"line":249,"type":"if","locations":[{"start":{"line":249,"column":12},"end":{"line":249,"column":12}},{"start":{"line":249,"column":12},"end":{"line":249,"column":12}}]},"16":{"line":255,"type":"if","locations":[{"start":{"line":255,"column":8},"end":{"line":255,"column":8}},{"start":{"line":255,"column":8},"end":{"line":255,"column":8}}]},"17":{"line":257,"type":"if","locations":[{"start":{"line":257,"column":12},"end":{"line":257,"column":12}},{"start":{"line":257,"column":12},"end":{"line":257,"column":12}}]},"18":{"line":283,"type":"if","locations":[{"start":{"line":283,"column":8},"end":{"line":283,"column":8}},{"start":{"line":283,"column":8},"end":{"line":283,"column":8}}]},"19":{"line":286,"type":"if","locations":[{"start":{"line":286,"column":12},"end":{"line":286,"column":12}},{"start":{"line":286,"column":12},"end":{"line":286,"column":12}}]},"20":{"line":287,"type":"if","locations":[{"start":{"line":287,"column":16},"end":{"line":287,"column":16}},{"start":{"line":287,"column":16},"end":{"line":287,"column":16}}]},"21":{"line":297,"type":"if","locations":[{"start":{"line":297,"column":8},"end":{"line":297,"column":8}},{"start":{"line":297,"column":8},"end":{"line":297,"column":8}}]},"22":{"line":300,"type":"if","locations":[{"start":{"line":300,"column":12},"end":{"line":300,"column":12}},{"start":{"line":300,"column":12},"end":{"line":300,"column":12}}]},"23":{"line":301,"type":"if","locations":[{"start":{"line":301,"column":16},"end":{"line":301,"column":16}},{"start":{"line":301,"column":16},"end":{"line":301,"column":16}}]},"24":{"line":311,"type":"if","locations":[{"start":{"line":311,"column":8},"end":{"line":311,"column":8}},{"start":{"line":311,"column":8},"end":{"line":311,"column":8}}]},"25":{"line":332,"type":"if","locations":[{"start":{"line":332,"column":8},"end":{"line":332,"column":8}},{"start":{"line":332,"column":8},"end":{"line":332,"column":8}}]},"26":{"line":333,"type":"if","locations":[{"start":{"line":333,"column":8},"end":{"line":333,"column":8}},{"start":{"line":333,"column":8},"end":{"line":333,"column":8}}]},"27":{"line":336,"type":"if","locations":[{"start":{"line":336,"column":8},"end":{"line":336,"column":8}},{"start":{"line":336,"column":8},"end":{"line":336,"column":8}}]},"28":{"line":337,"type":"if","locations":[{"start":{"line":337,"column":8},"end":{"line":337,"column":8}},{"start":{"line":337,"column":8},"end":{"line":337,"column":8}}]},"29":{"line":339,"type":"if","locations":[{"start":{"line":339,"column":12},"end":{"line":339,"column":12}},{"start":{"line":339,"column":12},"end":{"line":339,"column":12}}]},"30":{"line":341,"type":"if","locations":[{"start":{"line":341,"column":8},"end":{"line":341,"column":8}},{"start":{"line":341,"column":8},"end":{"line":341,"column":8}}]},"31":{"line":343,"type":"if","locations":[{"start":{"line":343,"column":12},"end":{"line":343,"column":12}},{"start":{"line":343,"column":12},"end":{"line":343,"column":12}}]}}},"contracts/controller/DAOToken.sol":{"l":{"30":353,"31":353,"32":353,"33":353,"42":379,"43":3,"45":377,"46":377},"path":"/Users/oren/daostack/arc/contracts/controller/DAOToken.sol","s":{"1":353,"2":353,"3":353,"4":353,"5":379,"6":3,"7":377,"8":377},"b":{"1":[3,376],"2":[1,2]},"f":{"1":353,"2":379},"fnMap":{"1":{"name":"initialize","line":27,"loc":{"start":{"line":27,"column":4},"end":{"line":29,"column":17}}},"2":{"name":"mint","line":41,"loc":{"start":{"line":41,"column":4},"end":{"line":41,"column":77}}}},"statementMap":{"1":{"start":{"line":30,"column":8},"end":{"line":30,"column":19}},"2":{"start":{"line":31,"column":8},"end":{"line":31,"column":23}},"3":{"start":{"line":32,"column":8},"end":{"line":32,"column":17}},"4":{"start":{"line":33,"column":8},"end":{"line":33,"column":33}},"5":{"start":{"line":42,"column":8},"end":{"line":42,"column":1379}},"6":{"start":{"line":43,"column":12},"end":{"line":43,"column":69}},"7":{"start":{"line":45,"column":8},"end":{"line":45,"column":26}},"8":{"start":{"line":46,"column":8},"end":{"line":46,"column":19}}},"branchMap":{"1":{"line":42,"type":"if","locations":[{"start":{"line":42,"column":8},"end":{"line":42,"column":8}},{"start":{"line":42,"column":8},"end":{"line":42,"column":8}}]},"2":{"line":43,"type":"if","locations":[{"start":{"line":43,"column":12},"end":{"line":43,"column":12}},{"start":{"line":43,"column":12},"end":{"line":43,"column":12}}]}}},"contracts/globalConstraints/GlobalConstraintInterface.sol":{"l":{},"path":"/Users/oren/daostack/arc/contracts/globalConstraints/GlobalConstraintInterface.sol","s":{},"b":{},"f":{},"fnMap":{},"statementMap":{},"branchMap":{}},"contracts/globalConstraints/TokenCapGC.sol":{"l":{"28":3,"40":0,"48":0,"50":0,"52":0,"60":0},"path":"/Users/oren/daostack/arc/contracts/globalConstraints/TokenCapGC.sol","s":{"1":3,"2":0,"3":0,"4":0,"5":0,"6":0},"b":{"1":[0,0]},"f":{"1":3,"2":0,"3":0,"4":0},"fnMap":{"1":{"name":"initialize","line":25,"loc":{"start":{"line":25,"column":4},"end":{"line":27,"column":17}}},"2":{"name":"pre","line":39,"loc":{"start":{"line":39,"column":4},"end":{"line":39,"column":58}}},"3":{"name":"post","line":47,"loc":{"start":{"line":47,"column":4},"end":{"line":47,"column":59}}},"4":{"name":"when","line":59,"loc":{"start":{"line":59,"column":4},"end":{"line":59,"column":74}}}},"statementMap":{"1":{"start":{"line":28,"column":8},"end":{"line":28,"column":793}},"2":{"start":{"line":40,"column":8},"end":{"line":40,"column":19}},"3":{"start":{"line":48,"column":8},"end":{"line":48,"column":1339}},"4":{"start":{"line":50,"column":12},"end":{"line":50,"column":24}},"5":{"start":{"line":52,"column":8},"end":{"line":52,"column":19}},"6":{"start":{"line":60,"column":8},"end":{"line":60,"column":55}}},"branchMap":{"1":{"line":48,"type":"if","locations":[{"start":{"line":48,"column":8},"end":{"line":48,"column":8}},{"start":{"line":48,"column":8},"end":{"line":48,"column":8}}]}}},"contracts/libs/Bytes32ToStr.sol":{"l":{"5":752,"6":752,"7":752,"8":752,"9":24064,"10":24064,"11":13084,"12":13084,"15":752,"16":752,"17":13084,"19":752},"path":"/Users/oren/daostack/arc/contracts/libs/Bytes32ToStr.sol","s":{"1":752,"2":752,"3":752,"4":752,"5":24064,"6":24064,"7":13084,"8":752,"9":752,"10":13084,"11":752},"b":{"1":[13084,10980]},"f":{"1":752},"fnMap":{"1":{"name":"toStr","line":4,"loc":{"start":{"line":4,"column":4},"end":{"line":4,"column":65}}}},"statementMap":{"1":{"start":{"line":5,"column":8},"end":{"line":5,"column":48}},"2":{"start":{"line":6,"column":8},"end":{"line":6,"column":26}},"3":{"start":{"line":7,"column":8},"end":{"line":7,"column":14}},"4":{"start":{"line":8,"column":8},"end":{"line":8,"column":230}},"5":{"start":{"line":9,"column":12},"end":{"line":9,"column":61}},"6":{"start":{"line":10,"column":12},"end":{"line":10,"column":336}},"7":{"start":{"line":11,"column":16},"end":{"line":11,"column":44}},"8":{"start":{"line":15,"column":8},"end":{"line":15,"column":62}},"9":{"start":{"line":16,"column":8},"end":{"line":16,"column":521}},"10":{"start":{"line":17,"column":12},"end":{"line":17,"column":49}},"11":{"start":{"line":19,"column":8},"end":{"line":19,"column":41}}},"branchMap":{"1":{"line":10,"type":"if","locations":[{"start":{"line":10,"column":12},"end":{"line":10,"column":12}},{"start":{"line":10,"column":12},"end":{"line":10,"column":12}}]}}},"contracts/libs/StringUtil.sol":{"l":{"8":33,"9":25,"11":8},"path":"/Users/oren/daostack/arc/contracts/libs/StringUtil.sol","s":{"1":33,"2":25,"3":8},"b":{"1":[25,8]},"f":{"1":33},"fnMap":{"1":{"name":"hashCompareWithLengthCheck","line":6,"loc":{"start":{"line":6,"column":4},"end":{"line":6,"column":102}}}},"statementMap":{"1":{"start":{"line":8,"column":8},"end":{"line":8,"column":174}},"2":{"start":{"line":9,"column":12},"end":{"line":9,"column":24}},"3":{"start":{"line":11,"column":12},"end":{"line":11,"column":85}}},"branchMap":{"1":{"line":8,"type":"if","locations":[{"start":{"line":8,"column":8},"end":{"line":8,"column":8}},{"start":{"line":8,"column":8},"end":{"line":8,"column":8}}]}}},"contracts/Migrations.sol":{"l":{"9":0,"10":0,"15":0,"19":0,"23":0,"24":0},"path":"/Users/oren/daostack/arc/contracts/Migrations.sol","s":{"1":0,"2":0,"3":0,"4":0,"5":0},"b":{"1":[0,0]},"f":{"1":0,"2":0,"3":0,"4":0},"fnMap":{"1":{"name":"restricted","line":8,"loc":{"start":{"line":8,"column":4},"end":{"line":8,"column":23}}},"2":{"name":"constructor","line":14,"loc":{"start":{"line":14,"column":4},"end":{"line":14,"column":22}}},"3":{"name":"setCompleted","line":18,"loc":{"start":{"line":18,"column":4},"end":{"line":18,"column":60}}},"4":{"name":"upgrade","line":22,"loc":{"start":{"line":22,"column":4},"end":{"line":22,"column":56}}}},"statementMap":{"1":{"start":{"line":9,"column":8},"end":{"line":9,"column":164}},"2":{"start":{"line":15,"column":8},"end":{"line":15,"column":25}},"3":{"start":{"line":19,"column":8},"end":{"line":19,"column":41}},"4":{"start":{"line":23,"column":8},"end":{"line":23,"column":52}},"5":{"start":{"line":24,"column":8},"end":{"line":24,"column":52}}},"branchMap":{"1":{"line":9,"type":"if","locations":[{"start":{"line":9,"column":8},"end":{"line":9,"column":8}},{"start":{"line":9,"column":8},"end":{"line":9,"column":8}}]}}},"contracts/schemes/Agreement.sol":{"l":{"13":142,"14":127,"23":6,"32":107,"33":105},"path":"/Users/oren/daostack/arc/contracts/schemes/Agreement.sol","s":{"1":142,"2":6,"3":107,"4":105},"b":{"1":[127,15],"2":[105,2]},"f":{"1":142,"2":6,"3":107},"fnMap":{"1":{"name":"onlyAgree","line":12,"loc":{"start":{"line":12,"column":4},"end":{"line":12,"column":44}}},"2":{"name":"getAgreementHash","line":21,"loc":{"start":{"line":21,"column":4},"end":{"line":22,"column":5}}},"3":{"name":"setAgreementHash","line":30,"loc":{"start":{"line":30,"column":4},"end":{"line":31,"column":5}}}},"statementMap":{"1":{"start":{"line":13,"column":8},"end":{"line":13,"column":91}},"2":{"start":{"line":23,"column":8},"end":{"line":23,"column":28}},"3":{"start":{"line":32,"column":8},"end":{"line":32,"column":74}},"4":{"start":{"line":33,"column":8},"end":{"line":33,"column":37}}},"branchMap":{"1":{"line":13,"type":"if","locations":[{"start":{"line":13,"column":8},"end":{"line":13,"column":8}},{"start":{"line":13,"column":8},"end":{"line":13,"column":8}}]},"2":{"line":32,"type":"if","locations":[{"start":{"line":32,"column":8},"end":{"line":32,"column":8}},{"start":{"line":32,"column":8},"end":{"line":32,"column":8}}]}}},"contracts/schemes/Auction4Reputation.sol":{"l":{"71":26,"72":26,"74":24,"75":22,"76":22,"77":22,"78":16,"79":16,"80":16,"81":16,"82":16,"83":16,"84":16,"85":16,"86":16,"97":16,"98":12,"99":12,"100":12,"101":10,"102":10,"103":10,"105":10,"106":10,"109":10,"123":20,"125":18,"127":16,"128":16,"130":16,"131":16,"132":14,"133":14,"134":14,"135":14,"144":3,"145":1,"146":1,"156":2},"path":"/Users/oren/daostack/arc/contracts/schemes/Auction4Reputation.sol","s":{"1":26,"2":26,"3":24,"4":22,"5":22,"6":22,"7":16,"8":16,"9":16,"10":16,"11":16,"12":16,"13":16,"14":16,"15":16,"16":16,"17":12,"18":12,"19":12,"20":10,"21":10,"22":10,"23":10,"24":10,"25":10,"26":20,"27":18,"28":16,"29":16,"30":16,"31":16,"32":14,"33":14,"34":14,"35":14,"36":3,"37":1,"38":1,"39":2},"b":{"1":[26,0],"2":[24,2],"3":[22,2],"4":[16,6],"5":[12,4],"6":[10,2],"7":[10,0],"8":[18,2],"9":[16,2],"10":[16,0],"11":[14,2],"12":[1,2]},"f":{"1":26,"2":16,"3":20,"4":3,"5":2},"fnMap":{"1":{"name":"initialize","line":58,"loc":{"start":{"line":58,"column":4},"end":{"line":70,"column":5}}},"2":{"name":"redeem","line":95,"loc":{"start":{"line":95,"column":4},"end":{"line":95,"column":94}}},"3":{"name":"bid","line":118,"loc":{"start":{"line":118,"column":4},"end":{"line":122,"column":5}}},"4":{"name":"transferToWallet","line":142,"loc":{"start":{"line":142,"column":4},"end":{"line":142,"column":36}}},"5":{"name":"getBid","line":155,"loc":{"start":{"line":155,"column":4},"end":{"line":155,"column":83}}}},"statementMap":{"1":{"start":{"line":71,"column":8},"end":{"line":71,"column":61}},"2":{"start":{"line":72,"column":8},"end":{"line":72,"column":74}},"3":{"start":{"line":74,"column":8},"end":{"line":74,"column":67}},"4":{"start":{"line":75,"column":8},"end":{"line":75,"column":37}},"5":{"start":{"line":76,"column":8},"end":{"line":76,"column":83}},"6":{"start":{"line":77,"column":8},"end":{"line":77,"column":92}},"7":{"start":{"line":78,"column":8},"end":{"line":78,"column":21}},"8":{"start":{"line":79,"column":8},"end":{"line":79,"column":23}},"9":{"start":{"line":80,"column":8},"end":{"line":80,"column":45}},"10":{"start":{"line":81,"column":8},"end":{"line":81,"column":43}},"11":{"start":{"line":82,"column":8},"end":{"line":82,"column":23}},"12":{"start":{"line":83,"column":8},"end":{"line":83,"column":57}},"13":{"start":{"line":84,"column":8},"end":{"line":84,"column":77}},"14":{"start":{"line":85,"column":8},"end":{"line":85,"column":43}},"15":{"start":{"line":86,"column":8},"end":{"line":86,"column":45}},"16":{"start":{"line":97,"column":8},"end":{"line":97,"column":64}},"17":{"start":{"line":98,"column":8},"end":{"line":98,"column":54}},"18":{"start":{"line":99,"column":8},"end":{"line":99,"column":48}},"19":{"start":{"line":100,"column":8},"end":{"line":100,"column":55}},"20":{"start":{"line":101,"column":8},"end":{"line":101,"column":37}},"21":{"start":{"line":102,"column":8},"end":{"line":102,"column":62}},"22":{"start":{"line":103,"column":8},"end":{"line":103,"column":53}},"23":{"start":{"line":105,"column":8},"end":{"line":105,"column":66}},"24":{"start":{"line":106,"column":8},"end":{"line":106,"column":4445}},"25":{"start":{"line":109,"column":8},"end":{"line":109,"column":57}},"26":{"start":{"line":123,"column":8},"end":{"line":123,"column":59}},"27":{"start":{"line":125,"column":8},"end":{"line":125,"column":92}},"28":{"start":{"line":127,"column":8},"end":{"line":127,"column":98}},"29":{"start":{"line":128,"column":8},"end":{"line":128,"column":65}},"30":{"start":{"line":130,"column":8},"end":{"line":130,"column":60}},"31":{"start":{"line":131,"column":8},"end":{"line":131,"column":64}},"32":{"start":{"line":132,"column":8},"end":{"line":132,"column":53}},"33":{"start":{"line":133,"column":8},"end":{"line":133,"column":55}},"34":{"start":{"line":134,"column":8},"end":{"line":134,"column":71}},"35":{"start":{"line":135,"column":8},"end":{"line":135,"column":48}},"36":{"start":{"line":144,"column":8},"end":{"line":144,"column":62}},"37":{"start":{"line":145,"column":8},"end":{"line":145,"column":61}},"38":{"start":{"line":146,"column":8},"end":{"line":146,"column":47}},"39":{"start":{"line":156,"column":8},"end":{"line":156,"column":49}}},"branchMap":{"1":{"line":71,"type":"if","locations":[{"start":{"line":71,"column":8},"end":{"line":71,"column":8}},{"start":{"line":71,"column":8},"end":{"line":71,"column":8}}]},"2":{"line":72,"type":"if","locations":[{"start":{"line":72,"column":8},"end":{"line":72,"column":8}},{"start":{"line":72,"column":8},"end":{"line":72,"column":8}}]},"3":{"line":74,"type":"if","locations":[{"start":{"line":74,"column":8},"end":{"line":74,"column":8}},{"start":{"line":74,"column":8},"end":{"line":74,"column":8}}]},"4":{"line":77,"type":"if","locations":[{"start":{"line":77,"column":8},"end":{"line":77,"column":8}},{"start":{"line":77,"column":8},"end":{"line":77,"column":8}}]},"5":{"line":97,"type":"if","locations":[{"start":{"line":97,"column":8},"end":{"line":97,"column":8}},{"start":{"line":97,"column":8},"end":{"line":97,"column":8}}]},"6":{"line":100,"type":"if","locations":[{"start":{"line":100,"column":8},"end":{"line":100,"column":8}},{"start":{"line":100,"column":8},"end":{"line":100,"column":8}}]},"7":{"line":106,"type":"if","locations":[{"start":{"line":106,"column":8},"end":{"line":106,"column":8}},{"start":{"line":106,"column":8},"end":{"line":106,"column":8}}]},"8":{"line":123,"type":"if","locations":[{"start":{"line":123,"column":8},"end":{"line":123,"column":8}},{"start":{"line":123,"column":8},"end":{"line":123,"column":8}}]},"9":{"line":125,"type":"if","locations":[{"start":{"line":125,"column":8},"end":{"line":125,"column":8}},{"start":{"line":125,"column":8},"end":{"line":125,"column":8}}]},"10":{"line":127,"type":"if","locations":[{"start":{"line":127,"column":8},"end":{"line":127,"column":8}},{"start":{"line":127,"column":8},"end":{"line":127,"column":8}}]},"11":{"line":131,"type":"if","locations":[{"start":{"line":131,"column":8},"end":{"line":131,"column":8}},{"start":{"line":131,"column":8},"end":{"line":131,"column":8}}]},"12":{"line":144,"type":"if","locations":[{"start":{"line":144,"column":8},"end":{"line":144,"column":8}},{"start":{"line":144,"column":8},"end":{"line":144,"column":8}}]}}},"contracts/schemes/CommonInterface.sol":{"l":{},"path":"/Users/oren/daostack/arc/contracts/schemes/CommonInterface.sol","s":{},"b":{},"f":{},"fnMap":{},"statementMap":{},"branchMap":{}},"contracts/schemes/Competition.sol":{"l":{"91":15,"92":15,"130":27,"131":27,"132":27,"134":0,"137":27,"138":27,"139":25,"140":23,"141":21,"142":19,"144":19,"145":19,"146":19,"148":19,"149":17,"150":17,"151":65,"153":17,"154":15,"156":15,"157":15,"158":15,"159":15,"160":15,"161":15,"162":15,"163":15,"164":15,"165":15,"166":15,"167":15,"168":15,"169":1,"171":15,"200":73,"201":3,"204":71,"206":69,"207":65,"208":65,"209":65,"210":65,"211":64,"213":1,"215":65,"216":65,"217":65,"229":33,"230":33,"231":31,"232":29,"233":29,"234":29,"235":29,"237":29,"238":29,"239":29,"240":27,"242":25,"243":25,"244":3,"247":25,"248":25,"249":25,"250":25,"251":25,"252":25,"262":31,"263":29,"264":29,"265":8,"266":8,"276":3,"277":3,"278":3,"279":3,"280":3,"281":9,"284":1,"290":1,"292":1,"295":1,"298":1,"307":12,"308":12,"309":12,"310":12,"312":12,"313":8,"314":8,"316":8,"317":8,"318":8,"319":8,"320":8,"321":8,"322":8,"324":8,"325":8,"327":8,"328":8,"329":8,"332":5,"333":8,"335":5,"338":8,"339":8,"340":8,"343":8,"344":8,"347":8,"348":8,"351":8,"352":8,"354":8,"367":17,"368":17,"369":15,"371":15,"372":45,"373":20,"387":25,"388":25,"389":25,"390":25,"391":23,"392":23,"393":3,"396":20,"399":2,"400":2,"401":8,"403":4,"406":0,"410":2,"411":0},"path":"/Users/oren/daostack/arc/contracts/schemes/Competition.sol","s":{"1":15,"2":15,"3":27,"4":27,"5":27,"6":0,"7":27,"8":27,"9":25,"10":23,"11":21,"12":19,"13":19,"14":19,"15":19,"16":19,"17":17,"18":17,"19":65,"20":17,"21":15,"22":15,"23":15,"24":15,"25":15,"26":15,"27":15,"28":15,"29":15,"30":15,"31":15,"32":15,"33":15,"34":15,"35":1,"36":15,"37":73,"38":3,"39":71,"40":69,"41":65,"42":65,"43":65,"44":65,"45":64,"46":1,"47":65,"48":65,"49":65,"50":33,"51":33,"52":31,"53":29,"54":29,"55":29,"56":29,"57":29,"58":29,"59":29,"60":27,"61":25,"62":25,"63":3,"64":25,"65":25,"66":25,"67":25,"68":25,"69":25,"70":31,"71":29,"72":29,"73":8,"74":8,"75":3,"76":3,"77":3,"78":3,"79":3,"80":9,"81":1,"82":1,"83":1,"84":1,"85":1,"86":12,"87":12,"88":12,"89":12,"90":12,"91":8,"92":8,"93":8,"94":8,"95":8,"96":8,"97":8,"98":8,"99":8,"100":8,"101":8,"102":8,"103":8,"104":8,"105":5,"106":8,"107":5,"108":8,"109":8,"110":8,"111":8,"112":8,"113":8,"114":8,"115":8,"116":8,"117":8,"118":17,"119":17,"120":15,"121":15,"122":45,"123":25,"124":25,"125":25,"126":25,"127":23,"128":23,"129":3,"130":20,"131":2,"132":2,"133":8,"134":4,"135":4,"136":0,"137":2,"138":0},"b":{"1":[15,0],"2":[0,27],"3":[27,0],"4":[25,2],"5":[23,2],"6":[21,2],"7":[19,2],"8":[19,0],"9":[19,0],"10":[19,0],"11":[19,0],"12":[17,2],"13":[15,2],"14":[1,14],"15":[3,70],"16":[1,2],"17":[69,2],"18":[65,4],"19":[64,1],"20":[31,2],"21":[29,0],"22":[29,0],"23":[27,2],"24":[25,2],"25":[3,22],"26":[29,2],"27":[29,0],"28":[8,21],"29":[3,0],"30":[3,0],"31":[3,0],"32":[7,2],"33":[12,0],"34":[12,0],"35":[8,4],"36":[8,0],"37":[8,0],"38":[8,0],"39":[5,3],"40":[15,2],"41":[20,25],"42":[23,2],"43":[3,20],"44":[4,4],"45":[0,4],"46":[0,2]},"f":{"1":15,"2":27,"3":73,"4":33,"5":31,"6":3,"7":12,"8":17,"9":25},"fnMap":{"1":{"name":"initialize","line":90,"loc":{"start":{"line":90,"column":4},"end":{"line":90,"column":82}}},"2":{"name":"proposeCompetition","line":118,"loc":{"start":{"line":118,"column":4},"end":{"line":129,"column":33}}},"3":{"name":"suggest","line":192,"loc":{"start":{"line":192,"column":4},"end":{"line":199,"column":5}}},"4":{"name":"vote","line":225,"loc":{"start":{"line":225,"column":4},"end":{"line":228,"column":5}}},"5":{"name":"setSnapshotBlock","line":260,"loc":{"start":{"line":260,"column":4},"end":{"line":260,"column":55}}},"6":{"name":"sendLeftOverFunds","line":274,"loc":{"start":{"line":274,"column":4},"end":{"line":274,"column":56}}},"7":{"name":"redeem","line":306,"loc":{"start":{"line":306,"column":4},"end":{"line":306,"column":47}}},"8":{"name":"getOrderedIndexOfSuggestion","line":363,"loc":{"start":{"line":363,"column":4},"end":{"line":366,"column":28}}},"9":{"name":"refreshTopSuggestions","line":386,"loc":{"start":{"line":386,"column":4},"end":{"line":386,"column":84}}}},"statementMap":{"1":{"start":{"line":91,"column":8},"end":{"line":91,"column":92}},"2":{"start":{"line":92,"column":8},"end":{"line":92,"column":53}},"3":{"start":{"line":130,"column":8},"end":{"line":130,"column":53}},"4":{"start":{"line":131,"column":8},"end":{"line":131,"column":49}},"5":{"start":{"line":132,"column":8},"end":{"line":132,"column":4801}},"6":{"start":{"line":134,"column":12},"end":{"line":134,"column":26}},"7":{"start":{"line":137,"column":8},"end":{"line":137,"column":83}},"8":{"start":{"line":138,"column":8},"end":{"line":138,"column":102}},"9":{"start":{"line":139,"column":8},"end":{"line":139,"column":104}},"10":{"start":{"line":140,"column":8},"end":{"line":140,"column":95}},"11":{"start":{"line":141,"column":8},"end":{"line":141,"column":94}},"12":{"start":{"line":142,"column":8},"end":{"line":142,"column":5534}},"13":{"start":{"line":144,"column":8},"end":{"line":144,"column":112}},"14":{"start":{"line":145,"column":8},"end":{"line":145,"column":5724}},"15":{"start":{"line":146,"column":12},"end":{"line":146,"column":78}},"16":{"start":{"line":148,"column":8},"end":{"line":148,"column":101}},"17":{"start":{"line":149,"column":8},"end":{"line":149,"column":32}},"18":{"start":{"line":150,"column":8},"end":{"line":150,"column":5984}},"19":{"start":{"line":151,"column":12},"end":{"line":151,"column":67}},"20":{"start":{"line":153,"column":8},"end":{"line":153,"column":74}},"21":{"start":{"line":154,"column":8},"end":{"line":154,"column":6301}},"22":{"start":{"line":156,"column":8},"end":{"line":156,"column":62}},"23":{"start":{"line":157,"column":8},"end":{"line":157,"column":55}},"24":{"start":{"line":158,"column":8},"end":{"line":158,"column":50}},"25":{"start":{"line":159,"column":8},"end":{"line":159,"column":68}},"26":{"start":{"line":160,"column":8},"end":{"line":160,"column":60}},"27":{"start":{"line":161,"column":8},"end":{"line":161,"column":77}},"28":{"start":{"line":162,"column":8},"end":{"line":162,"column":71}},"29":{"start":{"line":163,"column":8},"end":{"line":163,"column":74}},"30":{"start":{"line":164,"column":8},"end":{"line":164,"column":60}},"31":{"start":{"line":165,"column":8},"end":{"line":165,"column":52}},"32":{"start":{"line":166,"column":8},"end":{"line":166,"column":62}},"33":{"start":{"line":167,"column":8},"end":{"line":167,"column":46}},"34":{"start":{"line":168,"column":8},"end":{"line":168,"column":7178}},"35":{"start":{"line":169,"column":12},"end":{"line":169,"column":51}},"36":{"start":{"line":171,"column":8},"end":{"line":171,"column":7275}},"37":{"start":{"line":200,"column":8},"end":{"line":200,"column":8227}},"38":{"start":{"line":201,"column":12},"end":{"line":201,"column":88}},"39":{"start":{"line":204,"column":8},"end":{"line":204,"column":86}},"40":{"start":{"line":206,"column":8},"end":{"line":206,"column":102}},"41":{"start":{"line":207,"column":8},"end":{"line":207,"column":53}},"42":{"start":{"line":208,"column":8},"end":{"line":208,"column":63}},"43":{"start":{"line":209,"column":8},"end":{"line":209,"column":35}},"44":{"start":{"line":210,"column":8},"end":{"line":210,"column":8847}},"45":{"start":{"line":211,"column":12},"end":{"line":211,"column":35}},"46":{"start":{"line":213,"column":12},"end":{"line":213,"column":37}},"47":{"start":{"line":215,"column":8},"end":{"line":215,"column":64}},"48":{"start":{"line":216,"column":8},"end":{"line":216,"column":90}},"49":{"start":{"line":217,"column":8},"end":{"line":217,"column":33}},"50":{"start":{"line":229,"column":8},"end":{"line":229,"column":66}},"51":{"start":{"line":230,"column":8},"end":{"line":230,"column":69}},"52":{"start":{"line":231,"column":8},"end":{"line":231,"column":35}},"53":{"start":{"line":232,"column":8},"end":{"line":232,"column":77}},"54":{"start":{"line":233,"column":8},"end":{"line":233,"column":115}},"55":{"start":{"line":234,"column":8},"end":{"line":234,"column":81}},"56":{"start":{"line":235,"column":8},"end":{"line":235,"column":57}},"57":{"start":{"line":237,"column":8},"end":{"line":237,"column":59}},"58":{"start":{"line":238,"column":8},"end":{"line":238,"column":66}},"59":{"start":{"line":239,"column":8},"end":{"line":239,"column":85}},"60":{"start":{"line":240,"column":8},"end":{"line":240,"column":10200}},"61":{"start":{"line":242,"column":8},"end":{"line":242,"column":85}},"62":{"start":{"line":243,"column":8},"end":{"line":243,"column":10387}},"63":{"start":{"line":244,"column":12},"end":{"line":244,"column":10492}},"64":{"start":{"line":247,"column":8},"end":{"line":247,"column":68}},"65":{"start":{"line":248,"column":8},"end":{"line":248,"column":117}},"66":{"start":{"line":249,"column":8},"end":{"line":249,"column":48}},"67":{"start":{"line":250,"column":8},"end":{"line":250,"column":55}},"68":{"start":{"line":251,"column":8},"end":{"line":251,"column":71}},"69":{"start":{"line":252,"column":8},"end":{"line":252,"column":19}},"70":{"start":{"line":262,"column":8},"end":{"line":262,"column":93}},"71":{"start":{"line":263,"column":8},"end":{"line":263,"column":94}},"72":{"start":{"line":264,"column":8},"end":{"line":264,"column":11516}},"73":{"start":{"line":265,"column":12},"end":{"line":265,"column":62}},"74":{"start":{"line":266,"column":12},"end":{"line":266,"column":57}},"75":{"start":{"line":276,"column":8},"end":{"line":276,"column":79}},"76":{"start":{"line":277,"column":8},"end":{"line":277,"column":94}},"77":{"start":{"line":278,"column":8},"end":{"line":278,"column":63}},"78":{"start":{"line":279,"column":8},"end":{"line":279,"column":79}},"79":{"start":{"line":280,"column":8},"end":{"line":280,"column":12276}},"80":{"start":{"line":281,"column":12},"end":{"line":281,"column":116}},"81":{"start":{"line":284,"column":8},"end":{"line":284,"column":12549}},"82":{"start":{"line":290,"column":8},"end":{"line":290,"column":77}},"83":{"start":{"line":292,"column":8},"end":{"line":292,"column":12828}},"84":{"start":{"line":295,"column":8},"end":{"line":295,"column":12975}},"85":{"start":{"line":298,"column":8},"end":{"line":298,"column":13114}},"86":{"start":{"line":307,"column":8},"end":{"line":307,"column":66}},"87":{"start":{"line":308,"column":8},"end":{"line":308,"column":62}},"88":{"start":{"line":309,"column":8},"end":{"line":309,"column":57}},"89":{"start":{"line":310,"column":8},"end":{"line":310,"column":57}},"90":{"start":{"line":312,"column":8},"end":{"line":312,"column":65}},"91":{"start":{"line":313,"column":8},"end":{"line":313,"column":80}},"92":{"start":{"line":314,"column":8},"end":{"line":314,"column":13857}},"93":{"start":{"line":316,"column":8},"end":{"line":316,"column":76}},"94":{"start":{"line":317,"column":8},"end":{"line":317,"column":71}},"95":{"start":{"line":318,"column":8},"end":{"line":318,"column":96}},"96":{"start":{"line":319,"column":8},"end":{"line":319,"column":58}},"97":{"start":{"line":320,"column":8},"end":{"line":320,"column":36}},"98":{"start":{"line":321,"column":8},"end":{"line":321,"column":107}},"99":{"start":{"line":322,"column":8},"end":{"line":322,"column":17}},"100":{"start":{"line":324,"column":8},"end":{"line":324,"column":14472}},"101":{"start":{"line":325,"column":12},"end":{"line":325,"column":75}},"102":{"start":{"line":327,"column":8},"end":{"line":327,"column":70}},"103":{"start":{"line":328,"column":8},"end":{"line":328,"column":40}},"104":{"start":{"line":329,"column":8},"end":{"line":329,"column":14784}},"105":{"start":{"line":332,"column":12},"end":{"line":332,"column":15019}},"106":{"start":{"line":333,"column":16},"end":{"line":333,"column":87}},"107":{"start":{"line":335,"column":12},"end":{"line":335,"column":15290}},"108":{"start":{"line":338,"column":8},"end":{"line":338,"column":22}},"109":{"start":{"line":339,"column":8},"end":{"line":339,"column":75}},"110":{"start":{"line":340,"column":8},"end":{"line":340,"column":15471}},"111":{"start":{"line":343,"column":8},"end":{"line":343,"column":72}},"112":{"start":{"line":344,"column":8},"end":{"line":344,"column":15673}},"113":{"start":{"line":347,"column":8},"end":{"line":347,"column":65}},"114":{"start":{"line":348,"column":8},"end":{"line":348,"column":15865}},"115":{"start":{"line":351,"column":8},"end":{"line":351,"column":73}},"116":{"start":{"line":352,"column":8},"end":{"line":352,"column":16060}},"117":{"start":{"line":354,"column":8},"end":{"line":354,"column":64}},"118":{"start":{"line":367,"column":8},"end":{"line":367,"column":66}},"119":{"start":{"line":368,"column":8},"end":{"line":368,"column":69}},"120":{"start":{"line":369,"column":8},"end":{"line":369,"column":78}},"121":{"start":{"line":371,"column":8},"end":{"line":371,"column":16903}},"122":{"start":{"line":372,"column":12},"end":{"line":372,"column":16973}},"123":{"start":{"line":387,"column":8},"end":{"line":387,"column":80}},"124":{"start":{"line":388,"column":8},"end":{"line":388,"column":60}},"125":{"start":{"line":389,"column":8},"end":{"line":389,"column":17}},"126":{"start":{"line":390,"column":8},"end":{"line":390,"column":17720}},"127":{"start":{"line":391,"column":12},"end":{"line":391,"column":17805}},"128":{"start":{"line":392,"column":16},"end":{"line":392,"column":17870}},"129":{"start":{"line":393,"column":20},"end":{"line":393,"column":26}},"130":{"start":{"line":396,"column":12},"end":{"line":396,"column":45}},"131":{"start":{"line":399,"column":12},"end":{"line":399,"column":32}},"132":{"start":{"line":400,"column":12},"end":{"line":400,"column":18134}},"133":{"start":{"line":401,"column":16},"end":{"line":401,"column":18217}},"134":{"start":{"line":403,"column":20},"end":{"line":403,"column":31}},"135":{"start":{"line":404,"column":23},"end":{"line":404,"column":18394}},"136":{"start":{"line":406,"column":20},"end":{"line":406,"column":26}},"137":{"start":{"line":410,"column":12},"end":{"line":410,"column":18578}},"138":{"start":{"line":411,"column":16},"end":{"line":411,"column":55}}},"branchMap":{"1":{"line":91,"type":"if","locations":[{"start":{"line":91,"column":8},"end":{"line":91,"column":8}},{"start":{"line":91,"column":8},"end":{"line":91,"column":8}}]},"2":{"line":132,"type":"if","locations":[{"start":{"line":132,"column":8},"end":{"line":132,"column":8}},{"start":{"line":132,"column":8},"end":{"line":132,"column":8}}]},"3":{"line":137,"type":"if","locations":[{"start":{"line":137,"column":8},"end":{"line":137,"column":8}},{"start":{"line":137,"column":8},"end":{"line":137,"column":8}}]},"4":{"line":138,"type":"if","locations":[{"start":{"line":138,"column":8},"end":{"line":138,"column":8}},{"start":{"line":138,"column":8},"end":{"line":138,"column":8}}]},"5":{"line":139,"type":"if","locations":[{"start":{"line":139,"column":8},"end":{"line":139,"column":8}},{"start":{"line":139,"column":8},"end":{"line":139,"column":8}}]},"6":{"line":140,"type":"if","locations":[{"start":{"line":140,"column":8},"end":{"line":140,"column":8}},{"start":{"line":140,"column":8},"end":{"line":140,"column":8}}]},"7":{"line":141,"type":"if","locations":[{"start":{"line":141,"column":8},"end":{"line":141,"column":8}},{"start":{"line":141,"column":8},"end":{"line":141,"column":8}}]},"8":{"line":142,"type":"if","locations":[{"start":{"line":142,"column":8},"end":{"line":142,"column":8}},{"start":{"line":142,"column":8},"end":{"line":142,"column":8}}]},"9":{"line":144,"type":"if","locations":[{"start":{"line":144,"column":8},"end":{"line":144,"column":8}},{"start":{"line":144,"column":8},"end":{"line":144,"column":8}}]},"10":{"line":145,"type":"if","locations":[{"start":{"line":145,"column":8},"end":{"line":145,"column":8}},{"start":{"line":145,"column":8},"end":{"line":145,"column":8}}]},"11":{"line":146,"type":"if","locations":[{"start":{"line":146,"column":12},"end":{"line":146,"column":12}},{"start":{"line":146,"column":12},"end":{"line":146,"column":12}}]},"12":{"line":148,"type":"if","locations":[{"start":{"line":148,"column":8},"end":{"line":148,"column":8}},{"start":{"line":148,"column":8},"end":{"line":148,"column":8}}]},"13":{"line":153,"type":"if","locations":[{"start":{"line":153,"column":8},"end":{"line":153,"column":8}},{"start":{"line":153,"column":8},"end":{"line":153,"column":8}}]},"14":{"line":168,"type":"if","locations":[{"start":{"line":168,"column":8},"end":{"line":168,"column":8}},{"start":{"line":168,"column":8},"end":{"line":168,"column":8}}]},"15":{"line":200,"type":"if","locations":[{"start":{"line":200,"column":8},"end":{"line":200,"column":8}},{"start":{"line":200,"column":8},"end":{"line":200,"column":8}}]},"16":{"line":201,"type":"if","locations":[{"start":{"line":201,"column":12},"end":{"line":201,"column":12}},{"start":{"line":201,"column":12},"end":{"line":201,"column":12}}]},"17":{"line":204,"type":"if","locations":[{"start":{"line":204,"column":8},"end":{"line":204,"column":8}},{"start":{"line":204,"column":8},"end":{"line":204,"column":8}}]},"18":{"line":206,"type":"if","locations":[{"start":{"line":206,"column":8},"end":{"line":206,"column":8}},{"start":{"line":206,"column":8},"end":{"line":206,"column":8}}]},"19":{"line":210,"type":"if","locations":[{"start":{"line":210,"column":8},"end":{"line":210,"column":8}},{"start":{"line":210,"column":8},"end":{"line":210,"column":8}}]},"20":{"line":230,"type":"if","locations":[{"start":{"line":230,"column":8},"end":{"line":230,"column":8}},{"start":{"line":230,"column":8},"end":{"line":230,"column":8}}]},"21":{"line":234,"type":"if","locations":[{"start":{"line":234,"column":8},"end":{"line":234,"column":8}},{"start":{"line":234,"column":8},"end":{"line":234,"column":8}}]},"22":{"line":237,"type":"if","locations":[{"start":{"line":237,"column":8},"end":{"line":237,"column":8}},{"start":{"line":237,"column":8},"end":{"line":237,"column":8}}]},"23":{"line":239,"type":"if","locations":[{"start":{"line":239,"column":8},"end":{"line":239,"column":8}},{"start":{"line":239,"column":8},"end":{"line":239,"column":8}}]},"24":{"line":240,"type":"if","locations":[{"start":{"line":240,"column":8},"end":{"line":240,"column":8}},{"start":{"line":240,"column":8},"end":{"line":240,"column":8}}]},"25":{"line":243,"type":"if","locations":[{"start":{"line":243,"column":8},"end":{"line":243,"column":8}},{"start":{"line":243,"column":8},"end":{"line":243,"column":8}}]},"26":{"line":262,"type":"if","locations":[{"start":{"line":262,"column":8},"end":{"line":262,"column":8}},{"start":{"line":262,"column":8},"end":{"line":262,"column":8}}]},"27":{"line":263,"type":"if","locations":[{"start":{"line":263,"column":8},"end":{"line":263,"column":8}},{"start":{"line":263,"column":8},"end":{"line":263,"column":8}}]},"28":{"line":264,"type":"if","locations":[{"start":{"line":264,"column":8},"end":{"line":264,"column":8}},{"start":{"line":264,"column":8},"end":{"line":264,"column":8}}]},"29":{"line":276,"type":"if","locations":[{"start":{"line":276,"column":8},"end":{"line":276,"column":8}},{"start":{"line":276,"column":8},"end":{"line":276,"column":8}}]},"30":{"line":277,"type":"if","locations":[{"start":{"line":277,"column":8},"end":{"line":277,"column":8}},{"start":{"line":277,"column":8},"end":{"line":277,"column":8}}]},"31":{"line":278,"type":"if","locations":[{"start":{"line":278,"column":8},"end":{"line":278,"column":8}},{"start":{"line":278,"column":8},"end":{"line":278,"column":8}}]},"32":{"line":281,"type":"if","locations":[{"start":{"line":281,"column":12},"end":{"line":281,"column":12}},{"start":{"line":281,"column":12},"end":{"line":281,"column":12}}]},"33":{"line":308,"type":"if","locations":[{"start":{"line":308,"column":8},"end":{"line":308,"column":8}},{"start":{"line":308,"column":8},"end":{"line":308,"column":8}}]},"34":{"line":310,"type":"if","locations":[{"start":{"line":310,"column":8},"end":{"line":310,"column":8}},{"start":{"line":310,"column":8},"end":{"line":310,"column":8}}]},"35":{"line":312,"type":"if","locations":[{"start":{"line":312,"column":8},"end":{"line":312,"column":8}},{"start":{"line":312,"column":8},"end":{"line":312,"column":8}}]},"36":{"line":313,"type":"if","locations":[{"start":{"line":313,"column":8},"end":{"line":313,"column":8}},{"start":{"line":313,"column":8},"end":{"line":313,"column":8}}]},"37":{"line":314,"type":"if","locations":[{"start":{"line":314,"column":8},"end":{"line":314,"column":8}},{"start":{"line":314,"column":8},"end":{"line":314,"column":8}}]},"38":{"line":318,"type":"if","locations":[{"start":{"line":318,"column":8},"end":{"line":318,"column":8}},{"start":{"line":318,"column":8},"end":{"line":318,"column":8}}]},"39":{"line":329,"type":"if","locations":[{"start":{"line":329,"column":8},"end":{"line":329,"column":8}},{"start":{"line":329,"column":8},"end":{"line":329,"column":8}}]},"40":{"line":368,"type":"if","locations":[{"start":{"line":368,"column":8},"end":{"line":368,"column":8}},{"start":{"line":368,"column":8},"end":{"line":368,"column":8}}]},"41":{"line":372,"type":"if","locations":[{"start":{"line":372,"column":12},"end":{"line":372,"column":12}},{"start":{"line":372,"column":12},"end":{"line":372,"column":12}}]},"42":{"line":390,"type":"if","locations":[{"start":{"line":390,"column":8},"end":{"line":390,"column":8}},{"start":{"line":390,"column":8},"end":{"line":390,"column":8}}]},"43":{"line":392,"type":"if","locations":[{"start":{"line":392,"column":16},"end":{"line":392,"column":16}},{"start":{"line":392,"column":16},"end":{"line":392,"column":16}}]},"44":{"line":401,"type":"if","locations":[{"start":{"line":401,"column":16},"end":{"line":401,"column":16}},{"start":{"line":401,"column":16},"end":{"line":401,"column":16}}]},"45":{"line":404,"type":"if","locations":[{"start":{"line":404,"column":23},"end":{"line":404,"column":23}},{"start":{"line":404,"column":23},"end":{"line":404,"column":23}}]},"46":{"line":410,"type":"if","locations":[{"start":{"line":410,"column":12},"end":{"line":410,"column":12}},{"start":{"line":410,"column":12},"end":{"line":410,"column":12}}]}}},"contracts/schemes/ContinuousLockingToken4Reputation.sol":{"l":{"98":29,"100":29,"101":27,"103":27,"105":23,"106":23,"107":23,"108":23,"109":23,"110":23,"111":23,"112":23,"113":23,"114":23,"115":23,"116":23,"117":23,"118":23,"129":16,"130":14,"131":14,"132":14,"134":14,"135":14,"136":14,"137":149,"138":149,"139":149,"140":144,"141":144,"142":144,"143":144,"144":144,"145":144,"148":14,"149":14,"151":12,"152":12,"170":27,"172":23,"173":23,"174":23,"175":23,"177":21,"178":21,"180":21,"181":21,"182":21,"184":21,"186":21,"188":21,"189":21,"192":19,"193":107,"194":107,"195":107,"196":107,"199":19,"200":19,"217":13,"218":13,"220":11,"222":11,"223":11,"224":9,"225":9,"228":9,"229":9,"231":9,"232":100,"233":100,"234":100,"235":100,"237":9,"238":9,"248":12,"249":12,"250":10,"251":10,"253":10,"255":4,"256":4,"257":4,"268":146,"269":145,"281":2,"290":289,"291":289,"292":289,"299":311,"306":158,"315":144},"path":"/Users/oren/daostack/arc/contracts/schemes/ContinuousLockingToken4Reputation.sol","s":{"1":29,"2":29,"3":27,"4":27,"5":23,"6":23,"7":23,"8":23,"9":23,"10":23,"11":23,"12":23,"13":23,"14":23,"15":23,"16":23,"17":23,"18":23,"19":16,"20":14,"21":14,"22":14,"23":14,"24":14,"25":14,"26":149,"27":149,"28":149,"29":144,"30":144,"31":144,"32":144,"33":144,"34":144,"35":14,"36":14,"37":12,"38":12,"39":27,"40":23,"41":23,"42":23,"43":23,"44":21,"45":21,"46":21,"47":21,"48":21,"49":21,"50":21,"51":21,"52":21,"53":19,"54":107,"55":107,"56":107,"57":107,"58":19,"59":19,"60":13,"61":13,"62":11,"63":11,"64":11,"65":9,"66":9,"67":9,"68":9,"69":9,"70":100,"71":100,"72":100,"73":100,"74":9,"75":9,"76":12,"77":12,"78":10,"79":10,"80":10,"81":4,"82":4,"83":4,"84":146,"85":145,"86":2,"87":289,"88":289,"89":289,"90":311,"91":158,"92":144},"b":{"1":[29,0],"2":[27,2],"3":[27,0],"4":[23,4],"5":[23,0],"6":[23,0],"7":[23,0],"8":[14,2],"9":[14,0],"10":[144,5],"11":[12,2],"12":[12,0],"13":[23,4],"14":[23,0],"15":[23,0],"16":[23,0],"17":[21,2],"18":[19,2],"19":[11,2],"20":[9,2],"21":[9,0],"22":[9,0],"23":[9,0],"24":[10,2],"25":[4,6],"26":[145,1],"27":[289,0]},"f":{"1":29,"2":16,"3":27,"4":13,"5":12,"6":146,"7":2,"8":289,"9":311,"10":158,"11":144},"fnMap":{"1":{"name":"initialize","line":83,"loc":{"start":{"line":83,"column":4},"end":{"line":97,"column":5}}},"2":{"name":"redeem","line":127,"loc":{"start":{"line":127,"column":4},"end":{"line":127,"column":94}}},"3":{"name":"lock","line":165,"loc":{"start":{"line":165,"column":4},"end":{"line":169,"column":5}}},"4":{"name":"extendLocking","line":209,"loc":{"start":{"line":209,"column":4},"end":{"line":216,"column":5}}},"5":{"name":"release","line":247,"loc":{"start":{"line":247,"column":4},"end":{"line":247,"column":91}}},"6":{"name":"getRepRewardPerBatch","line":267,"loc":{"start":{"line":267,"column":4},"end":{"line":267,"column":92}}},"7":{"name":"getLockingIdScore","line":280,"loc":{"start":{"line":280,"column":4},"end":{"line":280,"column":99}}},"8":{"name":"mul","line":287,"loc":{"start":{"line":287,"column":4},"end":{"line":287,"column":75}}},"9":{"name":"toReal","line":298,"loc":{"start":{"line":298,"column":4},"end":{"line":298,"column":63}}},"10":{"name":"fromReal","line":305,"loc":{"start":{"line":305,"column":4},"end":{"line":305,"column":70}}},"11":{"name":"div","line":312,"loc":{"start":{"line":312,"column":4},"end":{"line":312,"column":93}}}},"statementMap":{"1":{"start":{"line":98,"column":8},"end":{"line":98,"column":61}},"2":{"start":{"line":100,"column":8},"end":{"line":100,"column":59}},"3":{"start":{"line":101,"column":8},"end":{"line":101,"column":4477}},"4":{"start":{"line":103,"column":8},"end":{"line":103,"column":4599}},"5":{"start":{"line":105,"column":8},"end":{"line":105,"column":101}},"6":{"start":{"line":106,"column":8},"end":{"line":106,"column":21}},"7":{"start":{"line":107,"column":8},"end":{"line":107,"column":23}},"8":{"start":{"line":108,"column":8},"end":{"line":108,"column":29}},"9":{"start":{"line":109,"column":8},"end":{"line":109,"column":47}},"10":{"start":{"line":110,"column":8},"end":{"line":110,"column":43}},"11":{"start":{"line":111,"column":8},"end":{"line":111,"column":45}},"12":{"start":{"line":112,"column":8},"end":{"line":112,"column":29}},"13":{"start":{"line":113,"column":8},"end":{"line":113,"column":76}},"14":{"start":{"line":114,"column":8},"end":{"line":114,"column":100}},"15":{"start":{"line":115,"column":8},"end":{"line":115,"column":58}},"16":{"start":{"line":116,"column":8},"end":{"line":116,"column":74}},"17":{"start":{"line":117,"column":8},"end":{"line":117,"column":41}},"18":{"start":{"line":118,"column":8},"end":{"line":118,"column":45}},"19":{"start":{"line":129,"column":8},"end":{"line":129,"column":64}},"20":{"start":{"line":130,"column":8},"end":{"line":130,"column":63}},"21":{"start":{"line":131,"column":8},"end":{"line":131,"column":68}},"22":{"start":{"line":132,"column":8},"end":{"line":132,"column":85}},"23":{"start":{"line":134,"column":8},"end":{"line":134,"column":60}},"24":{"start":{"line":135,"column":8},"end":{"line":135,"column":101}},"25":{"start":{"line":136,"column":8},"end":{"line":136,"column":6325}},"26":{"start":{"line":137,"column":12},"end":{"line":137,"column":67}},"27":{"start":{"line":138,"column":12},"end":{"line":138,"column":54}},"28":{"start":{"line":139,"column":12},"end":{"line":139,"column":6572}},"29":{"start":{"line":140,"column":16},"end":{"line":140,"column":45}},"30":{"start":{"line":141,"column":16},"end":{"line":141,"column":92}},"31":{"start":{"line":142,"column":16},"end":{"line":142,"column":88}},"32":{"start":{"line":143,"column":16},"end":{"line":143,"column":94}},"33":{"start":{"line":144,"column":16},"end":{"line":144,"column":58}},"34":{"start":{"line":145,"column":16},"end":{"line":145,"column":112}},"35":{"start":{"line":148,"column":8},"end":{"line":148,"column":49}},"36":{"start":{"line":149,"column":8},"end":{"line":149,"column":59}},"37":{"start":{"line":151,"column":8},"end":{"line":151,"column":66}},"38":{"start":{"line":152,"column":8},"end":{"line":152,"column":7427}},"39":{"start":{"line":170,"column":8},"end":{"line":170,"column":52}},"40":{"start":{"line":172,"column":8},"end":{"line":172,"column":87}},"41":{"start":{"line":173,"column":8},"end":{"line":173,"column":82}},"42":{"start":{"line":174,"column":8},"end":{"line":174,"column":50}},"43":{"start":{"line":175,"column":8},"end":{"line":175,"column":8400}},"44":{"start":{"line":177,"column":8},"end":{"line":177,"column":39}},"45":{"start":{"line":178,"column":8},"end":{"line":178,"column":30}},"46":{"start":{"line":180,"column":8},"end":{"line":180,"column":60}},"47":{"start":{"line":181,"column":8},"end":{"line":181,"column":30}},"48":{"start":{"line":182,"column":8},"end":{"line":182,"column":30}},"49":{"start":{"line":184,"column":8},"end":{"line":184,"column":31}},"50":{"start":{"line":186,"column":8},"end":{"line":186,"column":65}},"51":{"start":{"line":188,"column":8},"end":{"line":188,"column":66}},"52":{"start":{"line":189,"column":8},"end":{"line":189,"column":9035}},"53":{"start":{"line":192,"column":8},"end":{"line":192,"column":9148}},"54":{"start":{"line":193,"column":12},"end":{"line":193,"column":65}},"55":{"start":{"line":194,"column":12},"end":{"line":194,"column":54}},"56":{"start":{"line":195,"column":12},"end":{"line":195,"column":57}},"57":{"start":{"line":196,"column":12},"end":{"line":196,"column":42}},"58":{"start":{"line":199,"column":8},"end":{"line":199,"column":53}},"59":{"start":{"line":200,"column":8},"end":{"line":200,"column":63}},"60":{"start":{"line":217,"column":8},"end":{"line":217,"column":61}},"61":{"start":{"line":218,"column":8},"end":{"line":218,"column":68}},"62":{"start":{"line":220,"column":8},"end":{"line":220,"column":10357}},"63":{"start":{"line":222,"column":8},"end":{"line":222,"column":74}},"64":{"start":{"line":223,"column":8},"end":{"line":223,"column":106}},"65":{"start":{"line":224,"column":8},"end":{"line":224,"column":62}},"66":{"start":{"line":225,"column":8},"end":{"line":225,"column":10691}},"67":{"start":{"line":228,"column":8},"end":{"line":228,"column":66}},"68":{"start":{"line":229,"column":8},"end":{"line":229,"column":82}},"69":{"start":{"line":231,"column":8},"end":{"line":231,"column":11037}},"70":{"start":{"line":232,"column":12},"end":{"line":232,"column":65}},"71":{"start":{"line":233,"column":12},"end":{"line":233,"column":76}},"72":{"start":{"line":234,"column":12},"end":{"line":234,"column":87}},"73":{"start":{"line":235,"column":12},"end":{"line":235,"column":43}},"74":{"start":{"line":237,"column":8},"end":{"line":237,"column":55}},"75":{"start":{"line":238,"column":8},"end":{"line":238,"column":65}},"76":{"start":{"line":248,"column":8},"end":{"line":248,"column":63}},"77":{"start":{"line":249,"column":8},"end":{"line":249,"column":61}},"78":{"start":{"line":250,"column":8},"end":{"line":250,"column":29}},"79":{"start":{"line":251,"column":8},"end":{"line":251,"column":24}},"80":{"start":{"line":253,"column":8},"end":{"line":253,"column":12069}},"81":{"start":{"line":255,"column":8},"end":{"line":255,"column":52}},"82":{"start":{"line":256,"column":8},"end":{"line":256,"column":47}},"83":{"start":{"line":257,"column":8},"end":{"line":257,"column":54}},"84":{"start":{"line":268,"column":8},"end":{"line":268,"column":12705}},"85":{"start":{"line":269,"column":12},"end":{"line":269,"column":77}},"86":{"start":{"line":281,"column":8},"end":{"line":281,"column":54}},"87":{"start":{"line":290,"column":8},"end":{"line":290,"column":35}},"88":{"start":{"line":291,"column":8},"end":{"line":291,"column":59}},"89":{"start":{"line":292,"column":8},"end":{"line":292,"column":34}},"90":{"start":{"line":299,"column":8},"end":{"line":299,"column":40}},"91":{"start":{"line":306,"column":8},"end":{"line":306,"column":45}},"92":{"start":{"line":315,"column":8},"end":{"line":315,"column":86}}},"branchMap":{"1":{"line":98,"type":"if","locations":[{"start":{"line":98,"column":8},"end":{"line":98,"column":8}},{"start":{"line":98,"column":8},"end":{"line":98,"column":8}}]},"2":{"line":100,"type":"if","locations":[{"start":{"line":100,"column":8},"end":{"line":100,"column":8}},{"start":{"line":100,"column":8},"end":{"line":100,"column":8}}]},"3":{"line":101,"type":"if","locations":[{"start":{"line":101,"column":8},"end":{"line":101,"column":8}},{"start":{"line":101,"column":8},"end":{"line":101,"column":8}}]},"4":{"line":103,"type":"if","locations":[{"start":{"line":103,"column":8},"end":{"line":103,"column":8}},{"start":{"line":103,"column":8},"end":{"line":103,"column":8}}]},"5":{"line":105,"type":"if","locations":[{"start":{"line":105,"column":8},"end":{"line":105,"column":8}},{"start":{"line":105,"column":8},"end":{"line":105,"column":8}}]},"6":{"line":113,"type":"if","locations":[{"start":{"line":113,"column":8},"end":{"line":113,"column":8}},{"start":{"line":113,"column":8},"end":{"line":113,"column":8}}]},"7":{"line":114,"type":"if","locations":[{"start":{"line":114,"column":8},"end":{"line":114,"column":8}},{"start":{"line":114,"column":8},"end":{"line":114,"column":8}}]},"8":{"line":129,"type":"if","locations":[{"start":{"line":129,"column":8},"end":{"line":129,"column":8}},{"start":{"line":129,"column":8},"end":{"line":129,"column":8}}]},"9":{"line":131,"type":"if","locations":[{"start":{"line":131,"column":8},"end":{"line":131,"column":8}},{"start":{"line":131,"column":8},"end":{"line":131,"column":8}}]},"10":{"line":139,"type":"if","locations":[{"start":{"line":139,"column":12},"end":{"line":139,"column":12}},{"start":{"line":139,"column":12},"end":{"line":139,"column":12}}]},"11":{"line":149,"type":"if","locations":[{"start":{"line":149,"column":8},"end":{"line":149,"column":8}},{"start":{"line":149,"column":8},"end":{"line":149,"column":8}}]},"12":{"line":152,"type":"if","locations":[{"start":{"line":152,"column":8},"end":{"line":152,"column":8}},{"start":{"line":152,"column":8},"end":{"line":152,"column":8}}]},"13":{"line":170,"type":"if","locations":[{"start":{"line":170,"column":8},"end":{"line":170,"column":8}},{"start":{"line":170,"column":8},"end":{"line":170,"column":8}}]},"14":{"line":172,"type":"if","locations":[{"start":{"line":172,"column":8},"end":{"line":172,"column":8}},{"start":{"line":172,"column":8},"end":{"line":172,"column":8}}]},"15":{"line":173,"type":"if","locations":[{"start":{"line":173,"column":8},"end":{"line":173,"column":8}},{"start":{"line":173,"column":8},"end":{"line":173,"column":8}}]},"16":{"line":174,"type":"if","locations":[{"start":{"line":174,"column":8},"end":{"line":174,"column":8}},{"start":{"line":174,"column":8},"end":{"line":174,"column":8}}]},"17":{"line":175,"type":"if","locations":[{"start":{"line":175,"column":8},"end":{"line":175,"column":8}},{"start":{"line":175,"column":8},"end":{"line":175,"column":8}}]},"18":{"line":189,"type":"if","locations":[{"start":{"line":189,"column":8},"end":{"line":189,"column":8}},{"start":{"line":189,"column":8},"end":{"line":189,"column":8}}]},"19":{"line":218,"type":"if","locations":[{"start":{"line":218,"column":8},"end":{"line":218,"column":8}},{"start":{"line":218,"column":8},"end":{"line":218,"column":8}}]},"20":{"line":223,"type":"if","locations":[{"start":{"line":223,"column":8},"end":{"line":223,"column":8}},{"start":{"line":223,"column":8},"end":{"line":223,"column":8}}]},"21":{"line":224,"type":"if","locations":[{"start":{"line":224,"column":8},"end":{"line":224,"column":8}},{"start":{"line":224,"column":8},"end":{"line":224,"column":8}}]},"22":{"line":225,"type":"if","locations":[{"start":{"line":225,"column":8},"end":{"line":225,"column":8}},{"start":{"line":225,"column":8},"end":{"line":225,"column":8}}]},"23":{"line":229,"type":"if","locations":[{"start":{"line":229,"column":8},"end":{"line":229,"column":8}},{"start":{"line":229,"column":8},"end":{"line":229,"column":8}}]},"24":{"line":249,"type":"if","locations":[{"start":{"line":249,"column":8},"end":{"line":249,"column":8}},{"start":{"line":249,"column":8},"end":{"line":249,"column":8}}]},"25":{"line":253,"type":"if","locations":[{"start":{"line":253,"column":8},"end":{"line":253,"column":8}},{"start":{"line":253,"column":8},"end":{"line":253,"column":8}}]},"26":{"line":268,"type":"if","locations":[{"start":{"line":268,"column":8},"end":{"line":268,"column":8}},{"start":{"line":268,"column":8},"end":{"line":268,"column":8}}]},"27":{"line":291,"type":"if","locations":[{"start":{"line":291,"column":8},"end":{"line":291,"column":8}},{"start":{"line":291,"column":8},"end":{"line":291,"column":8}}]}}},"contracts/schemes/ContributionReward.sol":{"l":{"87":20,"88":20,"89":20,"90":20,"102":14,"103":14,"104":14,"106":14,"108":11,"110":14,"111":14,"137":27,"138":17,"139":17,"140":17,"141":1,"144":17,"156":17,"158":17,"169":17,"173":17,"183":10,"184":10,"185":10,"186":8,"189":8,"190":8,"191":8,"192":6,"196":1,"200":8,"201":7,"202":7,"205":8,"215":5,"216":5,"217":5,"218":5,"220":5,"222":5,"223":5,"224":5,"225":5,"226":5,"230":5,"240":13,"241":13,"242":13,"243":13,"245":13,"246":13,"248":13,"249":11,"250":9,"251":9,"255":11,"265":1,"266":1,"267":1,"268":1,"270":1,"272":1,"273":1,"274":1,"275":1,"279":1,"280":1,"284":1,"302":21,"303":10,"306":19,"307":5,"310":19,"311":13,"314":17,"315":1,"331":75,"332":75,"333":75,"334":8,"335":67,"336":67,"338":55,"340":67,"341":67,"342":47,"344":20,"346":67,"363":40,"367":4,"371":4,"375":4,"379":6,"395":27,"396":25,"398":22,"401":22,"404":20,"407":18,"410":16},"path":"/Users/oren/daostack/arc/contracts/schemes/ContributionReward.sol","s":{"1":20,"2":20,"3":20,"4":20,"5":14,"6":14,"7":14,"8":14,"9":11,"10":14,"11":14,"12":27,"13":17,"14":17,"15":17,"16":1,"17":17,"18":17,"19":17,"20":17,"21":17,"22":10,"23":10,"24":10,"25":8,"26":8,"27":8,"28":8,"29":6,"30":2,"31":1,"32":8,"33":7,"34":7,"35":8,"36":5,"37":5,"38":5,"39":5,"40":5,"41":5,"42":5,"43":5,"44":5,"45":5,"46":5,"47":13,"48":13,"49":13,"50":13,"51":13,"52":13,"53":13,"54":11,"55":9,"56":9,"57":11,"58":1,"59":1,"60":1,"61":1,"62":1,"63":1,"64":1,"65":1,"66":1,"67":1,"68":1,"69":1,"70":21,"71":10,"72":19,"73":5,"74":19,"75":13,"76":17,"77":1,"78":75,"79":75,"80":75,"81":8,"82":67,"83":67,"84":55,"85":67,"86":67,"87":47,"88":20,"89":67,"90":40,"91":4,"92":4,"93":4,"94":6,"95":27,"96":25,"97":22,"98":22,"99":20,"100":18,"101":16},"b":{"1":[20,0],"2":[14,0],"3":[14,0],"4":[11,3],"5":[1,16],"6":[8,2],"7":[6,2],"8":[6,0],"9":[1,1],"10":[1,0],"11":[7,1],"12":[5,0],"13":[5,0],"14":[5,0],"15":[13,0],"16":[11,2],"17":[9,2],"18":[1,0],"19":[1,0],"20":[1,0],"21":[1,0],"22":[10,11],"23":[5,14],"24":[13,6],"25":[1,16],"26":[75,0],"27":[8,67],"28":[55,12],"29":[47,20],"30":[25,2],"31":[22,3],"32":[22,0],"33":[20,2],"34":[18,2],"35":[16,2],"36":[14,2]},"f":{"1":20,"2":14,"3":27,"4":10,"5":5,"6":13,"7":1,"8":21,"9":75,"10":40,"11":4,"12":4,"13":4,"14":6,"15":27},"fnMap":{"1":{"name":"initialize","line":79,"loc":{"start":{"line":79,"column":4},"end":{"line":86,"column":5}}},"2":{"name":"executeProposal","line":98,"loc":{"start":{"line":98,"column":4},"end":{"line":101,"column":19}}},"3":{"name":"proposeContributionReward","line":127,"loc":{"start":{"line":127,"column":4},"end":{"line":136,"column":5}}},"4":{"name":"redeemReputation","line":181,"loc":{"start":{"line":181,"column":4},"end":{"line":181,"column":82}}},"5":{"name":"redeemNativeToken","line":213,"loc":{"start":{"line":213,"column":4},"end":{"line":213,"column":80}}},"6":{"name":"redeemEther","line":238,"loc":{"start":{"line":238,"column":4},"end":{"line":238,"column":74}}},"7":{"name":"redeemExternalToken","line":263,"loc":{"start":{"line":263,"column":4},"end":{"line":263,"column":82}}},"8":{"name":"redeem","line":297,"loc":{"start":{"line":297,"column":4},"end":{"line":300,"column":5}}},"9":{"name":"getPeriodsToPay","line":330,"loc":{"start":{"line":330,"column":4},"end":{"line":330,"column":98}}},"10":{"name":"getRedeemedPeriods","line":359,"loc":{"start":{"line":359,"column":4},"end":{"line":362,"column":23}}},"11":{"name":"getProposalEthReward","line":366,"loc":{"start":{"line":366,"column":4},"end":{"line":366,"column":82}}},"12":{"name":"getProposalExternalTokenReward","line":370,"loc":{"start":{"line":370,"column":4},"end":{"line":370,"column":92}}},"13":{"name":"getProposalExternalToken","line":374,"loc":{"start":{"line":374,"column":4},"end":{"line":374,"column":86}}},"14":{"name":"getProposalExecutionTime","line":378,"loc":{"start":{"line":378,"column":4},"end":{"line":378,"column":86}}},"15":{"name":"validateProposalParams","line":394,"loc":{"start":{"line":394,"column":4},"end":{"line":394,"column":97}}}},"statementMap":{"1":{"start":{"line":87,"column":8},"end":{"line":87,"column":61}},"2":{"start":{"line":88,"column":8},"end":{"line":88,"column":23}},"3":{"start":{"line":89,"column":8},"end":{"line":89,"column":37}},"4":{"start":{"line":90,"column":8},"end":{"line":90,"column":31}},"5":{"start":{"line":102,"column":8},"end":{"line":102,"column":77}},"6":{"start":{"line":103,"column":8},"end":{"line":103,"column":69}},"7":{"start":{"line":104,"column":8},"end":{"line":104,"column":76}},"8":{"start":{"line":106,"column":8},"end":{"line":106,"column":3484}},"9":{"start":{"line":108,"column":12},"end":{"line":108,"column":65}},"10":{"start":{"line":110,"column":8},"end":{"line":110,"column":79}},"11":{"start":{"line":111,"column":8},"end":{"line":111,"column":19}},"12":{"start":{"line":137,"column":8},"end":{"line":137,"column":58}},"13":{"start":{"line":138,"column":8},"end":{"line":138,"column":94}},"14":{"start":{"line":139,"column":8},"end":{"line":139,"column":50}},"15":{"start":{"line":140,"column":8},"end":{"line":140,"column":4977}},"16":{"start":{"line":141,"column":12},"end":{"line":141,"column":35}},"17":{"start":{"line":144,"column":8},"end":{"line":144,"column":5069}},"18":{"start":{"line":156,"column":8},"end":{"line":156,"column":51}},"19":{"start":{"line":158,"column":8},"end":{"line":158,"column":5637}},"20":{"start":{"line":169,"column":8},"end":{"line":169,"column":5911}},"21":{"start":{"line":173,"column":8},"end":{"line":173,"column":25}},"22":{"start":{"line":183,"column":8},"end":{"line":183,"column":82}},"23":{"start":{"line":184,"column":8},"end":{"line":184,"column":82}},"24":{"start":{"line":185,"column":8},"end":{"line":185,"column":72}},"25":{"start":{"line":186,"column":8},"end":{"line":186,"column":62}},"26":{"start":{"line":189,"column":8},"end":{"line":189,"column":36}},"27":{"start":{"line":190,"column":8},"end":{"line":190,"column":66}},"28":{"start":{"line":191,"column":8},"end":{"line":191,"column":6848}},"29":{"start":{"line":192,"column":12},"end":{"line":192,"column":6957}},"30":{"start":{"line":195,"column":15},"end":{"line":195,"column":7016}},"31":{"start":{"line":196,"column":12},"end":{"line":196,"column":7130}},"32":{"start":{"line":200,"column":8},"end":{"line":200,"column":7192}},"33":{"start":{"line":201,"column":12},"end":{"line":201,"column":86}},"34":{"start":{"line":202,"column":12},"end":{"line":202,"column":98}},"35":{"start":{"line":205,"column":8},"end":{"line":205,"column":61}},"36":{"start":{"line":215,"column":8},"end":{"line":215,"column":82}},"37":{"start":{"line":216,"column":8},"end":{"line":216,"column":82}},"38":{"start":{"line":217,"column":8},"end":{"line":217,"column":72}},"39":{"start":{"line":218,"column":8},"end":{"line":218,"column":62}},"40":{"start":{"line":220,"column":8},"end":{"line":220,"column":37}},"41":{"start":{"line":222,"column":8},"end":{"line":222,"column":61}},"42":{"start":{"line":223,"column":8},"end":{"line":223,"column":8274}},"43":{"start":{"line":224,"column":12},"end":{"line":224,"column":88}},"44":{"start":{"line":225,"column":12},"end":{"line":225,"column":86}},"45":{"start":{"line":226,"column":12},"end":{"line":226,"column":95}},"46":{"start":{"line":230,"column":8},"end":{"line":230,"column":63}},"47":{"start":{"line":240,"column":8},"end":{"line":240,"column":82}},"48":{"start":{"line":241,"column":8},"end":{"line":241,"c
[...]
e":107,"column":4343}},"13":{"start":{"line":108,"column":16},"end":{"line":108,"column":4477}},"14":{"start":{"line":112,"column":8},"end":{"line":112,"column":19}},"15":{"start":{"line":133,"column":12},"end":{"line":133,"column":5328}},"16":{"start":{"line":161,"column":8},"end":{"line":161,"column":69}},"17":{"start":{"line":162,"column":8},"end":{"line":162,"column":74}},"18":{"start":{"line":163,"column":8},"end":{"line":163,"column":119}},"19":{"start":{"line":164,"column":8},"end":{"line":164,"column":81}},"20":{"start":{"line":165,"column":8},"end":{"line":165,"column":20}},"21":{"start":{"line":178,"column":8},"end":{"line":178,"column":23}},"22":{"start":{"line":179,"column":8},"end":{"line":179,"column":49}},"23":{"start":{"line":180,"column":8},"end":{"line":180,"column":95}},"24":{"start":{"line":181,"column":8},"end":{"line":181,"column":56}},"25":{"start":{"line":185,"column":8},"end":{"line":185,"column":23}},"26":{"start":{"line":186,"column":8},"end":{"line":186,"column":38}},"27":{"start":{"line":187,"column":8},"end":{"line":187,"column":62}},"28":{"start":{"line":188,"column":8},"end":{"line":188,"column":7818}},"29":{"start":{"line":189,"column":12},"end":{"line":189,"column":109}},"30":{"start":{"line":190,"column":12},"end":{"line":190,"column":34}},"31":{"start":{"line":192,"column":12},"end":{"line":192,"column":29}},"32":{"start":{"line":217,"column":8},"end":{"line":217,"column":85}},"33":{"start":{"line":219,"column":8},"end":{"line":219,"column":67}},"34":{"start":{"line":220,"column":8},"end":{"line":220,"column":31}},"35":{"start":{"line":221,"column":8},"end":{"line":221,"column":9174}},"36":{"start":{"line":222,"column":12},"end":{"line":222,"column":9325}},"37":{"start":{"line":226,"column":12},"end":{"line":226,"column":65}},"38":{"start":{"line":227,"column":12},"end":{"line":227,"column":61}},"39":{"start":{"line":228,"column":12},"end":{"line":228,"column":68}},"40":{"start":{"line":230,"column":8},"end":{"line":230,"column":37}},"41":{"start":{"line":232,"column":8},"end":{"line":232,"column":34}},"42":{"start":{"line":235,"column":8},"end":{"line":235,"column":39}},"43":{"start":{"line":259,"column":8},"end":{"line":259,"column":10892}},"44":{"start":{"line":261,"column":8},"end":{"line":261,"column":11020}},"45":{"start":{"line":263,"column":8},"end":{"line":263,"column":11174}},"46":{"start":{"line":265,"column":8},"end":{"line":265,"column":11293}},"47":{"start":{"line":269,"column":8},"end":{"line":269,"column":11443}},"48":{"start":{"line":276,"column":8},"end":{"line":276,"column":47}},"49":{"start":{"line":277,"column":8},"end":{"line":277,"column":52}},"50":{"start":{"line":278,"column":8},"end":{"line":278,"column":42}},"51":{"start":{"line":280,"column":8},"end":{"line":280,"column":11939}},"52":{"start":{"line":281,"column":12},"end":{"line":281,"column":80}},"53":{"start":{"line":282,"column":12},"end":{"line":282,"column":12087}},"54":{"start":{"line":283,"column":16},"end":{"line":283,"column":89}},"55":{"start":{"line":285,"column":12},"end":{"line":285,"column":12240}},"56":{"start":{"line":286,"column":16},"end":{"line":286,"column":101}},"57":{"start":{"line":290,"column":8},"end":{"line":290,"column":12532}},"58":{"start":{"line":297,"column":8},"end":{"line":297,"column":69}},"59":{"start":{"line":298,"column":8},"end":{"line":298,"column":76}},"60":{"start":{"line":299,"column":8},"end":{"line":299,"column":83}},"61":{"start":{"line":301,"column":8},"end":{"line":301,"column":49}},"62":{"start":{"line":302,"column":8},"end":{"line":302,"column":61}},"63":{"start":{"line":304,"column":8},"end":{"line":304,"column":107}},"64":{"start":{"line":305,"column":8},"end":{"line":305,"column":32}}},"branchMap":{"1":{"line":94,"type":"if","locations":[{"start":{"line":94,"column":8},"end":{"line":94,"column":8}},{"start":{"line":94,"column":8},"end":{"line":94,"column":8}}]},"2":{"line":96,"type":"if","locations":[{"start":{"line":96,"column":8},"end":{"line":96,"column":8}},{"start":{"line":96,"column":8},"end":{"line":96,"column":8}}]},"3":{"line":98,"type":"if","locations":[{"start":{"line":98,"column":8},"end":{"line":98,"column":8}},{"start":{"line":98,"column":8},"end":{"line":98,"column":8}}]},"4":{"line":99,"type":"if","locations":[{"start":{"line":99,"column":8},"end":{"line":99,"column":8}},{"start":{"line":99,"column":8},"end":{"line":99,"column":8}}]},"5":{"line":102,"type":"if","locations":[{"start":{"line":102,"column":12},"end":{"line":102,"column":12}},{"start":{"line":102,"column":12},"end":{"line":102,"column":12}}]},"6":{"line":103,"type":"if","locations":[{"start":{"line":103,"column":12},"end":{"line":103,"column":12}},{"start":{"line":103,"column":12},"end":{"line":103,"column":12}}]},"7":{"line":107,"type":"if","locations":[{"start":{"line":107,"column":12},"end":{"line":107,"column":12}},{"start":{"line":107,"column":12},"end":{"line":107,"column":12}}]},"8":{"line":188,"type":"if","locations":[{"start":{"line":188,"column":8},"end":{"line":188,"column":8}},{"start":{"line":188,"column":8},"end":{"line":188,"column":8}}]},"9":{"line":189,"type":"if","locations":[{"start":{"line":189,"column":12},"end":{"line":189,"column":12}},{"start":{"line":189,"column":12},"end":{"line":189,"column":12}}]},"10":{"line":217,"type":"if","locations":[{"start":{"line":217,"column":8},"end":{"line":217,"column":8}},{"start":{"line":217,"column":8},"end":{"line":217,"column":8}}]},"11":{"line":259,"type":"if","locations":[{"start":{"line":259,"column":8},"end":{"line":259,"column":8}},{"start":{"line":259,"column":8},"end":{"line":259,"column":8}}]},"12":{"line":261,"type":"if","locations":[{"start":{"line":261,"column":8},"end":{"line":261,"column":8}},{"start":{"line":261,"column":8},"end":{"line":261,"column":8}}]},"13":{"line":281,"type":"if","locations":[{"start":{"line":281,"column":12},"end":{"line":281,"column":12}},{"start":{"line":281,"column":12},"end":{"line":281,"column":12}}]},"14":{"line":282,"type":"if","locations":[{"start":{"line":282,"column":12},"end":{"line":282,"column":12}},{"start":{"line":282,"column":12},"end":{"line":282,"column":12}}]},"15":{"line":285,"type":"if","locations":[{"start":{"line":285,"column":12},"end":{"line":285,"column":12}},{"start":{"line":285,"column":12},"end":{"line":285,"column":12}}]}}},"contracts/utils/Redeemer.sol":{"l":{"55":6,"56":6,"58":6,"60":6,"61":4,"110":6,"111":6,"113":6,"115":6,"116":4,"131":12,"133":12,"137":6,"139":12,"140":12,"142":12,"143":12,"144":10,"147":12,"148":12,"156":4,"157":4,"158":4,"159":4,"160":4,"161":4,"162":4,"163":4,"164":4,"165":4,"166":4,"167":0,"169":4,"171":4,"172":4,"173":4,"175":4,"177":0,"179":4,"186":4,"187":4,"188":4,"189":4,"190":4,"191":4,"192":4,"193":0,"195":4,"197":4,"199":4,"201":0,"203":4},"path":"/Users/oren/daostack/arc/contracts/utils/Redeemer.sol","s":{"1":6,"2":6,"3":6,"4":6,"5":4,"6":6,"7":6,"8":6,"9":6,"10":4,"11":12,"12":12,"13":6,"14":12,"15":12,"16":12,"17":12,"18":10,"19":12,"20":12,"21":4,"22":4,"23":4,"24":4,"25":4,"26":4,"27":4,"28":4,"29":4,"30":4,"31":4,"32":0,"33":4,"34":4,"35":4,"36":4,"37":4,"38":0,"39":4,"40":4,"41":4,"42":4,"43":4,"44":4,"45":4,"46":4,"47":0,"48":4,"49":4,"50":4,"51":0,"52":4},"b":{"1":[6,0],"2":[4,2],"3":[6,0],"4":[4,2],"5":[6,6],"6":[12,0],"7":[10,2],"8":[0,4],"9":[4,0],"10":[0,4],"11":[4,0]},"f":{"1":6,"2":6,"3":12,"4":4,"5":4},"fnMap":{"1":{"name":"redeem","line":41,"loc":{"start":{"line":41,"column":4},"end":{"line":54,"column":5}}},"2":{"name":"redeemFromCRExt","line":96,"loc":{"start":{"line":96,"column":4},"end":{"line":109,"column":5}}},"3":{"name":"genesisProtocolRedeem","line":122,"loc":{"start":{"line":122,"column":4},"end":{"line":130,"column":42}}},"4":{"name":"contributionRewardRedeem","line":152,"loc":{"start":{"line":152,"column":4},"end":{"line":155,"column":5}}},"5":{"name":"contributionRewardExtRedeem","line":182,"loc":{"start":{"line":182,"column":4},"end":{"line":185,"column":5}}}},"statementMap":{"1":{"start":{"line":55,"column":8},"end":{"line":55,"column":35}},"2":{"start":{"line":56,"column":8},"end":{"line":56,"column":2634}},"3":{"start":{"line":58,"column":8},"end":{"line":58,"column":2733}},"4":{"start":{"line":60,"column":12},"end":{"line":60,"column":2844}},"5":{"start":{"line":61,"column":16},"end":{"line":61,"column":2990}},"6":{"start":{"line":110,"column":8},"end":{"line":110,"column":35}},"7":{"start":{"line":111,"column":8},"end":{"line":111,"column":5510}},"8":{"start":{"line":113,"column":8},"end":{"line":113,"column":5609}},"9":{"start":{"line":115,"column":12},"end":{"line":115,"column":5723}},"10":{"start":{"line":116,"column":16},"end":{"line":116,"column":5884}},"11":{"start":{"line":131,"column":8},"end":{"line":131,"column":82}},"12":{"start":{"line":133,"column":8},"end":{"line":133,"column":6482}},"13":{"start":{"line":137,"column":12},"end":{"line":137,"column":59}},"14":{"start":{"line":139,"column":8},"end":{"line":139,"column":51}},"15":{"start":{"line":140,"column":8},"end":{"line":140,"column":6897}},"16":{"start":{"line":142,"column":12},"end":{"line":142,"column":73}},"17":{"start":{"line":143,"column":12},"end":{"line":143,"column":7129}},"18":{"start":{"line":144,"column":16},"end":{"line":144,"column":7268}},"19":{"start":{"line":147,"column":12},"end":{"line":147,"column":66}},"20":{"start":{"line":148,"column":12},"end":{"line":148,"column":40}},"21":{"start":{"line":156,"column":8},"end":{"line":156,"column":35}},"22":{"start":{"line":157,"column":8},"end":{"line":157,"column":29}},"23":{"start":{"line":158,"column":8},"end":{"line":158,"column":29}},"24":{"start":{"line":159,"column":8},"end":{"line":159,"column":82}},"25":{"start":{"line":160,"column":8},"end":{"line":160,"column":81}},"26":{"start":{"line":161,"column":8},"end":{"line":161,"column":101}},"27":{"start":{"line":162,"column":8},"end":{"line":162,"column":96}},"28":{"start":{"line":163,"column":8},"end":{"line":163,"column":46}},"29":{"start":{"line":164,"column":8},"end":{"line":164,"column":52}},"30":{"start":{"line":165,"column":8},"end":{"line":165,"column":47}},"31":{"start":{"line":166,"column":8},"end":{"line":166,"column":8331}},"32":{"start":{"line":167,"column":12},"end":{"line":167,"column":34}},"33":{"start":{"line":169,"column":12},"end":{"line":169,"column":33}},"34":{"start":{"line":171,"column":8},"end":{"line":171,"column":73}},"35":{"start":{"line":172,"column":8},"end":{"line":172,"column":66}},"36":{"start":{"line":173,"column":8},"end":{"line":173,"column":8639}},"37":{"start":{"line":175,"column":12},"end":{"line":175,"column":34}},"38":{"start":{"line":177,"column":12},"end":{"line":177,"column":33}},"39":{"start":{"line":179,"column":8},"end":{"line":179,"column":108}},"40":{"start":{"line":186,"column":8},"end":{"line":186,"column":35}},"41":{"start":{"line":187,"column":8},"end":{"line":187,"column":29}},"42":{"start":{"line":188,"column":8},"end":{"line":188,"column":29}},"43":{"start":{"line":189,"column":8},"end":{"line":189,"column":84}},"44":{"start":{"line":190,"column":8},"end":{"line":190,"column":104}},"45":{"start":{"line":191,"column":8},"end":{"line":191,"column":99}},"46":{"start":{"line":192,"column":8},"end":{"line":192,"column":9630}},"47":{"start":{"line":193,"column":12},"end":{"line":193,"column":34}},"48":{"start":{"line":195,"column":12},"end":{"line":195,"column":33}},"49":{"start":{"line":197,"column":8},"end":{"line":197,"column":9838}},"50":{"start":{"line":199,"column":12},"end":{"line":199,"column":34}},"51":{"start":{"line":201,"column":12},"end":{"line":201,"column":33}},"52":{"start":{"line":203,"column":8},"end":{"line":203,"column":111}}},"branchMap":{"1":{"line":58,"type":"if","locations":[{"start":{"line":58,"column":8},"end":{"line":58,"column":8}},{"start":{"line":58,"column":8},"end":{"line":58,"column":8}}]},"2":{"line":60,"type":"if","locations":[{"start":{"line":60,"column":12},"end":{"line":60,"column":12}},{"start":{"line":60,"column":12},"end":{"line":60,"column":12}}]},"3":{"line":113,"type":"if","locations":[{"start":{"line":113,"column":8},"end":{"line":113,"column":8}},{"start":{"line":113,"column":8},"end":{"line":113,"column":8}}]},"4":{"line":115,"type":"if","locations":[{"start":{"line":115,"column":12},"end":{"line":115,"column":12}},{"start":{"line":115,"column":12},"end":{"line":115,"column":12}}]},"5":{"line":133,"type":"if","locations":[{"start":{"line":133,"column":8},"end":{"line":133,"column":8}},{"start":{"line":133,"column":8},"end":{"line":133,"column":8}}]},"6":{"line":140,"type":"if","locations":[{"start":{"line":140,"column":8},"end":{"line":140,"column":8}},{"start":{"line":140,"column":8},"end":{"line":140,"column":8}}]},"7":{"line":143,"type":"if","locations":[{"start":{"line":143,"column":12},"end":{"line":143,"column":12}},{"start":{"line":143,"column":12},"end":{"line":143,"column":12}}]},"8":{"line":166,"type":"if","locations":[{"start":{"line":166,"column":8},"end":{"line":166,"column":8}},{"start":{"line":166,"column":8},"end":{"line":166,"column":8}}]},"9":{"line":173,"type":"if","locations":[{"start":{"line":173,"column":8},"end":{"line":173,"column":8}},{"start":{"line":173,"column":8},"end":{"line":173,"column":8}}]},"10":{"line":192,"type":"if","locations":[{"start":{"line":192,"column":8},"end":{"line":192,"column":8}},{"start":{"line":192,"column":8},"end":{"line":192,"column":8}}]},"11":{"line":197,"type":"if","locations":[{"start":{"line":197,"column":8},"end":{"line":197,"column":8}},{"start":{"line":197,"column":8},"end":{"line":197,"column":8}}]}}},"contracts/utils/RepAllocation.sol":{"l":{"27":9,"35":33,"37":31,"38":30,"39":30,"48":1,"49":1,"50":2,"59":1,"67":5},"path":"/Users/oren/daostack/arc/contracts/utils/RepAllocation.sol","s":{"1":9,"2":33,"3":31,"4":30,"5":30,"6":1,"7":1,"8":2,"9":1,"10":5},"b":{"1":[31,2],"2":[30,1],"3":[1,0]},"f":{"1":9,"2":33,"3":1,"4":1,"5":5},"fnMap":{"1":{"name":"initialize","line":26,"loc":{"start":{"line":26,"column":4},"end":{"line":26,"column":56}}},"2":{"name":"addBeneficiary","line":34,"loc":{"start":{"line":34,"column":4},"end":{"line":34,"column":81}}},"3":{"name":"addBeneficiaries","line":47,"loc":{"start":{"line":47,"column":4},"end":{"line":47,"column":104}}},"4":{"name":"freeze","line":58,"loc":{"start":{"line":58,"column":4},"end":{"line":58,"column":36}}},"5":{"name":"balanceOf","line":66,"loc":{"start":{"line":66,"column":4},"end":{"line":66,"column":71}}}},"statementMap":{"1":{"start":{"line":27,"column":8},"end":{"line":27,"column":33}},"2":{"start":{"line":35,"column":8},"end":{"line":35,"column":68}},"3":{"start":{"line":37,"column":8},"end":{"line":37,"column":1157}},"4":{"start":{"line":38,"column":12},"end":{"line":38,"column":56}},"5":{"start":{"line":39,"column":12},"end":{"line":39,"column":63}},"6":{"start":{"line":48,"column":8},"end":{"line":48,"column":56}},"7":{"start":{"line":49,"column":8},"end":{"line":49,"column":1619}},"8":{"start":{"line":50,"column":12},"end":{"line":50,"column":57}},"9":{"start":{"line":59,"column":8},"end":{"line":59,"column":22}},"10":{"start":{"line":67,"column":8},"end":{"line":67,"column":50}}},"branchMap":{"1":{"line":35,"type":"if","locations":[{"start":{"line":35,"column":8},"end":{"line":35,"column":8}},{"start":{"line":35,"column":8},"end":{"line":35,"column":8}}]},"2":{"line":37,"type":"if","locations":[{"start":{"line":37,"column":8},"end":{"line":37,"column":8}},{"start":{"line":37,"column":8},"end":{"line":37,"column":8}}]},"3":{"line":48,"type":"if","locations":[{"start":{"line":48,"column":8},"end":{"line":48,"column":8}},{"start":{"line":48,"column":8},"end":{"line":48,"column":8}}]}}},"contracts/votingMachines/VotingMachineCallbacks.sol":{"l":{"16":147,"17":137,"28":13,"29":13,"30":0,"32":13,"40":15,"41":15,"42":0,"44":15,"56":1,"57":1,"58":0,"60":1,"64":5,"65":5,"66":0,"68":5,"72":135,"73":135,"74":0,"76":135,"80":111,"81":111,"82":0,"84":111},"path":"/Users/oren/daostack/arc/contracts/votingMachines/VotingMachineCallbacks.sol","s":{"1":147,"2":13,"3":13,"4":0,"5":13,"6":15,"7":15,"8":0,"9":15,"10":1,"11":1,"12":0,"13":1,"14":5,"15":5,"16":0,"17":5,"18":135,"19":135,"20":0,"21":135,"22":111,"23":111,"24":0,"25":111},"b":{"1":[137,10],"2":[0,13],"3":[0,15],"4":[0,1],"5":[0,5],"6":[0,135],"7":[0,111]},"f":{"1":147,"2":13,"3":15,"4":1,"5":5,"6":135,"7":111},"fnMap":{"1":{"name":"onlyVotingMachine","line":15,"loc":{"start":{"line":15,"column":4},"end":{"line":15,"column":49}}},"2":{"name":"mintReputation","line":23,"loc":{"start":{"line":23,"column":4},"end":{"line":27,"column":5}}},"3":{"name":"burnReputation","line":35,"loc":{"start":{"line":35,"column":4},"end":{"line":39,"column":5}}},"4":{"name":"stakingTokenTransfer","line":47,"loc":{"start":{"line":47,"column":4},"end":{"line":55,"column":5}}},"5":{"name":"balanceOfStakingToken","line":63,"loc":{"start":{"line":63,"column":4},"end":{"line":63,"column":106}}},"6":{"name":"getTotalReputationSupply","line":71,"loc":{"start":{"line":71,"column":4},"end":{"line":71,"column":87}}},"7":{"name":"reputationOf","line":79,"loc":{"start":{"line":79,"column":4},"end":{"line":79,"column":91}}}},"statementMap":{"1":{"start":{"line":16,"column":8},"end":{"line":16,"column":105}},"2":{"start":{"line":28,"column":8},"end":{"line":28,"column":69}},"3":{"start":{"line":29,"column":8},"end":{"line":29,"column":960}},"4":{"start":{"line":30,"column":12},"end":{"line":30,"column":24}},"5":{"start":{"line":32,"column":8},"end":{"line":32,"column":79}},"6":{"start":{"line":40,"column":8},"end":{"line":40,"column":69}},"7":{"start":{"line":41,"column":8},"end":{"line":41,"column":1350}},"8":{"start":{"line":42,"column":12},"end":{"line":42,"column":24}},"9":{"start":{"line":44,"column":8},"end":{"line":44,"column":79}},"10":{"start":{"line":56,"column":8},"end":{"line":56,"column":69}},"11":{"start":{"line":57,"column":8},"end":{"line":57,"column":1801}},"12":{"start":{"line":58,"column":12},"end":{"line":58,"column":24}},"13":{"start":{"line":60,"column":8},"end":{"line":60,"column":101}},"14":{"start":{"line":64,"column":8},"end":{"line":64,"column":69}},"15":{"start":{"line":65,"column":8},"end":{"line":65,"column":2164}},"16":{"start":{"line":66,"column":12},"end":{"line":66,"column":20}},"17":{"start":{"line":68,"column":8},"end":{"line":68,"column":55}},"18":{"start":{"line":72,"column":8},"end":{"line":72,"column":77}},"19":{"start":{"line":73,"column":8},"end":{"line":73,"column":2505}},"20":{"start":{"line":74,"column":12},"end":{"line":74,"column":20}},"21":{"start":{"line":76,"column":8},"end":{"line":76,"column":85}},"22":{"start":{"line":80,"column":8},"end":{"line":80,"column":77}},"23":{"start":{"line":81,"column":8},"end":{"line":81,"column":2850}},"24":{"start":{"line":82,"column":12},"end":{"line":82,"column":20}},"25":{"start":{"line":84,"column":8},"end":{"line":84,"column":91}}},"branchMap":{"1":{"line":16,"type":"if","locations":[{"start":{"line":16,"column":8},"end":{"line":16,"column":8}},{"start":{"line":16,"column":8},"end":{"line":16,"column":8}}]},"2":{"line":29,"type":"if","locations":[{"start":{"line":29,"column":8},"end":{"line":29,"column":8}},{"start":{"line":29,"column":8},"end":{"line":29,"column":8}}]},"3":{"line":41,"type":"if","locations":[{"start":{"line":41,"column":8},"end":{"line":41,"column":8}},{"start":{"line":41,"column":8},"end":{"line":41,"column":8}}]},"4":{"line":57,"type":"if","locations":[{"start":{"line":57,"column":8},"end":{"line":57,"column":8}},{"start":{"line":57,"column":8},"end":{"line":57,"column":8}}]},"5":{"line":65,"type":"if","locations":[{"start":{"line":65,"column":8},"end":{"line":65,"column":8}},{"start":{"line":65,"column":8},"end":{"line":65,"column":8}}]},"6":{"line":73,"type":"if","locations":[{"start":{"line":73,"column":8},"end":{"line":73,"column":8}},{"start":{"line":73,"column":8},"end":{"line":73,"column":8}}]},"7":{"line":81,"type":"if","locations":[{"start":{"line":81,"column":8},"end":{"line":81,"column":8}},{"start":{"line":81,"column":8},"end":{"line":81,"column":8}}]}}}}