{
"contracts/controller/Avatar.sol":{"l":{"33":383,"34":383,"35":383,"42":45,"58":23,"59":23,"69":24,"70":22,"71":22,"84":12,"85":12,"86":12,"105":2,"106":2,"107":2,"121":3,"122":3,"123":3,"132":291,"133":291},"path":"/home/blackjak/Projects/DXdao/arc/contracts/controller/Avatar.sol","s":{"1":383,"2":383,"3":383,"4":45,"5":23,"6":23,"7":24,"8":22,"9":22,"10":12,"11":12,"12":12,"13":2,"14":2,"15":2,"16":3,"17":3,"18":3,"19":291,"20":291},"b":{},"f":{"1":383,"2":45,"3":23,"4":24,"5":12,"6":2,"7":3,"8":291},"fnMap":{"1":{"name":"constructor","line":32,"loc":{"start":{"line":32,"column":4},"end":{"line":32,"column":97}}},"2":{"name":"","line":41,"loc":{"start":{"line":41,"column":4},"end":{"line":41,"column":29}}},"3":{"name":"genericCall","line":55,"loc":{"start":{"line":55,"column":12},"end":{"line":56,"column":53}}},"4":{"name":"sendEther","line":68,"loc":{"start":{"line":68,"column":81},"end":{"line":68,"column":17}}},"5":{"name":"externalTokenTransfer","line":82,"loc":{"start":{"line":82,"column":19},"end":{"line":83,"column":5}}},"6":{"name":"externalTokenTransferFrom","line":103,"loc":{"start":{"line":103,"column":19},"end":{"line":104,"column":5}}},"7":{"name":"externalTokenApproval","line":119,"loc":{"start":{"line":119,"column":19},"end":{"line":120,"column":5}}},"8":{"name":"metaData","line":131,"loc":{"start":{"line":131,"column":62},"end":{"line":131,"column":17}}}},"statementMap":{"1":{"start":{"line":33,"column":8},"end":{"line":33,"column":25}},"2":{"start":{"line":34,"column":8},"end":{"line":34,"column":33}},"3":{"start":{"line":35,"column":8},"end":{"line":35,"column":43}},"4":{"start":{"line":42,"column":8},"end":{"line":42,"column":48}},"5":{"start":{"line":58,"column":8},"end":{"line":58,"column":67}},"6":{"start":{"line":59,"column":8},"end":{"line":59,"column":59}},"7":{"start":{"line":69,"column":8},"end":{"line":69,"column":33}},"8":{"start":{"line":70,"column":8},"end":{"line":70,"column":41}},"9":{"start":{"line":71,"column":8},"end":{"line":71,"column":19}},"10":{"start":{"line":84,"column":8},"end":{"line":84,"column":56}},"11":{"start":{"line":85,"column":8},"end":{"line":85,"column":72}},"12":{"start":{"line":86,"column":8},"end":{"line":86,"column":19}},"13":{"start":{"line":105,"column":8},"end":{"line":105,"column":67}},"14":{"start":{"line":106,"column":8},"end":{"line":106,"column":83}},"15":{"start":{"line":107,"column":8},"end":{"line":107,"column":19}},"16":{"start":{"line":121,"column":8},"end":{"line":121,"column":60}},"17":{"start":{"line":122,"column":8},"end":{"line":122,"column":77}},"18":{"start":{"line":123,"column":8},"end":{"line":123,"column":19}},"19":{"start":{"line":132,"column":8},"end":{"line":132,"column":32}},"20":{"start":{"line":133,"column":8},"end":{"line":133,"column":19}}},"branchMap":{}},
"contracts/controller/Controller.sol":{"l":{"68":354,"69":354,"70":354,"71":354,"72":354,"78":0,"83":316,"84":316,"88":1887,"89":1885,"93":37,"94":37,"98":4,"99":2,"103":21,"104":21,"108":290,"109":290,"113":2222,"114":2222,"115":16,"119":2207,"120":1979,"121":3,"128":2778,"129":2776,"145":168,"146":168,"162":22,"163":22,"179":79,"180":79,"198":923,"204":923,"207":923,"210":923,"211":923,"212":923,"213":923,"229":956,"230":1,"233":955,"236":731,"237":731,"238":731,"246":33,"247":1,"249":32,"250":32,"251":32,"266":25,"267":25,"269":22,"270":20,"271":20,"274":2,"277":25,"279":21,"280":19,"281":19,"284":2,"287":25,"288":25,"303":12,"304":12,"305":12,"306":12,"308":12,"310":12,"311":12,"312":12,"313":2,"314":2,"315":2,"317":12,"318":12,"319":12,"322":12,"324":11,"325":11,"326":11,"327":2,"328":2,"329":2,"331":11,"332":11,"333":11,"336":12,"337":12,"343":12,"358":2,"359":2,"360":2,"361":2,"362":2,"363":2,"364":2,"365":2,"367":2,"368":2,"369":2,"371":2,"372":2,"391":20,"407":23,"424":11,"449":1,"467":2,"482":290,"491":1,"495":90,"504":57,"513":9,"518":2,"520":2,"521":1,"524":1,"526":1,"527":1,"542":38,"551":14,"556":1079},"path":"/home/blackjak/Projects/DXdao/arc/contracts/controller/Controller.sol","s":{"1":354,"2":354,"3":354,"4":354,"5":354,"6":0,"7":316,"8":1887,"9":37,"10":4,"11":21,"12":290,"13":2222,"14":2222,"15":16,"16":1979,"17":3,"18":2778,"19":168,"20":168,"21":22,"22":22,"23":79,"24":79,"25":923,"26":923,"27":923,"28":923,"29":923,"30":923,"31":923,"32":956,"33":1,"34":955,"35":731,"36":731,"37":33,"38":1,"39":32,"40":32,"41":25,"42":25,"43":22,"44":20,"45":20,"46":2,"47":25,"48":21,"49":19,"50":19,"51":2,"52":25,"53":25,"54":12,"55":12,"56":12,"57":12,"58":12,"59":12,"60":12,"61":12,"62":2,"63":2,"64":2,"65":12,"66":12,"67":11,"68":11,"69":11,"70":2,"71":2,"72":2,"73":11,"74":12,"75":12,"76":12,"77":2,"78":2,"79":2,"80":2,"81":2,"82":2,"83":2,"84":2,"85":2,"86":2,"87":2,"88":2,"89":2,"90":20,"91":23,"92":11,"93":1,"94":2,"95":290,"96":1,"97":90,"98":57,"99":9,"100":2,"101":2,"102":1,"103":1,"104":1,"105":1,"106":38,"107":14,"108":1079},"b":{"1":[316,0],"2":[1885,2],"3":[37,0],"4":[2,2],"5":[21,0],"6":[290,0],"7":[1,15],"8":[1,2],"9":[2776,2],"10":[923,0],"11":[923,0],"12":[1,955],"13":[731,224],"14":[1,32],"15":[22,3],"16":[20,2],"17":[21,4],"18":[19,2],"19":[12,0],"20":[12,0],"21":[2,10],"22":[11,1],"23":[11,0],"24":[2,9],"25":[12,0],"26":[2,0],"27":[2,0],"28":[2,0],"29":[2,0],"30":[2,0],"31":[2,0],"32":[2,0],"33":[1,1],"34":[1,0]},"f":{"1":354,"2":0,"3":316,"4":1887,"5":37,"6":4,"7":21,"8":290,"9":2222,"10":2778,"11":168,"12":22,"13":79,"14":923,"15":956,"16":33,"17":25,"18":12,"19":2,"20":20,"21":23,"22":11,"23":1,"24":2,"25":290,"26":1,"27":90,"28":57,"29":9,"30":2,"31":38,"32":14,"33":1079},"fnMap":{"1":{"name":"constructor","line":67,"loc":{"start":{"line":67,"column":4},"end":{"line":67,"column":37}}},"2":{"name":"","line":77,"loc":{"start":{"line":77,"column":4},"end":{"line":77,"column":21}}},"3":{"name":"onlyRegisteredScheme","line":82,"loc":{"start":{"line":82,"column":4},"end":{"line":82,"column":33}}},"4":{"name":"onlyRegisteringSchemes","line":87,"loc":{"start":{"line":87,"column":4},"end":{"line":87,"column":35}}},"5":{"name":"onlyGlobalConstraintsScheme","line":92,"loc":{"start":{"line":92,"column":4},"end":{"line":92,"column":40}}},"6":{"name":"onlyUpgradingScheme","line":97,"loc":{"start":{"line":97,"column":4},"end":{"line":97,"column":32}}},"7":{"name":"onlyGenericCallScheme","line":102,"loc":{"start":{"line":102,"column":4},"end":{"line":102,"column":34}}},"8":{"name":"onlyMetaDataScheme","line":107,"loc":{"start":{"line":107,"column":4},"end":{"line":107,"column":31}}},"9":{"name":"onlySubjectToConstraint","line":112,"loc":{"start":{"line":112,"column":4},"end":{"line":112,"column":48}}},"10":{"name":"isAvatarValid","line":127,"loc":{"start":{"line":127,"column":4},"end":{"line":127,"column":41}}},"11":{"name":"mintReputation","line":142,"loc":{"start":{"line":142,"column":25},"end":{"line":144,"column":5}}},"12":{"name":"burnReputation","line":159,"loc":{"start":{"line":159,"column":25},"end":{"line":161,"column":5}}},"13":{"name":"mintTokens","line":176,"loc":{"start":{"line":176,"column":25},"end":{"line":178,"column":5}}},"14":{"name":"registerScheme","line":194,"loc":{"start":{"line":194,"column":25},"end":{"line":196,"column":5}}},"15":{"name":"unregisterScheme","line":225,"loc":{"start":{"line":225,"column":25},"end":{"line":227,"column":5}}},"16":{"name":"unregisterSelf","line":245,"loc":{"start":{"line":245,"column":75},"end":{"line":245,"column":17}}},"17":{"name":"addGlobalConstraint","line":263,"loc":{"start":{"line":263,"column":25},"end":{"line":265,"column":5}}},"18":{"name":"removeGlobalConstraint","line":300,"loc":{"start":{"line":300,"column":25},"end":{"line":302,"column":5}}},"19":{"name":"upgradeController","line":355,"loc":{"start":{"line":355,"column":34},"end":{"line":357,"column":5}}},"20":{"name":"genericCall","line":388,"loc":{"start":{"line":388,"column":34},"end":{"line":390,"column":5}}},"21":{"name":"sendEther","line":404,"loc":{"start":{"line":404,"column":34},"end":{"line":406,"column":5}}},"22":{"name":"externalTokenTransfer","line":421,"loc":{"start":{"line":421,"column":34},"end":{"line":423,"column":5}}},"23":{"name":"externalTokenTransferFrom","line":446,"loc":{"start":{"line":446,"column":34},"end":{"line":448,"column":5}}},"24":{"name":"externalTokenApproval","line":464,"loc":{"start":{"line":464,"column":34},"end":{"line":466,"column":5}}},"25":{"name":"metaData","line":479,"loc":{"start":{"line":479,"column":38},"end":{"line":481,"column":9}}},"26":{"name":"getNativeReputation","line":490,"loc":{"start":{"line":490,"column":80},"end":{"line":490,"column":25}}},"27":{"name":"isSchemeRegistered","line":494,"loc":{"start":{"line":494,"column":96},"end":{"line":494,"column":22}}},"28":{"name":"getSchemeParameters","line":500,"loc":{"start":{"line":500,"column":25},"end":{"line":503,"column":5}}},"29":{"name":"getSchemePermissions","line":509,"loc":{"start":{"line":509,"column":25},"end":{"line":512,"column":5}}},"30":{"name":"getGlobalConstraintParameters","line":516,"loc":{"start":{"line":516,"column":4},"end":{"line":516,"column":107}}},"31":{"name":"globalConstraintsCount","line":538,"loc":{"start":{"line":538,"column":29},"end":{"line":541,"column":9}}},"32":{"name":"isGlobalConstraintRegistered","line":547,"loc":{"start":{"line":547,"column":29},"end":{"line":550,"column":9}}},"33":{"name":"_isSchemeRegistered","line":555,"loc":{"start":{"line":555,"column":4},"end":{"line":555,"column":74}}}},"statementMap":{"1":{"start":{"line":68,"column":8},"end":{"line":68,"column":23}},"2":{"start":{"line":69,"column":8},"end":{"line":69,"column":41}},"3":{"start":{"line":70,"column":8},"end":{"line":70,"column":51}},"4":{"start":{"line":71,"column":8},"end":{"line":71,"column":94}},"5":{"start":{"line":72,"column":8},"end":{"line":72,"column":52}},"6":{"start":{"line":78,"column":8},"end":{"line":78,"column":15}},"7":{"start":{"line":83,"column":8},"end":{"line":83,"column":88}},"8":{"start":{"line":88,"column":8},"end":{"line":88,"column":88}},"9":{"start":{"line":93,"column":8},"end":{"line":93,"column":88}},"10":{"start":{"line":98,"column":8},"end":{"line":98,"column":88}},"11":{"start":{"line":103,"column":8},"end":{"line":103,"column":88}},"12":{"start":{"line":108,"column":8},"end":{"line":108,"column":88}},"13":{"start":{"line":113,"column":8},"end":{"line":113,"column":19}},"14":{"start":{"line":114,"column":8},"end":{"line":114,"column":4466}},"15":{"start":{"line":115,"column":12},"end":{"line":115,"column":4596}},"16":{"start":{"line":120,"column":8},"end":{"line":120,"column":4722}},"17":{"start":{"line":121,"column":12},"end":{"line":121,"column":4855}},"18":{"start":{"line":128,"column":8},"end":{"line":128,"column":42}},"19":{"start":{"line":145,"column":8},"end":{"line":145,"column":53}},"20":{"start":{"line":146,"column":8},"end":{"line":146,"column":50}},"21":{"start":{"line":162,"column":8},"end":{"line":162,"column":55}},"22":{"start":{"line":163,"column":8},"end":{"line":163,"column":52}},"23":{"start":{"line":179,"column":8},"end":{"line":179,"column":58}},"24":{"start":{"line":180,"column":8},"end":{"line":180,"column":54}},"25":{"start":{"line":198,"column":8},"end":{"line":198,"column":47}},"26":{"start":{"line":204,"column":8},"end":{"line":204,"column":116}},"27":{"start":{"line":207,"column":8},"end":{"line":207,"column":103}},"28":{"start":{"line":210,"column":8},"end":{"line":210,"column":48}},"29":{"start":{"line":211,"column":8},"end":{"line":211,"column":69}},"30":{"start":{"line":212,"column":8},"end":{"line":212,"column":48}},"31":{"start":{"line":213,"column":8},"end":{"line":213,"column":19}},"32":{"start":{"line":229,"column":8},"end":{"line":229,"column":8487}},"33":{"start":{"line":230,"column":12},"end":{"line":230,"column":24}},"34":{"start":{"line":233,"column":8},"end":{"line":233,"column":113}},"35":{"start":{"line":236,"column":8},"end":{"line":236,"column":50}},"36":{"start":{"line":238,"column":8},"end":{"line":238,"column":19}},"37":{"start":{"line":246,"column":8},"end":{"line":246,"column":9086}},"38":{"start":{"line":247,"column":12},"end":{"line":247,"column":24}},"39":{"start":{"line":250,"column":8},"end":{"line":250,"column":53}},"40":{"start":{"line":251,"column":8},"end":{"line":251,"column":19}},"41":{"start":{"line":266,"column":8},"end":{"line":266,"column":102}},"42":{"start":{"line":267,"column":8},"end":{"line":267,"column":9834}},"43":{"start":{"line":269,"column":12},"end":{"line":269,"column":9978}},"44":{"start":{"line":270,"column":16},"end":{"line":270,"column":86}},"45":{"start":{"line":271,"column":16},"end":{"line":271,"column":10216}},"46":{"start":{"line":274,"column":16},"end":{"line":274,"column":107}},"47":{"start":{"line":277,"column":8},"end":{"line":277,"column":10439}},"48":{"start":{"line":279,"column":12},"end":{"line":279,"column":10584}},"49":{"start":{"line":280,"column":16},"end":{"line":280,"column":87}},"50":{"start":{"line":281,"column":16},"end":{"line":281,"column":10825}},"51":{"start":{"line":284,"column":16},"end":{"line":284,"column":109}},"52":{"start":{"line":287,"column":8},"end":{"line":287,"column":66}},"53":{"start":{"line":288,"column":8},"end":{"line":288,"column":19}},"54":{"start":{"line":303,"column":8},"end":{"line":303,"column":64}},"55":{"start":{"line":304,"column":8},"end":{"line":304,"column":48}},"56":{"start":{"line":305,"column":8},"end":{"line":305,"column":102}},"57":{"start":{"line":306,"column":8},"end":{"line":306,"column":27}},"58":{"start":{"line":308,"column":8},"end":{"line":308,"column":11807}},"59":{"start":{"line":310,"column":12},"end":{"line":310,"column":85}},"60":{"start":{"line":311,"column":12},"end":{"line":311,"column":12039}},"61":{"start":{"line":312,"column":16},"end":{"line":312,"column":12104}},"62":{"start":{"line":313,"column":20},"end":{"line":313,"column":89}},"63":{"start":{"line":314,"column":20},"end":{"line":314,"column":90}},"64":{"start":{"line":315,"column":20},"end":{"line":315,"column":114}},"65":{"start":{"line":319,"column":16},"end":{"line":319,"column":28}},"66":{"start":{"line":322,"column":8},"end":{"line":322,"column":12668}},"67":{"start":{"line":324,"column":12},"end":{"line":324,"column":86}},"68":{"start":{"line":325,"column":12},"end":{"line":325,"column":12902}},"69":{"start":{"line":326,"column":16},"end":{"line":326,"column":12967}},"70":{"start":{"line":327,"column":20},"end":{"line":327,"column":91}},"71":{"start":{"line":328,"column":20},"end":{"line":328,"column":91}},"72":{"start":{"line":329,"column":20},"end":{"line":329,"column":115}},"73":{"start":{"line":333,"column":16},"end":{"line":333,"column":28}},"74":{"start":{"line":336,"column":8},"end":{"line":336,"column":13538}},"75":{"start":{"line":337,"column":12},"end":{"line":337,"column":13569}},"76":{"start":{"line":343,"column":8},"end":{"line":343,"column":21}},"77":{"start":{"line":358,"column":8},"end":{"line":358,"column":43}},"78":{"start":{"line":359,"column":8},"end":{"line":359,"column":44}},"79":{"start":{"line":360,"column":8},"end":{"line":360,"column":37}},"80":{"start":{"line":361,"column":8},"end":{"line":361,"column":47}},"81":{"start":{"line":362,"column":8},"end":{"line":362,"column":48}},"82":{"start":{"line":363,"column":8},"end":{"line":363,"column":14472}},"83":{"start":{"line":364,"column":12},"end":{"line":364,"column":56}},"84":{"start":{"line":365,"column":12},"end":{"line":365,"column":57}},"85":{"start":{"line":367,"column":8},"end":{"line":367,"column":14653}},"86":{"start":{"line":368,"column":12},"end":{"line":368,"column":61}},"87":{"start":{"line":369,"column":12},"end":{"line":369,"column":62}},"88":{"start":{"line":371,"column":8},"end":{"line":371,"column":60}},"89":{"start":{"line":372,"column":8},"end":{"line":372,"column":19}},"90":{"start":{"line":391,"column":8},"end":{"line":391,"column":59}},"91":{"start":{"line":407,"column":8},"end":{"line":407,"column":50}},"92":{"start":{"line":424,"column":8},"end":{"line":424,"column":72}},"93":{"start":{"line":449,"column":8},"end":{"line":449,"column":83}},"94":{"start":{"line":467,"column":8},"end":{"line":467,"column":77}},"95":{"start":{"line":482,"column":8},"end":{"line":482,"column":41}},"96":{"start":{"line":491,"column":8},"end":{"line":491,"column":40}},"97":{"start":{"line":495,"column":8},"end":{"line":495,"column":43}},"98":{"start":{"line":504,"column":8},"end":{"line":504,"column":42}},"99":{"start":{"line":513,"column":8},"end":{"line":513,"column":43}},"100":{"start":{"line":518,"column":8},"end":{"line":518,"column":98}},"101":{"start":{"line":520,"column":8},"end":{"line":520,"column":19920}},"102":{"start":{"line":521,"column":12},"end":{"line":521,"column":62}},"103":{"start":{"line":524,"column":8},"end":{"line":524,"column":66}},"104":{"start":{"line":526,"column":8},"end":{"line":526,"column":20102}},"105":{"start":{"line":527,"column":12},"end":{"line":527,"column":63}},"106":{"start":{"line":542,"column":8},"end":{"line":542,"column":74}},"107":{"start":{"line":551,"column":8},"end":{"line":551,"column":20902}},"108":{"start":{"line":556,"column":8},"end":{"line":556,"column":77}}},"branchMap":{"1":{"line":83,"type":"if","locations":[{"start":{"line":83,"column":8},"end":{"line":83,"column":8}},{"start":{"line":83,"column":8},"end":{"line":83,"column":8}}]},"2":{"line":88,"type":"if","locations":[{"start":{"line":88,"column":8},"end":{"line":88,"column":8}},{"start":{"line":88,"column":8},"end":{"line":88,"column":8}}]},"3":{"line":93,"type":"if","locations":[{"start":{"line":93,"column":8},"end":{"line":93,"column":8}},{"start":{"line":93,"column":8},"end":{"line":93,"column":8}}]},"4":{"line":98,"type":"if","locations":[{"start":{"line":98,"column":8},"end":{"line":98,"column":8}},{"start":{"line":98,"column":8},"end":{"line":98,"column":8}}]},"5":{"line":103,"type":"if","locations":[{"start":{"line":103,"column":8},"end":{"line":103,"column":8}},{"start":{"line":103,"column":8},"end":{"line":103,"column":8}}]},"6":{"line":108,"type":"if","locations":[{"start":{"line":108,"column":8},"end":{"line":108,"column":8}},{"start":{"line":108,"column":8},"end":{"line":108,"column":8}}]},"7":{"line":115,"type":"if","locations":[{"start":{"line":115,"column":12},"end":{"line":115,"column":12}},{"start":{"line":115,"column":12},"end":{"line":115,"column":12}}]},"8":{"line":121,"type":"if","locations":[{"start":{"line":121,"column":12},"end":{"line":121,"column":12}},{"start":{"line":121,"column":12},"end":{"line":121,"column":12}}]},"9":{"line":128,"type":"if","locations":[{"start":{"line":128,"column":8},"end":{"line":128,"column":8}},{"start":{"line":128,"column":8},"end":{"line":128,"column":8}}]},"10":{"line":204,"type":"if","locations":[{"start":{"line":204,"column":8},"end":{"line":204,"column":8}},{"start":{"line":204,"column":8},"end":{"line":204,"column":8}}]},"11":{"line":207,"type":"if","locations":[{"start":{"line":207,"column":8},"end":{"line":207,"column":8}},{"start":{"line":207,"column":8},"end":{"line":207,"column":8}}]},"12":{"line":229,"type":"if","locations":[{"start":{"line":229,"column":8},"end":{"line":229,"column":8}},{"start":{"line":229,"column":8},"end":{"line":229,"column":8}}]},"13":{"line":233,"type":"if","locations":[{"start":{"line":233,"column":8},"end":{"line":233,"column":8}},{"start":{"line":233,"column":8},"end":{"line":233,"column":8}}]},"14":{"line":246,"type":"if","locations":[{"start":{"line":246,"column":8},"end":{"line":246,"column":8}},{"start":{"line":246,"column":8},"end":{"line":246,"column":8}}]},"15":{"line":267,"type":"if","locations":[{"start":{"line":267,"column":8},"end":{"line":267,"column":8}},{"start":{"line":267,"column":8},"end":{"line":267,"column":8}}]},"16":{"line":269,"type":"if","locations":[{"start":{"line":269,"column":12},"end":{"line":269,"column":12}},{"start":{"line":269,"column":12},"end":{"line":269,"column":12}}]},"17":{"line":277,"type":"if","locations":[{"start":{"line":277,"column":8},"end":{"line":277,"column":8}},{"start":{"line":277,"column":8},"end":{"line":277,"column":8}}]},"18":{"line":279,"type":"if","locations":[{"start":{"line":279,"column":12},"end":{"line":279,"column":12}},{"start":{"line":279,"column":12},"end":{"line":279,"column":12}}]},"19":{"line":308,"type":"if","locations":[{"start":{"line":308,"column":8},"end":{"line":308,"column":8}},{"start":{"line":308,"column":8},"end":{"line":308,"column":8}}]},"20":{"line":311,"type":"if","locations":[{"start":{"line":311,"column":12},"end":{"line":311,"column":12}},{"start":{"line":311,"column":12},"end":{"line":311,"column":12}}]},"21":{"line":312,"type":"if","locations":[{"start":{"line":312,"column":16},"end":{"line":312,"column":16}},{"start":{"line":312,"column":16},"end":{"line":312,"column":16}}]},"22":{"line":322,"type":"if","locations":[{"start":{"line":322,"column":8},"end":{"line":322,"column":8}},{"start":{"line":322,"column":8},"end":{"line":322,"column":8}}]},"23":{"line":325,"type":"if","locations":[{"start":{"line":325,"column":12},"end":{"line":325,"column":12}},{"start":{"line":325,"column":12},"end":{"line":325,"column":12}}]},"24":{"line":326,"type":"if","locations":[{"start":{"line":326,"column":16},"end":{"line":326,"column":16}},{"start":{"line":326,"column":16},"end":{"line":326,"column":16}}]},"25":{"line":336,"type":"if","locations":[{"start":{"line":336,"column":8},"end":{"line":336,"column":8}},{"start":{"line":336,"column":8},"end":{"line":336,"column":8}}]},"26":{"line":358,"type":"if","locations":[{"start":{"line":358,"column":8},"end":{"line":358,"column":8}},{"start":{"line":358,"column":8},"end":{"line":358,"column":8}}]},"27":{"line":359,"type":"if","locations":[{"start":{"line":359,"column":8},"end":{"line":359,"column":8}},{"start":{"line":359,"column":8},"end":{"line":359,"column":8}}]},"28":{"line":362,"type":"if","locations":[{"start":{"line":362,"column":8},"end":{"line":362,"column":8}},{"start":{"line":362,"column":8},"end":{"line":362,"column":8}}]},"29":{"line":363,"type":"if","locations":[{"start":{"line":363,"column":8},"end":{"line":363,"column":8}},{"start":{"line":363,"column":8},"end":{"line":363,"column":8}}]},"30":{"line":365,"type":"if","locations":[{"start":{"line":365,"column":12},"end":{"line":365,"column":12}},{"start":{"line":365,"column":12},"end":{"line":365,"column":12}}]},"31":{"line":367,"type":"if","locations":[{"start":{"line":367,"column":8},"end":{"line":367,"column":8}},{"start":{"line":367,"column":8},"end":{"line":367,"column":8}}]},"32":{"line":369,"type":"if","locations":[{"start":{"line":369,"column":12},"end":{"line":369,"column":12}},{"start":{"line":369,"column":12},"end":{"line":369,"column":12}}]},"33":{"line":520,"type":"if","locations":[{"start":{"line":520,"column":8},"end":{"line":520,"column":8}},{"start":{"line":520,"column":8},"end":{"line":520,"column":8}}]},"34":{"line":526,"type":"if","locations":[{"start":{"line":526,"column":8},"end":{"line":526,"column":8}},{"start":{"line":526,"column":8},"end":{"line":526,"column":8}}]}}},
"contracts/controller/DAOToken.sol":{"l":{"29":371,"30":371,"31":371,"40":462,"41":4,"42":460,"43":460},"path":"/home/blackjak/Projects/DXdao/arc/contracts/controller/DAOToken.sol","s":{"1":371,"2":371,"3":371,"4":462,"5":4,"6":460,"7":460},"b":{"1":[4,458],"2":[2,2]},"f":{"1":371,"2":462},"fnMap":{"1":{"name":"constructor","line":27,"loc":{"start":{"line":27,"column":4},"end":{"line":28,"column":12}}},"2":{"name":"mint","line":39,"loc":{"start":{"line":39,"column":63},"end":{"line":39,"column":18}}}},"statementMap":{"1":{"start":{"line":29,"column":8},"end":{"line":29,"column":19}},"2":{"start":{"line":30,"column":8},"end":{"line":30,"column":23}},"3":{"start":{"line":31,"column":8},"end":{"line":31,"column":17}},"4":{"start":{"line":40,"column":8},"end":{"line":40,"column":1211}},"5":{"start":{"line":41,"column":12},"end":{"line":41,"column":53}},"6":{"start":{"line":42,"column":8},"end":{"line":42,"column":26}},"7":{"start":{"line":43,"column":8},"end":{"line":43,"column":19}}},"branchMap":{"1":{"line":40,"type":"if","locations":[{"start":{"line":40,"column":8},"end":{"line":40,"column":8}},{"start":{"line":40,"column":8},"end":{"line":40,"column":8}}]},"2":{"line":41,"type":"if","locations":[{"start":{"line":41,"column":12},"end":{"line":41,"column":12}},{"start":{"line":41,"column":12},"end":{"line":41,"column":12}}]}}},
"contracts/globalConstraints/GlobalConstraintInterface.sol":{"l":{},"path":"/home/blackjak/Projects/DXdao/arc/contracts/globalConstraints/GlobalConstraintInterface.sol","s":{},"b":{},"f":{},"fnMap":{},"statementMap":{},"branchMap":{}},
"contracts/globalConstraints/TokenCapGC.sol":{"l":{"29":4,"30":4,"31":4,"32":4,"42":8,"51":1,"60":7,"62":3,"64":4,"72":1},"path":"/home/blackjak/Projects/DXdao/arc/contracts/globalConstraints/TokenCapGC.sol","s":{"1":4,"2":4,"3":4,"4":4,"5":8,"6":1,"7":7,"8":3,"9":4,"10":1},"b":{"1":[3,4]},"f":{"1":4,"2":8,"3":1,"4":7,"5":1},"fnMap":{"1":{"name":"setParameters","line":28,"loc":{"start":{"line":28,"column":4},"end":{"line":28,"column":77}}},"2":{"name":"getParametersHash","line":41,"loc":{"start":{"line":41,"column":4},"end":{"line":41,"column":86}}},"3":{"name":"pre","line":50,"loc":{"start":{"line":50,"column":4},"end":{"line":50,"column":67}}},"4":{"name":"post","line":59,"loc":{"start":{"line":59,"column":4},"end":{"line":59,"column":80}}},"5":{"name":"when","line":71,"loc":{"start":{"line":71,"column":4},"end":{"line":71,"column":74}}}},"statementMap":{"1":{"start":{"line":29,"column":8},"end":{"line":29,"column":60}},"2":{"start":{"line":30,"column":8},"end":{"line":30,"column":44}},"3":{"start":{"line":31,"column":8},"end":{"line":31,"column":40}},"4":{"start":{"line":32,"column":8},"end":{"line":32,"column":25}},"5":{"start":{"line":42,"column":8},"end":{"line":42,"column":58}},"6":{"start":{"line":51,"column":8},"end":{"line":51,"column":19}},"7":{"start":{"line":60,"column":8},"end":{"line":60,"column":2003}},"8":{"start":{"line":62,"column":12},"end":{"line":62,"column":24}},"9":{"start":{"line":64,"column":8},"end":{"line":64,"column":19}},"10":{"start":{"line":72,"column":8},"end":{"line":72,"column":55}}},"branchMap":{"1":{"line":60,"type":"if","locations":[{"start":{"line":60,"column":8},"end":{"line":60,"column":8}},{"start":{"line":60,"column":8},"end":{"line":60,"column":8}}]}}},
"contracts/libs/SafeERC20.sol":{"l":{"30":45,"32":45,"36":45,"38":45,"44":70,"46":70,"50":70,"52":70,"58":7,"62":7,"64":7,"68":7,"70":7},"path":"/home/blackjak/Projects/DXdao/arc/contracts/libs/SafeERC20.sol","s":{"1":45,"2":45,"3":45,"4":45,"5":70,"6":70,"7":70,"8":70,"9":7,"10":7,"11":7,"12":7,"13":7},"b":{"1":[45,0],"2":[45,0],"3":[45,0],"4":[70,0],"5":[70,0],"6":[70,0],"7":[7,0],"8":[7,0],"9":[7,0],"10":[7,0]},"f":{"1":45,"2":70,"3":7},"fnMap":{"1":{"name":"safeTransfer","line":27,"loc":{"start":{"line":27,"column":4},"end":{"line":27,"column":81}}},"2":{"name":"safeTransferFrom","line":41,"loc":{"start":{"line":41,"column":4},"end":{"line":41,"column":100}}},"3":{"name":"safeApprove","line":55,"loc":{"start":{"line":55,"column":4},"end":{"line":55,"column":85}}}},"statementMap":{"1":{"start":{"line":30,"column":8},"end":{"line":30,"column":39}},"2":{"start":{"line":32,"column":8},"end":{"line":32,"column":1249}},"3":{"start":{"line":36,"column":8},"end":{"line":36,"column":23}},"4":{"start":{"line":38,"column":8},"end":{"line":38,"column":95}},"5":{"start":{"line":44,"column":8},"end":{"line":44,"column":39}},"6":{"start":{"line":46,"column":8},"end":{"line":46,"column":1852}},"7":{"start":{"line":50,"column":8},"end":{"line":50,"column":23}},"8":{"start":{"line":52,"column":8},"end":{"line":52,"column":95}},"9":{"start":{"line":58,"column":8},"end":{"line":58,"column":39}},"10":{"start":{"line":62,"column":8},"end":{"line":62,"column":93}},"11":{"start":{"line":64,"column":8},"end":{"line":64,"column":2651}},"12":{"start":{"line":68,"column":8},"end":{"line":68,"column":23}},"13":{"start":{"line":70,"column":8},"end":{"line":70,"column":95}}},"branchMap":{"1":{"line":30,"type":"if","locations":[{"start":{"line":30,"column":8},"end":{"line":30,"column":8}},{"start":{"line":30,"column":8},"end":{"line":30,"column":8}}]},"2":{"line":36,"type":"if","locations":[{"start":{"line":36,"column":8},"end":{"line":36,"column":8}},{"start":{"line":36,"column":8},"end":{"line":36,"column":8}}]},"3":{"line":38,"type":"if","locations":[{"start":{"line":38,"column":8},"end":{"line":38,"column":8}},{"start":{"line":38,"column":8},"end":{"line":38,"column":8}}]},"4":{"line":44,"type":"if","locations":[{"start":{"line":44,"column":8},"end":{"line":44,"column":8}},{"start":{"line":44,"column":8},"end":{"line":44,"column":8}}]},"5":{"line":50,"type":"if","locations":[{"start":{"line":50,"column":8},"end":{"line":50,"column":8}},{"start":{"line":50,"column":8},"end":{"line":50,"column":8}}]},"6":{"line":52,"type":"if","locations":[{"start":{"line":52,"column":8},"end":{"line":52,"column":8}},{"start":{"line":52,"column":8},"end":{"line":52,"column":8}}]},"7":{"line":58,"type":"if","locations":[{"start":{"line":58,"column":8},"end":{"line":58,"column":8}},{"start":{"line":58,"column":8},"end":{"line":58,"column":8}}]},"8":{"line":62,"type":"if","locations":[{"start":{"line":62,"column":8},"end":{"line":62,"column":8}},{"start":{"line":62,"column":8},"end":{"line":62,"column":8}}]},"9":{"line":68,"type":"if","locations":[{"start":{"line":68,"column":8},"end":{"line":68,"column":8}},{"start":{"line":68,"column":8},"end":{"line":68,"column":8}}]},"10":{"line":70,"type":"if","locations":[{"start":{"line":70,"column":8},"end":{"line":70,"column":8}},{"start":{"line":70,"column":8},"end":{"line":70,"column":8}}]}}},
"contracts/schemes/Agreement.sol":{"l":{"13":151,"14":130,"23":6,"32":117,"33":115},"path":"/home/blackjak/Projects/DXdao/arc/contracts/schemes/Agreement.sol","s":{"1":151,"2":6,"3":117,"4":115},"b":{"1":[130,21],"2":[115,2]},"f":{"1":151,"2":6,"3":117},"fnMap":{"1":{"name":"onlyAgree","line":12,"loc":{"start":{"line":12,"column":4},"end":{"line":12,"column":44}}},"2":{"name":"getAgreementHash","line":21,"loc":{"start":{"line":21,"column":4},"end":{"line":22,"column":5}}},"3":{"name":"setAgreementHash","line":30,"loc":{"start":{"line":30,"column":4},"end":{"line":31,"column":5}}}},"statementMap":{"1":{"start":{"line":13,"column":8},"end":{"line":13,"column":91}},"2":{"start":{"line":23,"column":8},"end":{"line":23,"column":28}},"3":{"start":{"line":32,"column":8},"end":{"line":32,"column":74}},"4":{"start":{"line":33,"column":8},"end":{"line":33,"column":37}}},"branchMap":{"1":{"line":13,"type":"if","locations":[{"start":{"line":13,"column":8},"end":{"line":13,"column":8}},{"start":{"line":13,"column":8},"end":{"line":13,"column":8}}]},"2":{"line":32,"type":"if","locations":[{"start":{"line":32,"column":8},"end":{"line":32,"column":8}},{"start":{"line":32,"column":8},"end":{"line":32,"column":8}}]}}},
"contracts/schemes/Auction4Reputation.sol":{"l":{"70":28,"71":26,"72":26,"74":24,"75":22,"76":22,"77":22,"78":16,"79":16,"80":16,"81":16,"82":16,"83":16,"84":16,"85":16,"86":16,"97":16,"98":12,"99":12,"100":12,"101":10,"102":10,"103":10,"105":10,"106":10,"109":10,"123":20,"125":18,"127":16,"128":16,"130":16,"131":16,"132":14,"133":14,"134":14,"135":14,"144":3,"145":1,"146":1,"156":2},"path":"/home/blackjak/Projects/DXdao/arc/contracts/schemes/Auction4Reputation.sol","s":{"1":28,"2":26,"3":26,"4":24,"5":22,"6":22,"7":22,"8":16,"9":16,"10":16,"11":16,"12":16,"13":16,"14":16,"15":16,"16":16,"17":16,"18":12,"19":12,"20":12,"21":10,"22":10,"23":10,"24":10,"25":10,"26":10,"27":20,"28":18,"29":16,"30":16,"31":16,"32":16,"33":14,"34":14,"35":14,"36":14,"37":3,"38":1,"39":1,"40":2},"b":{"1":[26,2],"2":[26,0],"3":[24,2],"4":[22,2],"5":[16,6],"6":[12,4],"7":[10,2],"8":[10,0],"9":[18,2],"10":[16,2],"11":[16,0],"12":[14,2],"13":[1,2]},"f":{"1":28,"2":16,"3":20,"4":3,"5":2},"fnMap":{"1":{"name":"initialize","line":58,"loc":{"start":{"line":58,"column":4},"end":{"line":69,"column":5}}},"2":{"name":"redeem","line":95,"loc":{"start":{"line":95,"column":4},"end":{"line":95,"column":94}}},"3":{"name":"bid","line":120,"loc":{"start":{"line":120,"column":28},"end":{"line":122,"column":5}}},"4":{"name":"transferToWallet","line":142,"loc":{"start":{"line":142,"column":4},"end":{"line":142,"column":36}}},"5":{"name":"getBid","line":155,"loc":{"start":{"line":155,"column":4},"end":{"line":155,"column":83}}}},"statementMap":{"1":{"start":{"line":70,"column":8},"end":{"line":70,"column":66}},"2":{"start":{"line":71,"column":8},"end":{"line":71,"column":61}},"3":{"start":{"line":72,"column":8},"end":{"line":72,"column":74}},"4":{"start":{"line":74,"column":8},"end":{"line":74,"column":67}},"5":{"start":{"line":75,"column":8},"end":{"line":75,"column":37}},"6":{"start":{"line":76,"column":8},"end":{"line":76,"column":83}},"7":{"start":{"line":77,"column":8},"end":{"line":77,"column":92}},"8":{"start":{"line":78,"column":8},"end":{"line":78,"column":21}},"9":{"start":{"line":79,"column":8},"end":{"line":79,"column":23}},"10":{"start":{"line":80,"column":8},"end":{"line":80,"column":45}},"11":{"start":{"line":81,"column":8},"end":{"line":81,"column":43}},"12":{"start":{"line":82,"column":8},"end":{"line":82,"column":23}},"13":{"start":{"line":83,"column":8},"end":{"line":83,"column":57}},"14":{"start":{"line":84,"column":8},"end":{"line":84,"column":77}},"15":{"start":{"line":85,"column":8},"end":{"line":85,"column":43}},"16":{"start":{"line":86,"column":8},"end":{"line":86,"column":45}},"17":{"start":{"line":97,"column":8},"end":{"line":97,"column":64}},"18":{"start":{"line":98,"column":8},"end":{"line":98,"column":54}},"19":{"start":{"line":99,"column":8},"end":{"line":99,"column":48}},"20":{"start":{"line":100,"column":8},"end":{"line":100,"column":55}},"21":{"start":{"line":101,"column":8},"end":{"line":101,"column":37}},"22":{"start":{"line":102,"column":8},"end":{"line":102,"column":62}},"23":{"start":{"line":103,"column":8},"end":{"line":103,"column":53}},"24":{"start":{"line":105,"column":8},"end":{"line":105,"column":66}},"25":{"start":{"line":106,"column":8},"end":{"line":106,"column":4452}},"26":{"start":{"line":109,"column":8},"end":{"line":109,"column":57}},"27":{"start":{"line":123,"column":8},"end":{"line":123,"column":59}},"28":{"start":{"line":125,"column":8},"end":{"line":125,"column":92}},"29":{"start":{"line":127,"column":8},"end":{"line":127,"column":98}},"30":{"start":{"line":128,"column":8},"end":{"line":128,"column":74}},"31":{"start":{"line":130,"column":8},"end":{"line":130,"column":60}},"32":{"start":{"line":131,"column":8},"end":{"line":131,"column":64}},"33":{"start":{"line":132,"column":8},"end":{"line":132,"column":53}},"34":{"start":{"line":133,"column":8},"end":{"line":133,"column":55}},"35":{"start":{"line":134,"column":8},"end":{"line":134,"column":71}},"36":{"start":{"line":135,"column":8},"end":{"line":135,"column":48}},"37":{"start":{"line":144,"column":8},"end":{"line":144,"column":62}},"38":{"start":{"line":145,"column":8},"end":{"line":145,"column":61}},"39":{"start":{"line":146,"column":8},"end":{"line":146,"column":56}},"40":{"start":{"line":156,"column":8},"end":{"line":156,"column":49}}},"branchMap":{"1":{"line":70,"type":"if","locations":[{"start":{"line":70,"column":8},"end":{"line":70,"column":8}},{"start":{"line":70,"column":8},"end":{"line":70,"column":8}}]},"2":{"line":71,"type":"if","locations":[{"start":{"line":71,"column":8},"end":{"line":71,"column":8}},{"start":{"line":71,"column":8},"end":{"line":71,"column":8}}]},"3":{"line":72,"type":"if","locations":[{"start":{"line":72,"column":8},"end":{"line":72,"column":8}},{"start":{"line":72,"column":8},"end":{"line":72,"column":8}}]},"4":{"line":74,"type":"if","locations":[{"start":{"line":74,"column":8},"end":{"line":74,"column":8}},{"start":{"line":74,"column":8},"end":{"line":74,"column":8}}]},"5":{"line":77,"type":"if","locations":[{"start":{"line":77,"column":8},"end":{"line":77,"column":8}},{"start":{"line":77,"column":8},"end":{"line":77,"column":8}}]},"6":{"line":97,"type":"if","locations":[{"start":{"line":97,"column":8},"end":{"line":97,"column":8}},{"start":{"line":97,"column":8},"end":{"line":97,"column":8}}]},"7":{"line":100,"type":"if","locations":[{"start":{"line":100,"column":8},"end":{"line":100,"column":8}},{"start":{"line":100,"column":8},"end":{"line":100,"column":8}}]},"8":{"line":106,"type":"if","locations":[{"start":{"line":106,"column":8},"end":{"line":106,"column":8}},{"start":{"line":106,"column":8},"end":{"line":106,"column":8}}]},"9":{"line":123,"type":"if","locations":[{"start":{"line":123,"column":8},"end":{"line":123,"column":8}},{"start":{"line":123,"column":8},"end":{"line":123,"column":8}}]},"10":{"line":125,"type":"if","locations":[{"start":{"line":125,"column":8},"end":{"line":125,"column":8}},{"start":{"line":125,"column":8},"end":{"line":125,"column":8}}]},"11":{"line":127,"type":"if","locations":[{"start":{"line":127,"column":8},"end":{"line":127,"column":8}},{"start":{"line":127,"column":8},"end":{"line":127,"column":8}}]},"12":{"line":131,"type":"if","locations":[{"start":{"line":131,"column":8},"end":{"line":131,"column":8}},{"start":{"line":131,"column":8},"end":{"line":131,"column":8}}]},"13":{"line":144,"type":"if","locations":[{"start":{"line":144,"column":8},"end":{"line":144,"column":8}},{"start":{"line":144,"column":8},"end":{"line":144,"column":8}}]}}},
"contracts/schemes/Competition.sol":{"l":{"91":15,"92":15,"93":15,"131":27,"132":27,"133":27,"135":0,"138":27,"139":25,"140":23,"141":23,"142":21,"143":19,"145":19,"146":19,"147":19,"149":19,"150":17,"151":17,"152":65,"154":17,"155":15,"157":15,"158":15,"159":15,"160":15,"161":15,"162":15,"163":15,"164":15,"165":15,"166":15,"167":15,"168":15,"169":15,"170":1,"172":15,"201":73,"202":3,"205":71,"207":69,"208":65,"209":65,"210":65,"211":65,"212":64,"214":1,"216":65,"217":65,"218":65,"230":33,"231":33,"232":31,"233":29,"234":29,"235":29,"236":29,"238":29,"239":29,"240":29,"241":27,"243":25,"244":25,"245":3,"248":25,"249":25,"250":25,"251":25,"252":25,"253":25,"263":31,"264":29,"265":29,"266":8,"267":8,"277":3,"278":3,"279":3,"280":3,"281":3,"282":9,"285":1,"291":1,"293":1,"296":1,"299":1,"308":12,"309":12,"310":12,"311":12,"313":12,"314":8,"315":8,"317":8,"318":8,"319":8,"320":8,"321":8,"322":8,"323":8,"325":8,"326":8,"328":8,"329":8,"330":8,"333":5,"334":8,"336":5,"339":8,"340":8,"341":8,"344":8,"345":8,"348":8,"349":8,"352":8,"353":8,"355":8,"368":17,"369":17,"370":15,"372":15,"373":45,"374":20,"388":25,"389":25,"390":25,"391":25,"392":23,"393":23,"394":3,"397":20,"400":2,"401":2,"402":8,"404":4,"407":0,"411":2,"412":0},"path":"/home/blackjak/Projects/DXdao/arc/contracts/schemes/Competition.sol","s":{"1":15,"2":15,"3":15,"4":27,"5":27,"6":27,"7":0,"8":27,"9":25,"10":23,"11":23,"12":21,"13":19,"14":19,"15":19,"16":19,"17":19,"18":17,"19":17,"20":65,"21":17,"22":15,"23":15,"24":15,"25":15,"26":15,"27":15,"28":15,"29":15,"30":15,"31":15,"32":15,"33":15,"34":15,"35":15,"36":1,"37":15,"38":73,"39":3,"40":71,"41":69,"42":65,"43":65,"44":65,"45":65,"46":64,"47":1,"48":65,"49":65,"50":65,"51":33,"52":33,"53":31,"54":29,"55":29,"56":29,"57":29,"58":29,"59":29,"60":29,"61":27,"62":25,"63":25,"64":3,"65":25,"66":25,"67":25,"68":25,"69":25,"70":25,"71":31,"72":29,"73":29,"74":8,"75":8,"76":3,"77":3,"78":3,"79":3,"80":3,"81":9,"82":1,"83":1,"84":1,"85":1,"86":1,"87":12,"88":12,"89":12,"90":12,"91":12,"92":8,"93":8,"94":8,"95":8,"96":8,"97":8,"98":8,"99":8,"100":8,"101":8,"102":8,"103":8,"104":8,"105":8,"106":5,"107":8,"108":5,"109":8,"110":8,"111":8,"112":8,"113":8,"114":8,"115":8,"116":8,"117":8,"118":8,"119":17,"120":17,"121":15,"122":15,"123":45,"124":25,"125":25,"126":25,"127":25,"128":23,"129":23,"130":3,"131":20,"132":2,"133":2,"134":8,"135":4,"136":4,"137":0,"138":2,"139":0},"b":{"1":[15,0],"2":[15,0],"3":[0,27],"4":[25,2],"5":[23,2],"6":[23,0],"7":[21,2],"8":[19,2],"9":[19,0],"10":[19,0],"11":[19,0],"12":[19,0],"13":[17,2],"14":[15,2],"15":[1,14],"16":[3,70],"17":[1,2],"18":[69,2],"19":[65,4],"20":[64,1],"21":[31,2],"22":[29,0],"23":[29,0],"24":[27,2],"25":[25,2],"26":[3,22],"27":[29,2],"28":[29,0],"29":[8,21],"30":[3,0],"31":[3,0],"32":[3,0],"33":[7,2],"34":[12,0],"35":[12,0],"36":[8,4],"37":[8,0],"38":[8,0],"39":[8,0],"40":[5,3],"41":[15,2],"42":[20,25],"43":[23,2],"44":[3,20],"45":[4,4],"46":[0,4],"47":[0,2]},"f":{"1":15,"2":27,"3":73,"4":33,"5":31,"6":3,"7":12,"8":17,"9":25},"fnMap":{"1":{"name":"initialize","line":90,"loc":{"start":{"line":90,"column":4},"end":{"line":90,"column":70}}},"2":{"name":"proposeCompetition","line":119,"loc":{"start":{"line":119,"column":4},"end":{"line":130,"column":33}}},"3":{"name":"suggest","line":193,"loc":{"start":{"line":193,"column":4},"end":{"line":200,"column":5}}},"4":{"name":"vote","line":226,"loc":{"start":{"line":226,"column":4},"end":{"line":229,"column":5}}},"5":{"name":"setSnapshotBlock","line":261,"loc":{"start":{"line":261,"column":4},"end":{"line":261,"column":55}}},"6":{"name":"sendLeftOverFunds","line":275,"loc":{"start":{"line":275,"column":4},"end":{"line":275,"column":56}}},"7":{"name":"redeem","line":307,"loc":{"start":{"line":307,"column":4},"end":{"line":307,"column":47}}},"8":{"name":"getOrderedIndexOfSuggestion","line":364,"loc":{"start":{"line":364,"column":4},"end":{"line":367,"column":28}}},"9":{"name":"refreshTopSuggestions","line":387,"loc":{"start":{"line":387,"column":4},"end":{"line":387,"column":84}}}},"statementMap":{"1":{"start":{"line":91,"column":8},"end":{"line":91,"column":82}},"2":{"start":{"line":92,"column":8},"end":{"line":92,"column":92}},"3":{"start":{"line":93,"column":8},"end":{"line":93,"column":53}},"4":{"start":{"line":131,"column":8},"end":{"line":131,"column":53}},"5":{"start":{"line":132,"column":8},"end":{"line":132,"column":49}},"6":{"start":{"line":133,"column":8},"end":{"line":133,"column":4857}},"7":{"start":{"line":135,"column":12},"end":{"line":135,"column":26}},"8":{"start":{"line":138,"column":8},"end":{"line":138,"column":83}},"9":{"start":{"line":139,"column":8},"end":{"line":139,"column":102}},"10":{"start":{"line":140,"column":8},"end":{"line":140,"column":104}},"11":{"start":{"line":141,"column":8},"end":{"line":141,"column":95}},"12":{"start":{"line":142,"column":8},"end":{"line":142,"column":94}},"13":{"start":{"line":143,"column":8},"end":{"line":143,"column":5590}},"14":{"start":{"line":145,"column":8},"end":{"line":145,"column":112}},"15":{"start":{"line":146,"column":8},"end":{"line":146,"column":5780}},"16":{"start":{"line":147,"column":12},"end":{"line":147,"column":78}},"17":{"start":{"line":149,"column":8},"end":{"line":149,"column":101}},"18":{"start":{"line":150,"column":8},"end":{"line":150,"column":32}},"19":{"start":{"line":151,"column":8},"end":{"line":151,"column":6040}},"20":{"start":{"line":152,"column":12},"end":{"line":152,"column":67}},"21":{"start":{"line":154,"column":8},"end":{"line":154,"column":74}},"22":{"start":{"line":155,"column":8},"end":{"line":155,"column":6357}},"23":{"start":{"line":157,"column":8},"end":{"line":157,"column":62}},"24":{"start":{"line":158,"column":8},"end":{"line":158,"column":55}},"25":{"start":{"line":159,"column":8},"end":{"line":159,"column":50}},"26":{"start":{"line":160,"column":8},"end":{"line":160,"column":68}},"27":{"start":{"line":161,"column":8},"end":{"line":161,"column":60}},"28":{"start":{"line":162,"column":8},"end":{"line":162,"column":77}},"29":{"start":{"line":163,"column":8},"end":{"line":163,"column":71}},"30":{"start":{"line":164,"column":8},"end":{"line":164,"column":74}},"31":{"start":{"line":165,"column":8},"end":{"line":165,"column":60}},"32":{"start":{"line":166,"column":8},"end":{"line":166,"column":52}},"33":{"start":{"line":167,"column":8},"end":{"line":167,"column":62}},"34":{"start":{"line":168,"column":8},"end":{"line":168,"column":46}},"35":{"start":{"line":169,"column":8},"end":{"line":169,"column":7234}},"36":{"start":{"line":170,"column":12},"end":{"line":170,"column":51}},"37":{"start":{"line":172,"column":8},"end":{"line":172,"column":7331}},"38":{"start":{"line":201,"column":8},"end":{"line":201,"column":8283}},"39":{"start":{"line":202,"column":12},"end":{"line":202,"column":88}},"40":{"start":{"line":205,"column":8},"end":{"line":205,"column":86}},"41":{"start":{"line":207,"column":8},"end":{"line":207,"column":102}},"42":{"start":{"line":208,"column":8},"end":{"line":208,"column":53}},"43":{"start":{"line":209,"column":8},"end":{"line":209,"column":63}},"44":{"start":{"line":210,"column":8},"end":{"line":210,"column":35}},"45":{"start":{"line":211,"column":8},"end":{"line":211,"column":8903}},"46":{"start":{"line":212,"column":12},"end":{"line":212,"column":35}},"47":{"start":{"line":214,"column":12},"end":{"line":214,"column":37}},"48":{"start":{"line":216,"column":8},"end":{"line":216,"column":64}},"49":{"start":{"line":217,"column":8},"end":{"line":217,"column":90}},"50":{"start":{"line":218,"column":8},"end":{"line":218,"column":33}},"51":{"start":{"line":230,"column":8},"end":{"line":230,"column":66}},"52":{"start":{"line":231,"column":8},"end":{"line":231,"column":69}},"53":{"start":{"line":232,"column":8},"end":{"line":232,"column":35}},"54":{"start":{"line":233,"column":8},"end":{"line":233,"column":77}},"55":{"start":{"line":234,"column":8},"end":{"line":234,"column":115}},"56":{"start":{"line":235,"column":8},"end":{"line":235,"column":81}},"57":{"start":{"line":236,"column":8},"end":{"line":236,"column":57}},"58":{"start":{"line":238,"column":8},"end":{"line":238,"column":59}},"59":{"start":{"line":239,"column":8},"end":{"line":239,"column":66}},"60":{"start":{"line":240,"column":8},"end":{"line":240,"column":85}},"61":{"start":{"line":241,"column":8},"end":{"line":241,"column":10256}},"62":{"start":{"line":243,"column":8},"end":{"line":243,"column":85}},"63":{"start":{"line":244,"column":8},"end":{"line":244,"column":10443}},"64":{"start":{"line":245,"column":12},"end":{"line":245,"column":10548}},"65":{"start":{"line":248,"column":8},"end":{"line":248,"column":68}},"66":{"start":{"line":249,"column":8},"end":{"line":249,"column":117}},"67":{"start":{"line":250,"column":8},"end":{"line":250,"column":48}},"68":{"start":{"line":251,"column":8},"end":{"line":251,"column":55}},"69":{"start":{"line":252,"column":8},"end":{"line":252,"column":71}},"70":{"start":{"line":253,"column":8},"end":{"line":253,"column":19}},"71":{"start":{"line":263,"column":8},"end":{"line":263,"column":93}},"72":{"start":{"line":264,"column":8},"end":{"line":264,"column":94}},"73":{"start":{"line":265,"column":8},"end":{"line":265,"column":11572}},"74":{"start":{"line":266,"column":12},"end":{"line":266,"column":62}},"75":{"start":{"line":267,"column":12},"end":{"line":267,"column":57}},"76":{"start":{"line":277,"column":8},"end":{"line":277,"column":79}},"77":{"start":{"line":278,"column":8},"end":{"line":278,"column":94}},"78":{"start":{"line":279,"column":8},"end":{"line":279,"column":63}},"79":{"start":{"line":280,"column":8},"end":{"line":280,"column":79}},"80":{"start":{"line":281,"column":8},"end":{"line":281,"column":12332}},"81":{"start":{"line":282,"column":12},"end":{"line":282,"column":116}},"82":{"start":{"line":285,"column":8},"end":{"line":285,"column":12605}},"83":{"start":{"line":291,"column":8},"end":{"line":291,"column":77}},"84":{"start":{"line":293,"column":8},"end":{"line":293,"column":12884}},"85":{"start":{"line":296,"column":8},"end":{"line":296,"column":13023}},"86":{"start":{"line":299,"column":8},"end":{"line":299,"column":13162}},"87":{"start":{"line":308,"column":8},"end":{"line":308,"column":66}},"88":{"start":{"line":309,"column":8},"end":{"line":309,"column":62}},"89":{"start":{"line":310,"column":8},"end":{"line":310,"column":57}},"90":{"start":{"line":311,"column":8},"end":{"line":311,"column":57}},"91":{"start":{"line":313,"column":8},"end":{"line":313,"column":65}},"92":{"start":{"line":314,"column":8},"end":{"line":314,"column":80}},"93":{"start":{"line":315,"column":8},"end":{"line":315,"column":13905}},"94":{"start":{"line":317,"column":8},"end":{"line":317,"column":76}},"95":{"start":{"line":318,"column":8},"end":{"line":318,"column":71}},"96":{"start":{"line":319,"column":8},"end":{"line":319,"column":96}},"97":{"start":{"line":320,"column":8},"end":{"line":320,"column":58}},"98":{"start":{"line":321,"column":8},"end":{"line":321,"column":36}},"99":{"start":{"line":322,"column":8},"end":{"line":322,"column":107}},"100":{"start":{"line":323,"column":8},"end":{"line":323,"column":17}},"101":{"start":{"line":325,"column":8},"end":{"line":325,"column":14520}},"102":{"start":{"line":326,"column":12},"end":{"line":326,"column":75}},"103":{"start":{"line":328,"column":8},"end":{"line":328,"column":70}},"104":{"start":{"line":329,"column":8},"end":{"line":329,"column":40}},"105":{"start":{"line":330,"column":8},"end":{"line":330,"column":14832}},"106":{"start":{"line":333,"column":12},"end":{"line":333,"column":15067}},"107":{"start":{"line":334,"column":16},"end":{"line":334,"column":87}},"108":{"start":{"line":336,"column":12},"end":{"line":336,"column":15338}},"109":{"start":{"line":339,"column":8},"end":{"line":339,"column":22}},"110":{"start":{"line":340,"column":8},"end":{"line":340,"column":75}},"111":{"start":{"line":341,"column":8},"end":{"line":341,"column":15519}},"112":{"start":{"line":344,"column":8},"end":{"line":344,"column":72}},"113":{"start":{"line":345,"column":8},"end":{"line":345,"column":15721}},"114":{"start":{"line":348,"column":8},"end":{"line":348,"column":65}},"115":{"start":{"line":349,"column":8},"end":{"line":349,"column":15913}},"116":{"start":{"line":352,"column":8},"end":{"line":352,"column":73}},"117":{"start":{"line":353,"column":8},"end":{"line":353,"column":16108}},"118":{"start":{"line":355,"column":8},"end":{"line":355,"column":64}},"119":{"start":{"line":368,"column":8},"end":{"line":368,"column":66}},"120":{"start":{"line":369,"column":8},"end":{"line":369,"column":69}},"121":{"start":{"line":370,"column":8},"end":{"line":370,"column":78}},"122":{"start":{"line":372,"column":8},"end":{"line":372,"column":16951}},"123":{"start":{"line":373,"column":12},"end":{"line":373,"column":17021}},"124":{"start":{"line":388,"column":8},"end":{"line":388,"column":80}},"125":{"start":{"line":389,"column":8},"end":{"line":389,"column":60}},"126":{"start":{"line":390,"column":8},"end":{"line":390,"column":17}},"127":{"start":{"line":391,"column":8},"end":{"line":391,"column":17768}},"128":{"start":{"line":392,"column":12},"end":{"line":392,"column":17853}},"129":{"start":{"line":393,"column":16},"end":{"line":393,"column":17918}},"130":{"start":{"line":394,"column":20},"end":{"line":394,"column":26}},"131":{"start":{"line":397,"column":12},"end":{"line":397,"column":45}},"132":{"start":{"line":400,"column":12},"end":{"line":400,"column":32}},"133":{"start":{"line":401,"column":12},"end":{"line":401,"column":18182}},"134":{"start":{"line":402,"column":16},"end":{"line":402,"column":18265}},"135":{"start":{"line":404,"column":20},"end":{"line":404,"column":31}},"136":{"start":{"line":405,"column":23},"end":{"line":405,"column":18442}},"137":{"start":{"line":407,"column":20},"end":{"line":407,"column":26}},"138":{"start":{"line":411,"column":12},"end":{"line":411,"column":18626}},"139":{"start":{"line":412,"column":16},"end":{"line":412,"column":55}}},"branchMap":{"1":{"line":91,"type":"if","locations":[{"start":{"line":91,"column":8},"end":{"line":91,"column":8}},{"start":{"line":91,"column":8},"end":{"line":91,"column":8}}]},"2":{"line":92,"type":"if","locations":[{"start":{"line":92,"column":8},"end":{"line":92,"column":8}},{"start":{"line":92,"column":8},"end":{"line":92,"column":8}}]},"3":{"line":133,"type":"if","locations":[{"start":{"line":133,"column":8},"end":{"line":133,"column":8}},{"start":{"line":133,"column":8},"end":{"line":133,"column":8}}]},"4":{"line":138,"type":"if","locations":[{"start":{"line":138,"column":8},"end":{"line":138,"column":8}},{"start":{"line":138,"column":8},"end":{"line":138,"column":8}}]},"5":{"line":139,"type":"if","locations":[{"start":{"line":139,"column":8},"end":{"line":139,"column":8}},{"start":{"line":139,"column":8},"end":{"line":139,"column":8}}]},"6":{"line":140,"type":"if","locations":[{"start":{"line":140,"column":8},"end":{"line":140,"column":8}},{"start":{"line":140,"column":8},"end":{"line":140,"column":8}}]},"7":{"line":141,"type":"if","locations":[{"start":{"line":141,"column":8},"end":{"line":141,"column":8}},{"start":{"line":141,"column":8},"end":{"line":141,"column":8}}]},"8":{"line":142,"type":"if","locations":[{"start":{"line":142,"column":8},"end":{"line":142,"column":8}},{"start":{"line":142,"column":8},"end":{"line":142,"column":8}}]},"9":{"line":143,"type":"if","locations":[{"start":{"line":143,"column":8},"end":{"line":143,"column":8}},{"start":{"line":143,"column":8},"end":{"line":143,"column":8}}]},"10":{"line":145,"type":"if","locations":[{"start":{"line":145,"column":8},"end":{"line":145,"column":8}},{"start":{"line":145,"column":8},"end":{"line":145,"column":8}}]},"11":{"line":146,"type":"if","locations":[{"start":{"line":146,"column":8},"end":{"line":146,"column":8}},{"start":{"line":146,"column":8},"end":{"line":146,"column":8}}]},"12":{"line":147,"type":"if","locations":[{"start":{"line":147,"column":12},"end":{"line":147,"column":12}},{"start":{"line":147,"column":12},"end":{"line":147,"column":12}}]},"13":{"line":149,"type":"if","locations":[{"start":{"line":149,"column":8},"end":{"line":149,"column":8}},{"start":{"line":149,"column":8},"end":{"line":149,"column":8}}]},"14":{"line":154,"type":"if","locations":[{"start":{"line":154,"column":8},"end":{"line":154,"column":8}},{"start":{"line":154,"column":8},"end":{"line":154,"column":8}}]},"15":{"line":169,"type":"if","locations":[{"start":{"line":169,"column":8},"end":{"line":169,"column":8}},{"start":{"line":169,"column":8},"end":{"line":169,"column":8}}]},"16":{"line":201,"type":"if","locations":[{"start":{"line":201,"column":8},"end":{"line":201,"column":8}},{"start":{"line":201,"column":8},"end":{"line":201,"column":8}}]},"17":{"line":202,"type":"if","locations":[{"start":{"line":202,"column":12},"end":{"line":202,"column":12}},{"start":{"line":202,"column":12},"end":{"line":202,"column":12}}]},"18":{"line":205,"type":"if","locations":[{"start":{"line":205,"column":8},"end":{"line":205,"column":8}},{"start":{"line":205,"column":8},"end":{"line":205,"column":8}}]},"19":{"line":207,"type":"if","locations":[{"start":{"line":207,"column":8},"end":{"line":207,"column":8}},{"start":{"line":207,"column":8},"end":{"line":207,"column":8}}]},"20":{"line":211,"type":"if","locations":[{"start":{"line":211,"column":8},"end":{"line":211,"column":8}},{"start":{"line":211,"column":8},"end":{"line":211,"column":8}}]},"21":{"line":231,"type":"if","locations":[{"start":{"line":231,"column":8},"end":{"line":231,"column":8}},{"start":{"line":231,"column":8},"end":{"line":231,"column":8}}]},"22":{"line":235,"type":"if","locations":[{"start":{"line":235,"column":8},"end":{"line":235,"column":8}},{"start":{"line":235,"column":8},"end":{"line":235,"column":8}}]},"23":{"line":238,"type":"if","locations":[{"start":{"line":238,"column":8},"end":{"line":238,"column":8}},{"start":{"line":238,"column":8},"end":{"line":238,"column":8}}]},"24":{"line":240,"type":"if","locations":[{"start":{"line":240,"column":8},"end":{"line":240,"column":8}},{"start":{"line":240,"column":8},"end":{"line":240,"column":8}}]},"25":{"line":241,"type":"if","locations":[{"start":{"line":241,"column":8},"end":{"line":241,"column":8}},{"start":{"line":241,"column":8},"end":{"line":241,"column":8}}]},"26":{"line":244,"type":"if","locations":[{"start":{"line":244,"column":8},"end":{"line":244,"column":8}},{"start":{"line":244,"column":8},"end":{"line":244,"column":8}}]},"27":{"line":263,"type":"if","locations":[{"start":{"line":263,"column":8},"end":{"line":263,"column":8}},{"start":{"line":263,"column":8},"end":{"line":263,"column":8}}]},"28":{"line":264,"type":"if","locations":[{"start":{"line":264,"column":8},"end":{"line":264,"column":8}},{"start":{"line":264,"column":8},"end":{"line":264,"column":8}}]},"29":{"line":265,"type":"if","locations":[{"start":{"line":265,"column":8},"end":{"line":265,"column":8}},{"start":{"line":265,"column":8},"end":{"line":265,"column":8}}]},"30":{"line":277,"type":"if","locations":[{"start":{"line":277,"column":8},"end":{"line":277,"column":8}},{"start":{"line":277,"column":8},"end":{"line":277,"column":8}}]},"31":{"line":278,"type":"if","locations":[{"start":{"line":278,"column":8},"end":{"line":278,"column":8}},{"start":{"line":278,"column":8},"end":{"line":278,"column":8}}]},"32":{"line":279,"type":"if","locations":[{"start":{"line":279,"column":8},"end":{"line":279,"column":8}},{"start":{"line":279,"column":8},"end":{"line":279,"column":8}}]},"33":{"line":282,"type":"if","locations":[{"start":{"line":282,"column":12},"end":{"line":282,"column":12}},{"start":{"line":282,"column":12},"end":{"line":282,"column":12}}]},"34":{"line":309,"type":"if","locations":[{"start":{"line":309,"column":8},"end":{"line":309,"column":8}},{"start":{"line":309,"column":8},"end":{"line":309,"column":8}}]},"35":{"line":311,"type":"if","locations":[{"start":{"line":311,"column":8},"end":{"line":311,"column":8}},{"start":{"line":311,"column":8},"end":{"line":311,"column":8}}]},"36":{"line":313,"type":"if","locations":[{"start":{"line":313,"column":8},"end":{"line":313,"column":8}},{"start":{"line":313,"column":8},"end":{"line":313,"column":8}}]},"37":{"line":314,"type":"if","locations":[{"start":{"line":314,"column":8},"end":{"line":314,"column":8}},{"start":{"line":314,"column":8},"end":{"line":314,"column":8}}]},"38":{"line":315,"type":"if","locations":[{"start":{"line":315,"column":8},"end":{"line":315,"column":8}},{"start":{"line":315,"column":8},"end":{"line":315,"column":8}}]},"39":{"line":319,"type":"if","locations":[{"start":{"line":319,"column":8},"end":{"line":319,"column":8}},{"start":{"line":319,"column":8},"end":{"line":319,"column":8}}]},"40":{"line":330,"type":"if","locations":[{"start":{"line":330,"column":8},"end":{"line":330,"column":8}},{"start":{"line":330,"column":8},"end":{"line":330,"column":8}}]},"41":{"line":369,"type":"if","locations":[{"start":{"line":369,"column":8},"end":{"line":369,"column":8}},{"start":{"line":369,"column":8},"end":{"line":369,"column":8}}]},"42":{"line":373,"type":"if","locations":[{"start":{"line":373,"column":12},"end":{"line":373,"column":12}},{"start":{"line":373,"column":12},"end":{"line":373,"column":12}}]},"43":{"line":391,"type":"if","locations":[{"start":{"line":391,"column":8},"end":{"line":391,"column":8}},{"start":{"line":391,"column":8},"end":{"line":391,"column":8}}]},"44":{"line":393,"type":"if","locations":[{"start":{"line":393,"column":16},"end":{"line":393,"column":16}},{"start":{"line":393,"column":16},"end":{"line":393,"column":16}}]},"45":{"line":402,"type":"if","locations":[{"start":{"line":402,"column":16},"end":{"line":402,"column":16}},{"start":{"line":402,"column":16},"end":{"line":402,"column":16}}]},"46":{"line":405,"type":"if","locations":[{"start":{"line":405,"column":23},"end":{"line":405,"column":23}},{"start":{"line":405,"column":23},"end":{"line":405,"column":23}}]},"47":{"line":411,"type":"if","locations":[{"start":{"line":411,"column":12},"end":{"line":411,"column":12}},{"start":{"line":411,"column":12},"end":{"line":411,"column":12}}]}}},
"contracts/schemes/ContinuousLocking4Reputation.sol":{"l":{"98":33,"99":31,"101":31,"102":29,"104":29,"106":27,"107":25,"108":25,"109":25,"110":25,"111":25,"112":25,"113":25,"114":25,"115":25,"116":23,"117":23,"118":23,"119":23,"130":16,"131":14,"132":14,"133":14,"135":14,"136":14,"137":14,"138":149,"139":149,"140":149,"141":144,"142":144,"143":144,"144":144,"145":144,"146":144,"149":14,"150":14,"152":12,"153":12,"171":27,"173":23,"174":23,"175":23,"176":23,"178":21,"179":21,"181":21,"182":21,"183":21,"185":21,"187":21,"189":21,"190":21,"193":19,"194":107,"195":107,"196":107,"197":107,"200":19,"201":19,"218":13,"219":13,"221":11,"223":11,"224":11,"225":9,"226":9,"229":9,"230":9,"232":9,"233":100,"234":100,"235":100,"236":100,"238":9,"239":9,"249":12,"250":12,"251":10,"252":10,"254":10,"256":4,"257":4,"258":4,"269":146,"270":145,"282":2,"291":289,"292":289,"293":289,"300":311,"307":158,"316":144},"path":"/home/blackjak/Projects/DXdao/arc/contracts/schemes/ContinuousLocking4Reputation.sol","s":{"1":33,"2":31,"3":31,"4":29,"5":29,"6":27,"7":25,"8":25,"9":25,"10":25,"11":25,"12":25,"13":25,"14":25,"15":25,"16":23,"17":23,"18":23,"19":23,"20":16,"21":14,"22":14,"23":14,"24":14,"25":14,"26":14,"27":149,"28":149,"29":149,"30":144,"31":144,"32":144,"33":144,"34":144,"35":144,"36":14,"37":14,"38":12,"39":12,"40":27,"41":23,"42":23,"43":23,"44":23,"45":21,"46":21,"47":21,"48":21,"49":21,"50":21,"51":21,"52":21,"53":21,"54":19,"55":107,"56":107,"57":107,"58":107,"59":19,"60":19,"61":13,"62":13,"63":11,"64":11,"65":11,"66":9,"67":9,"68":9,"69":9,"70":9,"71":100,"72":100,"73":100,"74":100,"75":9,"76":9,"77":12,"78":12,"79":10,"80":10,"81":10,"82":4,"83":4,"84":4,"85":146,"86":145,"87":2,"88":289,"89":289,"90":289,"91":311,"92":158,"93":144},"b":{"1":[31,2],"2":[31,0],"3":[29,2],"4":[29,0],"5":[27,2],"6":[25,2],"7":[25,0],"8":[23,2],"9":[14,2],"10":[14,0],"11":[144,5],"12":[12,2],"13":[12,0],"14":[23,4],"15":[23,0],"16":[23,0],"17":[23,0],"18":[21,2],"19":[19,2],"20":[11,2],"21":[9,2],"22":[9,0],"23":[9,0],"24":[9,0],"25":[10,2],"26":[4,6],"27":[145,1],"28":[289,0]},"f":{"1":33,"2":16,"3":27,"4":13,"5":12,"6":146,"7":2,"8":289,"9":311,"10":158,"11":144},"fnMap":{"1":{"name":"initialize","line":84,"loc":{"start":{"line":84,"column":4},"end":{"line":97,"column":5}}},"2":{"name":"redeem","line":128,"loc":{"start":{"line":128,"column":4},"end":{"line":128,"column":94}}},"3":{"name":"lock","line":168,"loc":{"start":{"line":168,"column":28},"end":{"line":170,"column":5}}},"4":{"name":"extendLocking","line":216,"loc":{"start":{"line":216,"column":28},"end":{"line":217,"column":5}}},"5":{"name":"release","line":248,"loc":{"start":{"line":248,"column":4},"end":{"line":248,"column":91}}},"6":{"name":"getRepRewardPerBatch","line":268,"loc":{"start":{"line":268,"column":4},"end":{"line":268,"column":92}}},"7":{"name":"getLockingIdScore","line":281,"loc":{"start":{"line":281,"column":4},"end":{"line":281,"column":99}}},"8":{"name":"mul","line":288,"loc":{"start":{"line":288,"column":4},"end":{"line":288,"column":75}}},"9":{"name":"toReal","line":299,"loc":{"start":{"line":299,"column":4},"end":{"line":299,"column":63}}},"10":{"name":"fromReal","line":306,"loc":{"start":{"line":306,"column":4},"end":{"line":306,"column":70}}},"11":{"name":"div","line":313,"loc":{"start":{"line":313,"column":4},"end":{"line":313,"column":93}}}},"statementMap":{"1":{"start":{"line":98,"column":8},"end":{"line":98,"column":66}},"2":{"start":{"line":99,"column":8},"end":{"line":99,"column":61}},"3":{"start":{"line":101,"column":8},"end":{"line":101,"column":59}},"4":{"start":{"line":102,"column":8},"end":{"line":102,"column":4436}},"5":{"start":{"line":104,"column":8},"end":{"line":104,"column":4558}},"6":{"start":{"line":106,"column":8},"end":{"line":106,"column":101}},"7":{"start":{"line":107,"column":8},"end":{"line":107,"column":21}},"8":{"start":{"line":108,"column":8},"end":{"line":108,"column":23}},"9":{"start":{"line":109,"column":8},"end":{"line":109,"column":29}},"10":{"start":{"line":110,"column":8},"end":{"line":110,"column":47}},"11":{"start":{"line":111,"column":8},"end":{"line":111,"column":43}},"12":{"start":{"line":112,"column":8},"end":{"line":112,"column":45}},"13":{"start":{"line":113,"column":8},"end":{"line":113,"column":29}},"14":{"start":{"line":114,"column":8},"end":{"line":114,"column":76}},"15":{"start":{"line":115,"column":8},"end":{"line":115,"column":101}},"16":{"start":{"line":116,"column":8},"end":{"line":116,"column":58}},"17":{"start":{"line":117,"column":8},"end":{"line":117,"column":74}},"18":{"start":{"line":118,"column":8},"end":{"line":118,"column":41}},"19":{"start":{"line":119,"column":8},"end":{"line":119,"column":45}},"20":{"start":{"line":130,"column":8},"end":{"line":130,"column":64}},"21":{"start":{"line":131,"column":8},"end":{"line":131,"column":63}},"22":{"start":{"line":132,"column":8},"end":{"line":132,"column":68}},"23":{"start":{"line":133,"column":8},"end":{"line":133,"column":85}},"24":{"start":{"line":135,"column":8},"end":{"line":135,"column":60}},"25":{"start":{"line":136,"column":8},"end":{"line":136,"column":101}},"26":{"start":{"line":137,"column":8},"end":{"line":137,"column":6285}},"27":{"start":{"line":138,"column":12},"end":{"line":138,"column":67}},"28":{"start":{"line":139,"column":12},"end":{"line":139,"column":54}},"29":{"start":{"line":140,"column":12},"end":{"line":140,"column":6532}},"30":{"start":{"line":141,"column":16},"end":{"line":141,"column":45}},"31":{"start":{"line":142,"column":16},"end":{"line":142,"column":92}},"32":{"start":{"line":143,"column":16},"end":{"line":143,"column":88}},"33":{"start":{"line":144,"column":16},"end":{"line":144,"column":94}},"34":{"start":{"line":145,"column":16},"end":{"line":145,"column":58}},"35":{"start":{"line":146,"column":16},"end":{"line":146,"column":112}},"36":{"start":{"line":149,"column":8},"end":{"line":149,"column":49}},"37":{"start":{"line":150,"column":8},"end":{"line":150,"column":59}},"38":{"start":{"line":152,"column":8},"end":{"line":152,"column":66}},"39":{"start":{"line":153,"column":8},"end":{"line":153,"column":7404}},"40":{"start":{"line":171,"column":8},"end":{"line":171,"column":52}},"41":{"start":{"line":173,"column":8},"end":{"line":173,"column":87}},"42":{"start":{"line":174,"column":8},"end":{"line":174,"column":82}},"43":{"start":{"line":175,"column":8},"end":{"line":175,"column":50}},"44":{"start":{"line":176,"column":8},"end":{"line":176,"column":8377}},"45":{"start":{"line":178,"column":8},"end":{"line":178,"column":39}},"46":{"start":{"line":179,"column":8},"end":{"line":179,"column":30}},"47":{"start":{"line":181,"column":8},"end":{"line":181,"column":60}},"48":{"start":{"line":182,"column":8},"end":{"line":182,"column":30}},"49":{"start":{"line":183,"column":8},"end":{"line":183,"column":30}},"50":{"start":{"line":185,"column":8},"end":{"line":185,"column":31}},"51":{"start":{"line":187,"column":8},"end":{"line":187,"column":74}},"52":{"start":{"line":189,"column":8},"end":{"line":189,"column":66}},"53":{"start":{"line":190,"column":8},"end":{"line":190,"column":9021}},"54":{"start":{"line":193,"column":8},"end":{"line":193,"column":9134}},"55":{"start":{"line":194,"column":12},"end":{"line":194,"column":65}},"56":{"start":{"line":195,"column":12},"end":{"line":195,"column":54}},"57":{"start":{"line":196,"column":12},"end":{"line":196,"column":57}},"58":{"start":{"line":197,"column":12},"end":{"line":197,"column":42}},"59":{"start":{"line":200,"column":8},"end":{"line":200,"column":53}},"60":{"start":{"line":201,"column":8},"end":{"line":201,"column":63}},"61":{"start":{"line":218,"column":8},"end":{"line":218,"column":61}},"62":{"start":{"line":219,"column":8},"end":{"line":219,"column":68}},"63":{"start":{"line":221,"column":8},"end":{"line":221,"column":10343}},"64":{"start":{"line":223,"column":8},"end":{"line":223,"column":74}},"65":{"start":{"line":224,"column":8},"end":{"line":224,"column":106}},"66":{"start":{"line":225,"column":8},"end":{"line":225,"column":62}},"67":{"start":{"line":226,"column":8},"end":{"line":226,"column":10677}},"68":{"start":{"line":229,"column":8},"end":{"line":229,"column":66}},"69":{"start":{"line":230,"column":8},"end":{"line":230,"column":82}},"70":{"start":{"line":232,"column":8},"end":{"line":232,"column":11023}},"71":{"start":{"line":233,"column":12},"end":{"line":233,"column":65}},"72":{"start":{"line":234,"column":12},"end":{"line":234,"column":76}},"73":{"start":{"line":235,"column":12},"end":{"line":235,"column":87}},"74":{"start":{"line":236,"column":12},"end":{"line":236,"column":43}},"75":{"start":{"line":238,"column":8},"end":{"line":238,"column":55}},"76":{"start":{"line":239,"column":8},"end":{"line":239,"column":65}},"77":{"start":{"line":249,"column":8},"end":{"line":249,"column":63}},"78":{"start":{"line":250,"column":8},"end":{"line":250,"column":61}},"79":{"start":{"line":251,"column":8},"end":{"line":251,"column":29}},"80":{"start":{"line":252,"column":8},"end":{"line":252,"column":24}},"81":{"start":{"line":254,"column":8},"end":{"line":254,"column":12055}},"82":{"start":{"line":256,"column":8},"end":{"line":256,"column":52}},"83":{"start":{"line":257,"column":8},"end":{"line":257,"column":56}},"84":{"start":{"line":258,"column":8},"end":{"line":258,"column":54}},"85":{"start":{"line":269,"column":8},"end":{"line":269,"column":12700}},"86":{"start":{"line":270,"column":12},"end":{"line":270,"column":77}},"87":{"start":{"line":282,"column":8},"end":{"line":282,"column":54}},"88":{"start":{"line":291,"column":8},"end":{"line":291,"column":35}},"89":{"start":{"line":292,"column":8},"end":{"line":292,"column":59}},"90":{"start":{"line":293,"column":8},"end":{"line":293,"column":34}},"91":{"start":{"line":300,"column":8},"end":{"line":300,"column":40}},"92":{"start":{"line":307,"column":8},"end":{"line":307,"column":45}},"93":{"start":{"line":316,"column":8},"end":{"line":316,"column":86}}},"branchMap":{"1":{"line":98,"type":"if","locations":[{"start":{"line":98,"column":8},"end":{"line":98,"column":8}},{"start":{"line":98,"column":8},"end":{"line":98,"column":8}}]},"2":{"line":99,"type":"if","locations":[{"start":{"line":99,"column":8},"end":{"line":99,"column":8}},{"start":{"line":99,"column":8},"end":{"line":99,"column":8}}]},"3":{"line":101,"type":"if","locations":[{"start":{"line":101,"column":8},"end":{"line":101,"column":8}},{"start":{"line":101,"column":8},"end":{"line":101,"column":8}}]},"4":{"line":102,"type":"if","locations":[{"start":{"line":102,"column":8},"end":{"line":102,"column":8}},{"start":{"line":102,"column":8},"end":{"line":102,"column":8}}]},"5":{"line":104,"type":"if","locations":[{"start":{"line":104,"column":8},"end":{"line":104,"column":8}},{"start":{"line":104,"column":8},"end":{"line":104,"column":8}}]},"6":{"line":106,"type":"if","locations":[{"start":{"line":106,"column":8},"end":{"line":106,"column":8}},{"start":{"line":106,"column":8},"end":{"line":106,"column":8}}]},"7":{"line":114,"type":"if","locations":[{"start":{"line":114,"column":8},"end":{"line":114,"column":8}},{"start":{"line":114,"column":8},"end":{"line":114,"column":8}}]},"8":{"line":115,"type":"if","locations":[{"start":{"line":115,"column":8},"end":{"line":115,"column":8}},{"start":{"line":115,"column":8},"end":{"line":115,"column":8}}]},"9":{"line":130,"type":"if","locations":[{"start":{"line":130,"column":8},"end":{"line":130,"column":8}},{"start":{"line":130,"column":8},"end":{"line":130,"column":8}}]},"10":{"line":132,"type":"if","locations":[{"start":{"line":132,"column":8},"end":{"line":132,"column":8}},{"start":{"line":132,"column":8},"end":{"line":132,"column":8}}]},"11":{"line":140,"type":"if","locations":[{"start":{"line":140,"column":12},"end":{"line":140,"column":12}},{"start":{"line":140,"column":12},"end":{"line":140,"column":12}}]},"12":{"line":150,"type":"if","locations":[{"start":{"line":150,"column":8},"end":{"line":150,"column":8}},{"start":{"line":150,"column":8},"end":{"line":150,"column":8}}]},"13":{"line":153,"type":"if","locations":[{"start":{"line":153,"column":8},"end":{"line":153,"column":8}},{"start":{"line":153,"column":8},"end":{"line":153,"column":8}}]},"14":{"line":171,"type":"if","locations":[{"start":{"line":171,"column":8},"end":{"line":171,"column":8}},{"start":{"line":171,"column":8},"end":{"line":171,"column":8}}]},"15":{"line":173,"type":"if","locations":[{"start":{"line":173,"column":8},"end":{"line":173,"column":8}},{"start":{"line":173,"column":8},"end":{"line":173,"column":8}}]},"16":{"line":174,"type":"if","locations":[{"start":{"line":174,"column":8},"end":{"line":174,"column":8}},{"start":{"line":174,"column":8},"end":{"line":174,"column":8}}]},"17":{"line":175,"type":"if","locations":[{"start":{"line":175,"column":8},"end":{"line":175,"column":8}},{"start":{"line":175,"column":8},"end":{"line":175,"column":8}}]},"18":{"line":176,"type":"if","locations":[{"start":{"line":176,"column":8},"end":{"line":176,"column":8}},{"start":{"line":176,"column":8},"end":{"line":176,"column":8}}]},"19":{"line":190,"type":"if","locations":[{"start":{"line":190,"column":8},"end":{"line":190,"column":8}},{"start":{"line":190,"column":8},"end":{"line":190,"column":8}}]},"20":{"line":219,"type":"if","locations":[{"start":{"line":219,"column":8},"end":{"line":219,"column":8}},{"start":{"line":219,"column":8},"end":{"line":219,"column":8}}]},"21":{"line":224,"type":"if","locations":[{"start":{"line":224,"column":8},"end":{"line":224,"column":8}},{"start":{"line":224,"column":8},"end":{"line":224,"column":8}}]},"22":{"line":225,"type":"if","locations":[{"start":{"line":225,"column":8},"end":{"line":225,"column":8}},{"start":{"line":225,"column":8},"end":{"line":225,"column":8}}]},"23":{"line":226,"type":"if","locations":[{"start":{"line":226,"column":8},"end":{"line":226,"column":8}},{"start":{"line":226,"column":8},"end":{"line":226,"column":8}}]},"24":{"line":230,"type":"if","locations":[{"start":{"line":230,"column":8},"end":{"line":230,"column":8}},{"start":{"line":230,"column":8},"end":{"line":230,"column":8}}]},"25":{"line":250,"type":"if","locations":[{"start":{"line":250,"column":8},"end":{"line":250,"column":8}},{"start":{"line":250,"column":8},"end":{"line":250,"column":8}}]},"26":{"line":254,"type":"if","locations":[{"start":{"line":254,"column":8},"end":{"line":254,"column":8}},{"start":{"line":254,"column":8},"end":{"line":254,"column":8}}]},"27":{"line":269,"type":"if","locations":[{"start":{"line":269,"column":8},"end":{"line":269,"column":8}},{"start":{"line":269,"column":8},"end":{"line":269,"column":8}}]},"28":{"line":292,"type":"if","locations":[{"start":{"line":292,"column":8},"end":{"line":292,"column":8}},{"start":{"line":292,"column":8},"end":{"line":292,"column":8}}]}}},
"contracts/schemes/ContributionRewardExt.sol":{"l":{"72":59,"73":51,"105":36,"106":34,"107":34,"108":34,"109":34,"110":34,"111":34,"123":18,"124":18,"125":18,"126":15,"128":18,"129":18,"155":34,"156":34,"157":19,"159":34,"160":34,"161":34,"162":1,"164":34,"165":19,"168":32,"181":32,"183":32,"195":32,"207":15,"208":15,"213":13,"214":5,"215":5,"216":5,"219":8,"221":8,"223":8,"224":6,"228":1,"232":8,"233":7,"245":10,"246":10,"248":10,"250":5,"251":5,"254":10,"256":10,"257":10,"258":10,"259":10,"269":10,"270":10,"272":10,"273":5,"274":5,"277":10,"279":10,"280":10,"281":10,"282":10,"292":6,"293":6,"296":6,"297":5,"298":5,"302":6,"303":6,"305":6,"306":6,"310":6,"325":12,"326":12,"329":12,"332":10,"335":10,"336":10,"350":13,"351":13,"354":13,"358":11,"359":11,"360":11,"374":13,"375":13,"378":13,"381":11,"382":11,"383":11,"396":13,"397":13,"400":13,"404":11,"405":11,"406":11,"407":11,"427":18,"428":15,"431":16,"432":10,"435":16,"436":10,"439":16,"440":6,"445":4,"449":4,"453":4,"457":0,"461":0,"465":6},"path":"/home/blackjak/Projects/DXdao/arc/contracts/schemes/ContributionRewardExt.sol","s":{"1":59,"2":36,"3":34,"4":34,"5":34,"6":34,"7":34,"8":34,"9":18,"10":18,"11":18,"12":15,"13":18,"14":18,"15":34,"16":34,"17":19,"18":34,"19":34,"20":34,"21":1,"22":34,"23":19,"24":32,"25":32,"26":32,"27":32,"28":15,"29":15,"30":13,"31":5,"32":5,"33":5,"34":8,"35":8,"36":8,"37":6,"38":2,"39":1,"40":8,"41":7,"42":10,"43":10,"44":10,"45":5,"46":5,"47":10,"48":10,"49":10,"50":10,"51":10,"52":10,"53":10,"54":10,"55":5,"56":5,"57":10,"58":10,"59":10,"60":10,"61":10,"62":6,"63":6,"64":6,"65":5,"66":5,"67":6,"68":6,"69":6,"70":6,"71":6,"72":12,"73":12,"74":12,"75":10,"76":10,"77":10,"78":13,"79":13,"80":13,"81":11,"82":11,"83":11,"84":13,"85":13,"86":13,"87":11,"88":11,"89":11,"90":13,"91":13,"92":13,"93":11,"94":11,"95":11,"96":11,"97":18,"98":15,"99":16,"100":10,"101":16,"102":10,"103":16,"104":6,"105":4,"106":4,"107":4,"108":0,"109":0,"110":6},"b":{"1":[51,8],"2":[34,2],"3":[34,0],"4":[34,0],"5":[18,0],"6":[18,0],"7":[15,3],"8":[19,15],"9":[1,33],"10":[19,15],"11":[17,2],"12":[13,2],"13":[5,8],"14":[5,0],"15":[6,2],"16":[6,0],"17":[1,1],"18":[1,0],"19":[7,1],"20":[10,0],"21":[5,5],"22":[5,0],"23":[10,0],"24":[10,0],"25":[10,0],"26":[5,5],"27":[5,0],"28":[10,0],"29":[10,0],"30":[6,0],"31":[5,1],"32":[5,0],"33":[6,0],"34":[6,0],"35":[12,0],"36":[10,0],"37":[10,0],"38":[13,0],"39":[11,0],"40":[13,0],"41":[11,0],"42":[13,0],"43":[11,0],"44":[11,0],"45":[15,3],"46":[10,6],"47":[10,6],"48":[6,10]},"f":{"1":59,"2":5,"3":36,"4":18,"5":34,"6":15,"7":10,"8":10,"9":6,"10":12,"11":13,"12":13,"13":13,"14":18,"15":4,"16":4,"17":4,"18":0,"19":0,"20":6},"fnMap":{"1":{"name":"onlyRewarder","line":71,"loc":{"start":{"line":71,"column":4},"end":{"line":71,"column":25}}},"2":{"name":"","line":86,"loc":{"start":{"line":86,"column":4},"end":{"line":86,"column":29}}},"3":{"name":"initialize","line":97,"loc":{"start":{"line":97,"column":4},"end":{"line":104,"column":5}}},"4":{"name":"executeProposal","line":121,"loc":{"start":{"line":121,"column":33},"end":{"line":122,"column":19}}},"5":{"name":"proposeContributionReward","line":144,"loc":{"start":{"line":144,"column":4},"end":{"line":154,"column":5}}},"6":{"name":"redeemReputation","line":206,"loc":{"start":{"line":206,"column":4},"end":{"line":206,"column":82}}},"7":{"name":"redeemNativeToken","line":243,"loc":{"start":{"line":243,"column":4},"end":{"line":243,"column":80}}},"8":{"name":"redeemEther","line":268,"loc":{"start":{"line":268,"column":4},"end":{"line":268,"column":74}}},"9":{"name":"redeemExternalToken","line":291,"loc":{"start":{"line":291,"column":4},"end":{"line":291,"column":82}}},"10":{"name":"redeemReputationByRewarder","line":323,"loc":{"start":{"line":323,"column":15},"end":{"line":324,"column":5}}},"11":{"name":"redeemNativeTokenByRewarder","line":348,"loc":{"start":{"line":348,"column":15},"end":{"line":349,"column":5}}},"12":{"name":"redeemEtherByRewarder","line":372,"loc":{"start":{"line":372,"column":15},"end":{"line":373,"column":5}}},"13":{"name":"redeemExternalTokenByRewarder","line":395,"loc":{"start":{"line":395,"column":15},"end":{"line":395,"column":3}}},"14":{"name":"redeem","line":422,"loc":{"start":{"line":422,"column":4},"end":{"line":425,"column":5}}},"15":{"name":"getProposalEthReward","line":444,"loc":{"start":{"line":444,"column":4},"end":{"line":444,"column":82}}},"16":{"name":"getProposalExternalTokenReward","line":448,"loc":{"start":{"line":448,"column":4},"end":{"line":448,"column":92}}},"17":{"name":"getProposalExternalToken","line":452,"loc":{"start":{"line":452,"column":4},"end":{"line":452,"column":86}}},"18":{"name":"getProposalReputationReward","line":456,"loc":{"start":{"line":456,"column":4},"end":{"line":456,"column":88}}},"19":{"name":"getProposalNativeTokenReward","line":460,"loc":{"start":{"line":460,"column":4},"end":{"line":460,"column":90}}},"20":{"name":"getProposalAcceptedByVotingMachine","line":464,"loc":{"start":{"line":464,"column":4},"end":{"line":464,"column":93}}}},"statementMap":{"1":{"start":{"line":72,"column":8},"end":{"line":72,"column":70}},"2":{"start":{"line":105,"column":8},"end":{"line":105,"column":66}},"3":{"start":{"line":106,"column":8},"end":{"line":106,"column":61}},"4":{"start":{"line":107,"column":8},"end":{"line":107,"column":85}},"5":{"start":{"line":108,"column":8},"end":{"line":108,"column":23}},"6":{"start":{"line":109,"column":8},"end":{"line":109,"column":37}},"7":{"start":{"line":110,"column":8},"end":{"line":110,"column":31}},"8":{"start":{"line":111,"column":8},"end":{"line":111,"column":27}},"9":{"start":{"line":123,"column":8},"end":{"line":123,"column":83}},"10":{"start":{"line":124,"column":8},"end":{"line":124,"column":76}},"11":{"start":{"line":125,"column":8},"end":{"line":125,"column":4388}},"12":{"start":{"line":126,"column":12},"end":{"line":126,"column":76}},"13":{"st
[...]
"contracts/universalSchemes/VoteInOrganizationScheme.sol":{"l":{"53":4,"55":4,"56":4,"57":4,"58":4,"59":4,"60":4,"62":4,"64":3,"65":3,"75":3,"77":4,"78":4,"92":11,"93":11,"94":11,"95":11,"117":5,"118":5,"119":5,"120":5,"121":5,"124":5,"126":5,"132":5,"141":5,"145":5,"159":22},"path":"/home/blackjak/Projects/DXdao/arc/contracts/universalSchemes/VoteInOrganizationScheme.sol","s":{"1":4,"2":4,"3":4,"4":4,"5":4,"6":4,"7":4,"8":3,"9":3,"10":3,"11":4,"12":4,"13":11,"14":11,"15":11,"16":11,"17":5,"18":5,"19":5,"20":5,"21":5,"22":5,"23":5,"24":5,"25":5,"26":5,"27":22},"b":{"1":[4,0],"2":[3,1],"3":[3,0],"4":[5,0],"5":[5,0]},"f":{"1":4,"2":11,"3":5,"4":22},"fnMap":{"1":{"name":"executeProposal","line":52,"loc":{"start":{"line":52,"column":103},"end":{"line":52,"column":17}}},"2":{"name":"setParameters","line":87,"loc":{"start":{"line":87,"column":4},"end":{"line":91,"column":5}}},"3":{"name":"proposeVote","line":108,"loc":{"start":{"line":108,"column":4},"end":{"line":116,"column":5}}},"4":{"name":"getParametersHash","line":154,"loc":{"start":{"line":154,"column":4},"end":{"line":158,"column":5}}}},"statementMap":{"1":{"start":{"line":53,"column":8},"end":{"line":53,"column":69}},"2":{"start":{"line":55,"column":8},"end":{"line":55,"column":91}},"3":{"start":{"line":56,"column":8},"end":{"line":56,"column":30}},"4":{"start":{"line":58,"column":8},"end":{"line":58,"column":58}},"5":{"start":{"line":59,"column":8},"end":{"line":59,"column":36}},"6":{"start":{"line":60,"column":8},"end":{"line":60,"column":20}},"7":{"start":{"line":62,"column":8},"end":{"line":62,"column":2538}},"8":{"start":{"line":64,"column":12},"end":{"line":64,"column":62}},"9":{"start":{"line":65,"column":12},"end":{"line":65,"column":2638}},"10":{"start":{"line":75,"column":12},"end":{"line":75,"column":27}},"11":{"start":{"line":77,"column":8},"end":{"line":77,"column":84}},"12":{"start":{"line":78,"column":8},"end":{"line":78,"column":19}},"13":{"start":{"line":92,"column":8},"end":{"line":92,"column":69}},"14":{"start":{"line":93,"column":8},"end":{"line":93,"column":54}},"15":{"start":{"line":94,"column":8},"end":{"line":94,"column":48}},"16":{"start":{"line":95,"column":8},"end":{"line":95,"column":25}},"17":{"start":{"line":117,"column":8},"end":{"line":117,"column":83}},"18":{"start":{"line":118,"column":8},"end":{"line":118,"column":49}},"19":{"start":{"line":119,"column":8},"end":{"line":119,"column":88}},"20":{"start":{"line":120,"column":8},"end":{"line":120,"column":91}},"21":{"start":{"line":121,"column":8},"end":{"line":121,"column":4776}},"22":{"start":{"line":124,"column":8},"end":{"line":124,"column":96}},"23":{"start":{"line":126,"column":8},"end":{"line":126,"column":4971}},"24":{"start":{"line":132,"column":8},"end":{"line":132,"column":5209}},"25":{"start":{"line":141,"column":8},"end":{"line":141,"column":5452}},"26":{"start":{"line":145,"column":8},"end":{"line":145,"column":25}},"27":{"start":{"line":159,"column":8},"end":{"line":159,"column":65}}},"branchMap":{"1":{"line":56,"type":"if","locations":[{"start":{"line":56,"column":8},"end":{"line":56,"column":8}},{"start":{"line":56,"column":8},"end":{"line":56,"column":8}}]},"2":{"line":62,"type":"if","locations":[{"start":{"line":62,"column":8},"end":{"line":62,"column":8}},{"start":{"line":62,"column":8},"end":{"line":62,"column":8}}]},"3":{"line":75,"type":"if","locations":[{"start":{"line":75,"column":12},"end":{"line":75,"column":12}},{"start":{"line":75,"column":12},"end":{"line":75,"column":12}}]},"4":{"line":120,"type":"if","locations":[{"start":{"line":120,"column":8},"end":{"line":120,"column":8}},{"start":{"line":120,"column":8},"end":{"line":120,"column":8}}]},"5":{"line":121,"type":"if","locations":[{"start":{"line":121,"column":8},"end":{"line":121,"column":8}},{"start":{"line":121,"column":8},"end":{"line":121,"column":8}}]}}},
"contracts/utils/DAOTracker.sol":{"l":{"39":302,"41":298,"45":298,"47":298,"67":298,"68":298,"70":296,"90":4,"91":2,"92":2,"103":1,"104":1,"105":1},"path":"/home/blackjak/Projects/DXdao/arc/contracts/utils/DAOTracker.sol","s":{"1":302,"2":298,"3":298,"4":298,"5":296,"6":4,"7":2,"8":2,"9":1,"10":1,"11":1},"b":{"1":[298,4],"2":[298,0],"3":[298,0],"4":[296,2],"5":[2,2],"6":[1,0]},"f":{"1":302,"2":298,"3":298,"4":4,"5":1},"fnMap":{"1":{"name":"onlyAvatarOwner","line":38,"loc":{"start":{"line":38,"column":4},"end":{"line":38,"column":41}}},"2":{"name":"notBlacklisted","line":44,"loc":{"start":{"line":44,"column":4},"end":{"line":44,"column":40}}},"3":{"name":"track","line":64,"loc":{"start":{"line":64,"column":26},"end":{"line":64,"column":3}}},"4":{"name":"blacklist","line":89,"loc":{"start":{"line":89,"column":12},"end":{"line":89,"column":3}}},"5":{"name":"reset","line":102,"loc":{"start":{"line":102,"column":12},"end":{"line":102,"column":3}}}},"statementMap":{"1":{"start":{"line":39,"column":8},"end":{"line":39,"column":1065}},"2":{"start":{"line":45,"column":8},"end":{"line":45,"column":1227}},"3":{"start":{"line":67,"column":8},"end":{"line":67,"column":36}},"4":{"start":{"line":68,"column":8},"end":{"line":68,"column":44}},"5":{"start":{"line":70,"column":8},"end":{"line":70,"column":2453}},"6":{"start":{"line":90,"column":8},"end":{"line":90,"column":36}},"7":{"start":{"line":91,"column":8},"end":{"line":91,"column":43}},"8":{"start":{"line":92,"column":8},"end":{"line":92,"column":61}},"9":{"start":{"line":103,"column":8},"end":{"line":103,"column":36}},"10":{"start":{"line":104,"column":8},"end":{"line":104,"column":44}},"11":{"start":{"line":105,"column":8},"end":{"line":105,"column":57}}},"branchMap":{"1":{"line":39,"type":"if","locations":[{"start":{"line":39,"column":8},"end":{"line":39,"column":8}},{"start":{"line":39,"column":8},"end":{"line":39,"column":8}}]},"2":{"line":45,"type":"if","locations":[{"start":{"line":45,"column":8},"end":{"line":45,"column":8}},{"start":{"line":45,"column":8},"end":{"line":45,"column":8}}]},"3":{"line":67,"type":"if","locations":[{"start":{"line":67,"column":8},"end":{"line":67,"column":8}},{"start":{"line":67,"column":8},"end":{"line":67,"column":8}}]},"4":{"line":68,"type":"if","locations":[{"start":{"line":68,"column":8},"end":{"line":68,"column":8}},{"start":{"line":68,"column":8},"end":{"line":68,"column":8}}]},"5":{"line":90,"type":"if","locations":[{"start":{"line":90,"column":8},"end":{"line":90,"column":8}},{"start":{"line":90,"column":8},"end":{"line":90,"column":8}}]},"6":{"line":103,"type":"if","locations":[{"start":{"line":103,"column":8},"end":{"line":103,"column":8}},{"start":{"line":103,"column":8},"end":{"line":103,"column":8}}]}}},
"contracts/utils/Redeemer.sol":{"l":{"57":6,"58":6,"60":6,"62":6,"63":4,"112":6,"113":6,"115":6,"117":6,"118":4,"133":12,"135":12,"139":6,"141":12,"142":12,"144":12,"145":12,"146":10,"149":12,"150":12,"158":4,"159":4,"160":4,"161":4,"162":4,"163":4,"164":4,"165":4,"166":4,"167":0,"169":4,"171":4,"172":4,"173":4,"175":4,"177":0,"179":4,"186":4,"187":4,"188":4,"189":4,"190":4,"191":4,"192":4,"193":0,"195":4,"197":4,"199":4,"201":0,"203":4},"path":"/home/blackjak/Projects/DXdao/arc/contracts/utils/Redeemer.sol","s":{"1":6,"2":6,"3":6,"4":6,"5":4,"6":6,"7":6,"8":6,"9":6,"10":4,"11":12,"12":12,"13":6,"14":12,"15":12,"16":12,"17":12,"18":10,"19":12,"20":12,"21":4,"22":4,"23":4,"24":4,"25":4,"26":4,"27":4,"28":4,"29":4,"30":0,"31":4,"32":4,"33":4,"34":4,"35":4,"36":0,"37":4,"38":4,"39":4,"40":4,"41":4,"42":4,"43":4,"44":4,"45":0,"46":4,"47":4,"48":4,"49":0,"50":4},"b":{"1":[6,0],"2":[4,2],"3":[6,0],"4":[4,2],"5":[6,6],"6":[12,0],"7":[10,2],"8":[0,4],"9":[4,0],"10":[0,4],"11":[4,0]},"f":{"1":6,"2":6,"3":12,"4":4,"5":4},"fnMap":{"1":{"name":"redeem","line":42,"loc":{"start":{"line":42,"column":4},"end":{"line":56,"column":5}}},"2":{"name":"redeemFromCRExt","line":98,"loc":{"start":{"line":98,"column":4},"end":{"line":111,"column":5}}},"3":{"name":"genesisProtocolRedeem","line":124,"loc":{"start":{"line":124,"column":4},"end":{"line":132,"column":42}}},"4":{"name":"contributionRewardRedeem","line":154,"loc":{"start":{"line":154,"column":4},"end":{"line":157,"column":5}}},"5":{"name":"contributionRewardExtRedeem","line":182,"loc":{"start":{"line":182,"column":4},"end":{"line":185,"column":5}}}},"statementMap":{"1":{"start":{"line":57,"column":8},"end":{"line":57,"column":35}},"2":{"start":{"line":58,"column":8},"end":{"line":58,"column":2693}},"3":{"start":{"line":60,"column":8},"end":{"line":60,"column":2792}},"4":{"start":{"line":62,"column":12},"end":{"line":62,"column":2903}},"5":{"start":{"line":63,"column":16},"end":{"line":63,"column":3076}},"6":{"start":{"line":112,"column":8},"end":{"line":112,"column":35}},"7":{"start":{"line":113,"column":8},"end":{"line":113,"column":5596}},"8":{"start":{"line":115,"column":8},"end":{"line":115,"column":5695}},"9":{"start":{"line":117,"column":12},"end":{"line":117,"column":5809}},"10":{"start":{"line":118,"column":16},"end":{"line":118,"column":5970}},"11":{"start":{"line":133,"column":8},"end":{"line":133,"column":82}},"12":{"start":{"line":135,"column":8},"end":{"line":135,"column":6568}},"13":{"start":{"line":139,"column":12},"end":{"line":139,"column":59}},"14":{"start":{"line":141,"column":8},"end":{"line":141,"column":51}},"15":{"start":{"line":142,"column":8},"end":{"line":142,"column":6983}},"16":{"start":{"line":144,"column":12},"end":{"line":144,"column":73}},"17":{"start":{"line":145,"column":12},"end":{"line":145,"column":7215}},"18":{"start":{"line":146,"column":16},"end":{"line":146,"column":7354}},"19":{"start":{"line":149,"column":12},"end":{"line":149,"column":66}},"20":{"start":{"line":150,"column":12},"end":{"line":150,"column":40}},"21":{"start":{"line":158,"column":8},"end":{"line":158,"column":35}},"22":{"start":{"line":159,"column":8},"end":{"line":159,"column":29}},"23":{"start":{"line":160,"column":8},"end":{"line":160,"column":29}},"24":{"start":{"line":161,"column":8},"end":{"line":161,"column":100}},"25":{"start":{"line":162,"column":8},"end":{"line":162,"column":99}},"26":{"start":{"line":163,"column":8},"end":{"line":163,"column":119}},"27":{"start":{"line":164,"column":8},"end":{"line":164,"column":114}},"28":{"start":{"line":165,"column":8},"end":{"line":165,"column":46}},"29":{"start":{"line":166,"column":8},"end":{"line":166,"column":8402}},"30":{"start":{"line":167,"column":12},"end":{"line":167,"column":34}},"31":{"start":{"line":169,"column":12},"end":{"line":169,"column":33}},"32":{"start":{"line":171,"column":8},"end":{"line":171,"column":91}},"33":{"start":{"line":172,"column":8},"end":{"line":172,"column":66}},"34":{"start":{"line":173,"column":8},"end":{"line":173,"column":8739}},"35":{"start":{"line":175,"column":12},"end":{"line":175,"column":34}},"36":{"start":{"line":177,"column":12},"end":{"line":177,"column":33}},"37":{"start":{"line":179,"column":8},"end":{"line":179,"column":117}},"38":{"start":{"line":186,"column":8},"end":{"line":186,"column":35}},"39":{"start":{"line":187,"column":8},"end":{"line":187,"column":29}},"40":{"start":{"line":188,"column":8},"end":{"line":188,"column":29}},"41":{"start":{"line":189,"column":8},"end":{"line":189,"column":84}},"42":{"start":{"line":190,"column":8},"end":{"line":190,"column":104}},"43":{"start":{"line":191,"column":8},"end":{"line":191,"column":99}},"44":{"start":{"line":192,"column":8},"end":{"line":192,"column":9740}},"45":{"start":{"line":193,"column":12},"end":{"line":193,"column":34}},"46":{"start":{"line":195,"column":12},"end":{"line":195,"column":33}},"47":{"start":{"line":197,"column":8},"end":{"line":197,"column":9938}},"48":{"start":{"line":199,"column":12},"end":{"line":199,"column":34}},"49":{"start":{"line":201,"column":12},"end":{"line":201,"column":33}},"50":{"start":{"line":203,"column":8},"end":{"line":203,"column":111}}},"branchMap":{"1":{"line":60,"type":"if","locations":[{"start":{"line":60,"column":8},"end":{"line":60,"column":8}},{"start":{"line":60,"column":8},"end":{"line":60,"column":8}}]},"2":{"line":62,"type":"if","locations":[{"start":{"line":62,"column":12},"end":{"line":62,"column":12}},{"start":{"line":62,"column":12},"end":{"line":62,"column":12}}]},"3":{"line":115,"type":"if","locations":[{"start":{"line":115,"column":8},"end":{"line":115,"column":8}},{"start":{"line":115,"column":8},"end":{"line":115,"column":8}}]},"4":{"line":117,"type":"if","locations":[{"start":{"line":117,"column":12},"end":{"line":117,"column":12}},{"start":{"line":117,"column":12},"end":{"line":117,"column":12}}]},"5":{"line":135,"type":"if","locations":[{"start":{"line":135,"column":8},"end":{"line":135,"column":8}},{"start":{"line":135,"column":8},"end":{"line":135,"column":8}}]},"6":{"line":142,"type":"if","locations":[{"start":{"line":142,"column":8},"end":{"line":142,"column":8}},{"start":{"line":142,"column":8},"end":{"line":142,"column":8}}]},"7":{"line":145,"type":"if","locations":[{"start":{"line":145,"column":12},"end":{"line":145,"column":12}},{"start":{"line":145,"column":12},"end":{"line":145,"column":12}}]},"8":{"line":166,"type":"if","locations":[{"start":{"line":166,"column":8},"end":{"line":166,"column":8}},{"start":{"line":166,"column":8},"end":{"line":166,"column":8}}]},"9":{"line":173,"type":"if","locations":[{"start":{"line":173,"column":8},"end":{"line":173,"column":8}},{"start":{"line":173,"column":8},"end":{"line":173,"column":8}}]},"10":{"line":192,"type":"if","locations":[{"start":{"line":192,"column":8},"end":{"line":192,"column":8}},{"start":{"line":192,"column":8},"end":{"line":192,"column":8}}]},"11":{"line":197,"type":"if","locations":[{"start":{"line":197,"column":8},"end":{"line":197,"column":8}},{"start":{"line":197,"column":8},"end":{"line":197,"column":8}}]}}},
"contracts/utils/RepAllocation.sol":{"l":{"26":33,"28":31,"29":30,"30":30,"39":1,"40":1,"41":2,"50":1,"58":5},"path":"/home/blackjak/Projects/DXdao/arc/contracts/utils/RepAllocation.sol","s":{"1":33,"2":31,"3":30,"4":30,"5":1,"6":1,"7":2,"8":1,"9":5},"b":{"1":[31,2],"2":[30,1],"3":[1,0]},"f":{"1":33,"2":1,"3":1,"4":5},"fnMap":{"1":{"name":"addBeneficiary","line":25,"loc":{"start":{"line":25,"column":82},"end":{"line":25,"column":3}}},"2":{"name":"addBeneficiaries","line":38,"loc":{"start":{"line":38,"column":105},"end":{"line":38,"column":3}}},"3":{"name":"freeze","line":49,"loc":{"start":{"line":49,"column":37},"end":{"line":49,"column":3}}},"4":{"name":"balanceOf","line":57,"loc":{"start":{"line":57,"column":4},"end":{"line":57,"column":71}}}},"statementMap":{"1":{"start":{"line":26,"column":8},"end":{"line":26,"column":68}},"2":{"start":{"line":28,"column":8},"end":{"line":28,"column":864}},"3":{"start":{"line":29,"column":12},"end":{"line":29,"column":56}},"4":{"start":{"line":30,"column":12},"end":{"line":30,"column":63}},"5":{"start":{"line":39,"column":8},"end":{"line":39,"column":56}},"6":{"start":{"line":40,"column":8},"end":{"line":40,"column":1326}},"7":{"start":{"line":41,"column":12},"end":{"line":41,"column":57}},"8":{"start":{"line":50,"column":8},"end":{"line":50,"column":22}},"9":{"start":{"line":58,"column":8},"end":{"line":58,"column":50}}},"branchMap":{"1":{"line":26,"type":"if","locations":[{"start":{"line":26,"column":8},"end":{"line":26,"column":8}},{"start":{"line":26,"column":8},"end":{"line":26,"column":8}}]},"2":{"line":28,"type":"if","locations":[{"start":{"line":28,"column":8},"end":{"line":28,"column":8}},{"start":{"line":28,"column":8},"end":{"line":28,"column":8}}]},"3":{"line":39,"type":"if","locations":[{"start":{"line":39,"column":8},"end":{"line":39,"column":8}},{"start":{"line":39,"column":8},"end":{"line":39,"column":8}}]}}},
"contracts/votingMachines/VotingMachineCallbacks.sol":{"l":{"15":120,"16":110,"27":13,"28":13,"29":0,"31":13,"39":18,"40":18,"41":0,"43":18,"55":1,"56":1,"57":0,"59":1,"63":5,"64":5,"65":0,"67":5,"71":108,"72":108,"73":0,"75":108,"79":81,"80":81,"81":0,"83":81},"path":"/home/blackjak/Projects/DXdao/arc/contracts/votingMachines/VotingMachineCallbacks.sol","s":{"1":120,"2":13,"3":13,"4":0,"5":13,"6":18,"7":18,"8":0,"9":18,"10":1,"11":1,"12":0,"13":1,"14":5,"15":5,"16":0,"17":5,"18":108,"19":108,"20":0,"21":108,"22":81,"23":81,"24":0,"25":81},"b":{"1":[110,10],"2":[0,13],"3":[0,18],"4":[0,1],"5":[0,5],"6":[0,108],"7":[0,81]},"f":{"1":120,"2":13,"3":18,"4":1,"5":5,"6":108,"7":81},"fnMap":{"1":{"name":"onlyVotingMachine","line":14,"loc":{"start":{"line":14,"column":4},"end":{"line":14,"column":49}}},"2":{"name":"mintReputation","line":24,"loc":{"start":{"line":24,"column":33},"end":{"line":26,"column":5}}},"3":{"name":"burnReputation","line":36,"loc":{"start":{"line":36,"column":33},"end":{"line":38,"column":5}}},"4":{"name":"stakingTokenTransfer","line":52,"loc":{"start":{"line":52,"column":33},"end":{"line":54,"column":5}}},"5":{"name":"balanceOfStakingToken","line":62,"loc":{"start":{"line":62,"column":4},"end":{"line":62,"column":106}}},"6":{"name":"getTotalReputationSupply","line":70,"loc":{"start":{"line":70,"column":4},"end":{"line":70,"column":87}}},"7":{"name":"reputationOf","line":78,"loc":{"start":{"line":78,"column":4},"end":{"line":78,"column":91}}}},"statementMap":{"1":{"start":{"line":15,"column":8},"end":{"line":15,"column":105}},"2":{"start":{"line":27,"column":8},"end":{"line":27,"column":69}},"3":{"start":{"line":28,"column":8},"end":{"line":28,"column":922}},"4":{"start":{"line":29,"column":12},"end":{"line":29,"column":24}},"5":{"start":{"line":31,"column":8},"end":{"line":31,"column":96}},"6":{"start":{"line":39,"column":8},"end":{"line":39,"column":69}},"7":{"start":{"line":40,"column":8},"end":{"line":40,"column":1329}},"8":{"start":{"line":41,"column":12},"end":{"line":41,"column":24}},"9":{"start":{"line":43,"column":8},"end":{"line":43,"column":96}},"10":{"start":{"line":55,"column":8},"end":{"line":55,"column":69}},"11":{"start":{"line":56,"column":8},"end":{"line":56,"column":1797}},"12":{"start":{"line":57,"column":12},"end":{"line":57,"column":24}},"13":{"start":{"line":59,"column":8},"end":{"line":59,"column":109}},"14":{"start":{"line":63,"column":8},"end":{"line":63,"column":69}},"15":{"start":{"line":64,"column":8},"end":{"line":64,"column":2168}},"16":{"start":{"line":65,"column":12},"end":{"line":65,"column":20}},"17":{"start":{"line":67,"column":8},"end":{"line":67,"column":55}},"18":{"start":{"line":71,"column":8},"end":{"line":71,"column":77}},"19":{"start":{"line":72,"column":8},"end":{"line":72,"column":2509}},"20":{"start":{"line":73,"column":12},"end":{"line":73,"column":20}},"21":{"start":{"line":75,"column":8},"end":{"line":75,"column":85}},"22":{"start":{"line":79,"column":8},"end":{"line":79,"column":77}},"23":{"start":{"line":80,"column":8},"end":{"line":80,"column":2854}},"24":{"start":{"line":81,"column":12},"end":{"line":81,"column":20}},"25":{"start":{"line":83,"column":8},"end":{"line":83,"column":91}}},"branchMap":{"1":{"line":15,"type":"if","locations":[{"start":{"line":15,"column":8},"end":{"line":15,"column":8}},{"start":{"line":15,"column":8},"end":{"line":15,"column":8}}]},"2":{"line":28,"type":"if","locations":[{"start":{"line":28,"column":8},"end":{"line":28,"column":8}},{"start":{"line":28,"column":8},"end":{"line":28,"column":8}}]},"3":{"line":40,"type":"if","locations":[{"start":{"line":40,"column":8},"end":{"line":40,"column":8}},{"start":{"line":40,"column":8},"end":{"line":40,"column":8}}]},"4":{"line":56,"type":"if","locations":[{"start":{"line":56,"column":8},"end":{"line":56,"column":8}},{"start":{"line":56,"column":8},"end":{"line":56,"column":8}}]},"5":{"line":64,"type":"if","locations":[{"start":{"line":64,"column":8},"end":{"line":64,"column":8}},{"start":{"line":64,"column":8},"end":{"line":64,"column":8}}]},"6":{"line":72,"type":"if","locations":[{"start":{"line":72,"column":8},"end":{"line":72,"column":8}},{"start":{"line":72,"column":8},"end":{"line":72,"column":8}}]},"7":{"line":80,"type":"if","locations":[{"start":{"line":80,"column":8},"end":{"line":80,"column":8}},{"start":{"line":80,"column":8},"end":{"line":80,"column":8}}]}}}}
