TN:
SF:/Users/oren/daostack/arc/contracts/controller/Avatar.sol
FN:19,
FN:23,sendEther
FN:53,
FN:65,initialize
FN:87,genericCall
FN:105,sendEther
FN:118,externalTokenTransfer
FN:134,externalTokenTransferFrom
FN:155,externalTokenApproval
FN:168,metaData
FN:179,setDBValue
FNF:11
FNH:11
FNDA:55,
FNDA:41,sendEther
FNDA:52,
FNDA:362,initialize
FNDA:82,genericCall
FNDA:27,sendEther
FNDA:15,externalTokenTransfer
FNDA:1,externalTokenTransferFrom
FNDA:1,externalTokenApproval
FNDA:295,metaData
FNDA:11,setDBValue
DA:20,55
DA:25,41
DA:26,41
DA:54,52
DA:56,49
DA:57,49
DA:71,362
DA:72,362
DA:73,362
DA:74,362
DA:75,362
DA:76,362
DA:91,82
DA:92,3
DA:95,82
DA:96,82
DA:106,27
DA:107,25
DA:108,25
DA:121,15
DA:122,15
DA:123,15
DA:142,1
DA:143,1
DA:144,1
DA:158,1
DA:159,1
DA:160,1
DA:169,295
DA:170,295
DA:180,11
DA:181,11
LF:32
LH:32
BRDA:26,1,0,39
BRDA:26,1,1,2
BRDA:54,2,0,49
BRDA:54,2,1,3
BRDA:57,3,0,49
BRDA:57,3,1,0
BRDA:91,4,0,3
BRDA:91,4,1,79
BRF:8
BRH:7
end_of_record
TN:
SF:/Users/oren/daostack/arc/contracts/controller/Controller.sol
FN:58,initialize
FN:67,onlyRegisteredScheme
FN:73,onlyRegisteringSchemes
FN:79,onlyGlobalConstraintsScheme
FN:85,onlyUpgradingScheme
FN:91,onlyGenericCallScheme
FN:97,onlyMetaDataScheme
FN:103,onlySubjectToConstraint
FN:124,mintReputation
FN:140,burnReputation
FN:156,mintTokens
FN:172,registerScheme
FN:203,unregisterScheme
FN:227,unregisterSelf
FN:241,addGlobalConstraint
FN:273,removeGlobalConstraint
FN:327,upgradeController
FN:357,genericCall
FN:372,sendEther
FN:388,externalTokenTransfer
FN:407,externalTokenTransferFrom
FN:428,externalTokenApproval
FN:443,setDBValue
FN:454,metaData
FN:462,isSchemeRegistered
FN:471,globalConstraintsCount
FN:479,isGlobalConstraintRegistered
FN:488,_isSchemeRegistered
FNF:28
FNH:24
FNDA:302,initialize
FNDA:332,onlyRegisteredScheme
FNDA:323,onlyRegisteringSchemes
FNDA:7,onlyGlobalConstraintsScheme
FNDA:0,onlyUpgradingScheme
FNDA:79,onlyGenericCallScheme
FNDA:294,onlyMetaDataScheme
FNDA:724,onlySubjectToConstraint
FNDA:182,mintReputation
FNDA:25,burnReputation
FNDA:75,mintTokens
FNDA:320,registerScheme
FNDA:3,unregisterScheme
FNDA:296,unregisterSelf
FNDA:5,addGlobalConstraint
FNDA:2,removeGlobalConstraint
FNDA:0,upgradeController
FNDA:79,genericCall
FNDA:26,sendEther
FNDA:14,externalTokenTransfer
FNDA:0,externalTokenTransferFrom
FNDA:0,externalTokenApproval
FNDA:10,setDBValue
FNDA:294,metaData
FNDA:35,isSchemeRegistered
FNDA:5,globalConstraintsCount
FNDA:6,isGlobalConstraintRegistered
FNDA:334,_isSchemeRegistered
DA:59,302
DA:60,302
DA:61,302
DA:62,302
DA:63,302
DA:68,332
DA:70,332
DA:74,323
DA:76,323
DA:80,7
DA:82,7
DA:86,0
DA:88,0
DA:92,79
DA:94,79
DA:98,294
DA:100,294
DA:104,724
DA:105,724
DA:106,1
DA:110,724
DA:111,722
DA:112,0
DA:130,182
DA:131,182
DA:146,25
DA:147,25
DA:162,75
DA:163,75
DA:179,320
DA:185,320
DA:189,320
DA:193,320
DA:194,320
DA:195,320
DA:210,3
DA:211,0
DA:214,3
DA:218,3
DA:219,3
DA:220,3
DA:228,296
DA:229,0
DA:231,296
DA:232,296
DA:233,296
DA:246,5
DA:247,5
DA:249,5
DA:250,5
DA:251,5
DA:255,5
DA:257,3
DA:258,3
DA:259,3
DA:263,5
DA:264,5
DA:278,2
DA:279,2
DA:280,2
DA:281,2
DA:283,2
DA:285,2
DA:286,2
DA:287,2
DA:288,0
DA:289,0
DA:290,0
DA:292,2
DA:293,2
DA:294,2
DA:297,2
DA:299,1
DA:300,1
DA:301,1
DA:302,0
DA:303,0
DA:304,0
DA:306,1
DA:307,1
DA:308,1
DA:311,2
DA:312,2
DA:318,2
DA:332,0
DA:333,0
DA:334,0
DA:335,0
DA:336,0
DA:337,0
DA:338,0
DA:339,0
DA:341,0
DA:342,0
DA:343,0
DA:345,0
DA:346,0
DA:363,79
DA:378,26
DA:394,14
DA:417,0
DA:434,0
DA:446,10
DA:459,294
DA:463,35
DA:476,5
DA:484,6
DA:489,334
LF:108
LH:82
BRDA:68,1,0,332
BRDA:68,1,1,0
BRDA:74,2,0,323
BRDA:74,2,1,0
BRDA:80,3,0,7
BRDA:80,3,1,0
BRDA:86,4,0,0
BRDA:86,4,1,0
BRDA:92,5,0,79
BRDA:92,5,1,0
BRDA:98,6,0,294
BRDA:98,6,1,0
BRDA:106,7,0,1
BRDA:106,7,1,0
BRDA:112,8,0,0
BRDA:112,8,1,0
BRDA:185,9,0,320
BRDA:185,9,1,0
BRDA:189,10,0,320
BRDA:189,10,1,0
BRDA:210,11,0,0
BRDA:210,11,1,3
BRDA:214,12,0,3
BRDA:214,12,1,0
BRDA:228,13,0,0
BRDA:228,13,1,296
BRDA:247,14,0,5
BRDA:247,14,1,0
BRDA:249,15,0,5
BRDA:249,15,1,0
BRDA:255,16,0,3
BRDA:255,16,1,2
BRDA:257,17,0,3
BRDA:257,17,1,0
BRDA:283,18,0,2
BRDA:283,18,1,0
BRDA:286,19,0,2
BRDA:286,19,1,0
BRDA:287,20,0,0
BRDA:287,20,1,2
BRDA:297,21,0,1
BRDA:297,21,1,1
BRDA:300,22,0,1
BRDA:300,22,1,0
BRDA:301,23,0,0
BRDA:301,23,1,1
BRDA:311,24,0,2
BRDA:311,24,1,0
BRDA:332,25,0,0
BRDA:332,25,1,0
BRDA:333,26,0,0
BRDA:333,26,1,0
BRDA:336,27,0,0
BRDA:336,27,1,0
BRDA:337,28,0,0
BRDA:337,28,1,0
BRDA:339,29,0,0
BRDA:339,29,1,0
BRDA:341,30,0,0
BRDA:341,30,1,0
BRDA:343,31,0,0
BRDA:343,31,1,0
BRF:62
BRH:24
end_of_record
TN:
SF:/Users/oren/daostack/arc/contracts/controller/DAOToken.sol
FN:27,initialize
FN:41,mint
FNF:2
FNH:2
FNDA:353,initialize
FNDA:379,mint
DA:30,353
DA:31,353
DA:32,353
DA:33,353
DA:42,379
DA:43,3
DA:45,377
DA:46,377
LF:8
LH:8
BRDA:42,1,0,3
BRDA:42,1,1,376
BRDA:43,2,0,1
BRDA:43,2,1,2
BRF:4
BRH:4
end_of_record
TN:
SF:/Users/oren/daostack/arc/contracts/globalConstraints/GlobalConstraintInterface.sol
FNF:0
FNH:0
LF:0
LH:0
BRF:0
BRH:0
end_of_record
TN:
SF:/Users/oren/daostack/arc/contracts/globalConstraints/TokenCapGC.sol
FN:25,initialize
FN:39,pre
FN:47,post
FN:59,when
FNF:4
FNH:1
FNDA:3,initialize
FNDA:0,pre
FNDA:0,post
FNDA:0,when
DA:28,3
DA:40,0
DA:48,0
DA:50,0
DA:52,0
DA:60,0
LF:6
LH:1
BRDA:48,1,0,0
BRDA:48,1,1,0
BRF:2
BRH:0
end_of_record
TN:
SF:/Users/oren/daostack/arc/contracts/libs/Bytes32ToStr.sol
FN:4,toStr
FNF:1
FNH:1
FNDA:752,toStr
DA:5,752
DA:6,752
DA:7,752
DA:8,752
DA:9,24064
DA:10,24064
DA:11,13084
DA:12,13084
DA:15,752
DA:16,752
DA:17,13084
DA:19,752
LF:12
LH:12
BRDA:10,1,0,13084
BRDA:10,1,1,10980
BRF:2
BRH:2
end_of_record
TN:
SF:/Users/oren/daostack/arc/contracts/libs/StringUtil.sol
FN:6,hashCompareWithLengthCheck
FNF:1
FNH:1
FNDA:33,hashCompareWithLengthCheck
DA:8,33
DA:9,25
DA:11,8
LF:3
LH:3
BRDA:8,1,0,25
BRDA:8,1,1,8
BRF:2
BRH:2
end_of_record
TN:
SF:/Users/oren/daostack/arc/contracts/Migrations.sol
FN:8,restricted
FN:14,constructor
FN:18,setCompleted
FN:22,upgrade
FNF:4
FNH:0
FNDA:0,restricted
FNDA:0,constructor
FNDA:0,setCompleted
FNDA:0,upgrade
DA:9,0
DA:10,0
DA:15,0
DA:19,0
DA:23,0
DA:24,0
LF:6
LH:0
BRDA:9,1,0,0
BRDA:9,1,1,0
BRF:2
BRH:0
end_of_record
TN:
SF:/Users/oren/daostack/arc/contracts/schemes/Agreement.sol
FN:12,onlyAgree
FN:21,getAgreementHash
FN:30,setAgreementHash
FNF:3
FNH:3
FNDA:142,onlyAgree
FNDA:6,getAgreementHash
FNDA:107,setAgreementHash
DA:13,142
DA:14,127
DA:23,6
DA:32,107
DA:33,105
LF:5
LH:5
BRDA:13,1,0,127
BRDA:13,1,1,15
BRDA:32,2,0,105
BRDA:32,2,1,2
BRF:4
BRH:4
end_of_record
TN:
SF:/Users/oren/daostack/arc/contracts/schemes/Auction4Reputation.sol
FN:58,initialize
FN:95,redeem
FN:118,bid
FN:142,transferToWallet
FN:155,getBid
FNF:5
FNH:5
FNDA:26,initialize
FNDA:16,redeem
FNDA:20,bid
FNDA:3,transferToWallet
FNDA:2,getBid
DA:71,26
DA:72,26
DA:74,24
DA:75,22
DA:76,22
DA:77,22
DA:78,16
DA:79,16
DA:80,16
DA:81,16
DA:82,16
DA:83,16
DA:84,16
DA:85,16
DA:86,16
DA:97,16
DA:98,12
DA:99,12
DA:100,12
DA:101,10
DA:102,10
DA:103,10
DA:105,10
DA:106,10
DA:109,10
DA:123,20
DA:125,18
DA:127,16
DA:128,16
DA:130,16
DA:131,16
DA:132,14
DA:133,14
DA:134,14
DA:135,14
DA:144,3
DA:145,1
DA:146,1
DA:156,2
LF:39
LH:39
BRDA:71,1,0,26
BRDA:71,1,1,0
BRDA:72,2,0,24
BRDA:72,2,1,2
BRDA:74,3,0,22
BRDA:74,3,1,2
BRDA:77,4,0,16
BRDA:77,4,1,6
BRDA:97,5,0,12
BRDA:97,5,1,4
BRDA:100,6,0,10
BRDA:100,6,1,2
BRDA:106,7,0,10
BRDA:106,7,1,0
BRDA:123,8,0,18
BRDA:123,8,1,2
BRDA:125,9,0,16
BRDA:125,9,1,2
BRDA:127,10,0,16
BRDA:127,10,1,0
BRDA:131,11,0,14
BRDA:131,11,1,2
BRDA:144,12,0,1
BRDA:144,12,1,2
BRF:24
BRH:21
end_of_record
TN:
SF:/Users/oren/daostack/arc/contracts/schemes/CommonInterface.sol
FNF:0
FNH:0
LF:0
LH:0
BRF:0
BRH:0
end_of_record
TN:
SF:/Users/oren/daostack/arc/contracts/schemes/Competition.sol
FN:90,initialize
FN:118,proposeCompetition
FN:192,suggest
FN:225,vote
FN:260,setSnapshotBlock
FN:274,sendLeftOverFunds
FN:306,redeem
FN:363,getOrderedIndexOfSuggestion
FN:386,refreshTopSuggestions
FNF:9
FNH:9
FNDA:15,initialize
FNDA:27,proposeCompetition
FNDA:73,suggest
FNDA:33,vote
FNDA:31,setSnapshotBlock
FNDA:3,sendLeftOverFunds
FNDA:12,redeem
FNDA:17,getOrderedIndexOfSuggestion
FNDA:25,refreshTopSuggestions
DA:91,15
DA:92,15
DA:130,27
DA:131,27
DA:132,27
DA:134,0
DA:137,27
DA:138,27
DA:139,25
DA:140,23
DA:141,21
DA:142,19
DA:144,19
DA:145,19
DA:146,19
DA:148,19
DA:149,17
DA:150,17
DA:151,65
DA:153,17
DA:154,15
DA:156,15
DA:157,15
DA:158,15
DA:159,15
DA:160,15
DA:161,15
DA:162,15
DA:163,15
DA:164,15
DA:165,15
DA:166,15
DA:167,15
DA:168,15
DA:169,1
DA:171,15
DA:200,73
DA:201,3
DA:204,71
DA:206,69
DA:207,65
DA:208,65
DA:209,65
DA:210,65
DA:211,64
DA:213,1
DA:215,65
DA:216,65
DA:217,65
DA:229,33
DA:230,33
DA:231,31
DA:232,29
DA:233,29
DA:234,29
DA:235,29
DA:237,29
DA:238,29
DA:239,29
DA:240,27
DA:242,25
DA:243,25
DA:244,3
DA:247,25
DA:248,25
DA:249,25
DA:250,25
DA:251,25
DA:252,25
DA:262,31
DA:263,29
DA:264,29
DA:265,8
DA:266,8
DA:276,3
DA:277,3
DA:278,3
DA:279,3
DA:280,3
DA:281,9
DA:284,1
DA:290,1
DA:292,1
DA:295,1
DA:298,1
DA:307,12
DA:308,12
DA:309,12
DA:310,12
DA:312,12
DA:313,8
DA:314,8
DA:316,8
DA:317,8
DA:318,8
DA:319,8
DA:320,8
DA:321,8
DA:322,8
DA:324,8
DA:325,8
DA:327,8
DA:328,8
DA:329,8
DA:332,5
DA:333,8
DA:335,5
DA:338,8
DA:339,8
DA:340,8
DA:343,8
DA:344,8
DA:347,8
DA:348,8
DA:351,8
DA:352,8
DA:354,8
DA:367,17
DA:368,17
DA:369,15
DA:371,15
DA:372,45
DA:373,20
DA:387,25
DA:388,25
DA:389,25
DA:390,25
DA:391,23
DA:392,23
DA:393,3
DA:396,20
DA:399,2
DA:400,2
DA:401,8
DA:403,4
DA:406,0
DA:410,2
DA:411,0
LF:138
LH:135
BRDA:91,1,0,15
BRDA:91,1,1,0
BRDA:132,2,0,0
BRDA:132,2,1,27
BRDA:137,3,0,27
BRDA:137,3,1,0
BRDA:138,4,0,25
BRDA:138,4,1,2
BRDA:139,5,0,23
BRDA:139,5,1,2
BRDA:140,6,0,21
BRDA:140,6,1,2
BRDA:141,7,0,19
BRDA:141,7,1,2
BRDA:142,8,0,19
BRDA:142,8,1,0
BRDA:144,9,0,19
BRDA:144,9,1,0
BRDA:145,10,0,19
BRDA:145,10,1,0
BRDA:146,11,0,19
BRDA:146,11,1,0
BRDA:148,12,0,17
BRDA:148,12,1,2
BRDA:153,13,0,15
BRDA:153,13,1,2
BRDA:168,14,0,1
BRDA:168,14,1,14
BRDA:200,15,0,3
BRDA:200,15,1,70
BRDA:201,16,0,1
BRDA:201,16,1,2
BRDA:204,17,0,69
BRDA:204,17,1,2
BRDA:206,18,0,65
BRDA:206,18,1,4
BRDA:210,19,0,64
BRDA:210,19,1,1
BRDA:230,20,0,31
BRDA:230,20,1,2
BRDA:234,21,0,29
BRDA:234,21,1,0
BRDA:237,22,0,29
BRDA:237,22,1,0
BRDA:239,23,0,27
BRDA:239,23,1,2
BRDA:240,24,0,25
BRDA:240,24,1,2
BRDA:243,25,0,3
BRDA:243,25,1,22
BRDA:262,26,0,29
BRDA:262,26,1,2
BRDA:263,27,0,29
BRDA:263,27,1,0
BRDA:264,28,0,8
BRDA:264,28,1,21
BRDA:276,29,0,3
BRDA:276,29,1,0
BRDA:277,30,0,3
BRDA:277,30,1,0
BRDA:278,31,0,3
BRDA:278,31,1,0
BRDA:281,32,0,7
BRDA:281,32,1,2
BRDA:308,33,0,12
BRDA:308,33,1,0
BRDA:310,34,0,12
BRDA:310,34,1,0
BRDA:312,35,0,8
BRDA:312,35,1,4
BRDA:313,36,0,8
BRDA:313,36,1,0
BRDA:314,37,0,8
BRDA:314,37,1,0
BRDA:318,38,0,8
BRDA:318,38,1,0
BRDA:329,39,0,5
BRDA:329,39,1,3
BRDA:368,40,0,15
BRDA:368,40,1,2
BRDA:372,41,0,20
BRDA:372,41,1,25
BRDA:390,42,0,23
BRDA:390,42,1,2
BRDA:392,43,0,3
BRDA:392,43,1,20
BRDA:401,44,0,4
BRDA:401,44,1,4
BRDA:404,45,0,0
BRDA:404,45,1,4
BRDA:410,46,0,0
BRDA:410,46,1,2
BRF:92
BRH:72
end_of_record
TN:
SF:/Users/oren/daostack/arc/contracts/schemes/ContinuousLockingToken4Reputation.sol
FN:83,initialize
FN:127,redeem
FN:165,lock
FN:209,extendLocking
FN:247,release
FN:267,getRepRewardPerBatch
FN:280,getLockingIdScore
FN:287,mul
FN:298,toReal
FN:305,fromReal
FN:312,div
FNF:11
FNH:11
FNDA:29,initialize
FNDA:16,redeem
FNDA:27,lock
FNDA:13,extendLocking
FNDA:12,release
FNDA:146,getRepRewardPerBatch
FNDA:2,getLockingIdScore
FNDA:289,mul
FNDA:311,toReal
FNDA:158,fromReal
FNDA:144,div
DA:98,29
DA:100,29
DA:101,27
DA:103,27
DA:105,23
DA:106,23
DA:107,23
DA:108,23
DA:109,23
DA:110,23
DA:111,23
DA:112,23
DA:113,23
DA:114,23
DA:115,23
DA:116,23
DA:117,23
DA:118,23
DA:129,16
DA:130,14
DA:131,14
DA:132,14
DA:134,14
DA:135,14
DA:136,14
DA:137,149
DA:138,149
DA:139,149
DA:140,144
DA:141,144
DA:142,144
DA:143,144
DA:144,144
DA:145,144
DA:148,14
DA:149,14
DA:151,12
DA:152,12
DA:170,27
DA:172,23
DA:173,23
DA:174,23
DA:175,23
DA:177,21
DA:178,21
DA:180,21
DA:181,21
DA:182,21
DA:184,21
DA:186,21
DA:188,21
DA:189,21
DA:192,19
DA:193,107
DA:194,107
DA:195,107
DA:196,107
DA:199,19
DA:200,19
DA:217,13
DA:218,13
DA:220,11
DA:222,11
DA:223,11
DA:224,9
DA:225,9
DA:228,9
DA:229,9
DA:231,9
DA:232,100
DA:233,100
DA:234,100
DA:235,100
DA:237,9
DA:238,9
DA:248,12
DA:249,12
DA:250,10
DA:251,10
DA:253,10
DA:255,4
DA:256,4
DA:257,4
DA:268,146
DA:269,145
DA:281,2
DA:290,289
DA:291,289
DA:292,289
DA:299,311
DA:306,158
DA:315,144
LF:92
LH:92
BRDA:98,1,0,29
BRDA:98,1,1,0
BRDA:100,2,0,27
BRDA:100,2,1,2
BRDA:101,3,0,27
BRDA:101,3,1,0
BRDA:103,4,0,23
BRDA:103,4,1,4
BRDA:105,5,0,23
BRDA:105,5,1,0
BRDA:113,6,0,23
BRDA:113,6,1,0
BRDA:114,7,0,23
BRDA:114,7,1,0
BRDA:129,8,0,14
BRDA:129,8,1,2
BRDA:131,9,0,14
BRDA:131,9,1,0
BRDA:139,10,0,144
BRDA:139,10,1,5
BRDA:149,11,0,12
BRDA:149,11,1,2
BRDA:152,12,0,12
BRDA:152,12,1,0
BRDA:170,13,0,23
BRDA:170,13,1,4
BRDA:172,14,0,23
BRDA:172,14,1,0
BRDA:173,15,0,23
BRDA:173,15,1,0
BRDA:174,16,0,23
BRDA:174,16,1,0
BRDA:175,17,0,21
BRDA:175,17,1,2
BRDA:189,18,0,19
BRDA:189,18,1,2
BRDA:218,19,0,11
BRDA:218,19,1,2
BRDA:223,20,0,9
BRDA:223,20,1,2
BRDA:224,21,0,9
BRDA:224,21,1,0
BRDA:225,22,0,9
BRDA:225,22,1,0
BRDA:229,23,0,9
BRDA:229,23,1,0
BRDA:249,24,0,10
BRDA:249,24,1,2
BRDA:253,25,0,4
BRDA:253,25,1,6
BRDA:268,26,0,145
BRDA:268,26,1,1
BRDA:291,27,0,289
BRDA:291,27,1,0
BRF:54
BRH:40
end_of_record
TN:
SF:/Users/oren/daostack/arc/contracts/schemes/ContributionReward.sol
FN:79,initialize
FN:98,executeProposal
FN:127,proposeContributionReward
FN:181,redeemReputation
FN:213,redeemNativeToken
FN:238,redeemEther
FN:263,redeemExternalToken
FN:297,redeem
FN:330,getPeriodsToPay
FN:359,getRedeemedPeriods
FN:366,getProposalEthReward
FN:370,getProposalExternalTokenReward
FN:374,getProposalExternalToken
FN:378,getProposalExecutionTime
FN:394,validateProposalParams
FNF:15
FNH:15
FNDA:20,initialize
FNDA:14,executeProposal
FNDA:27,proposeContributionReward
FNDA:10,redeemReputation
FNDA:5,redeemNativeToken
FNDA:13,redeemEther
FNDA:1,redeemExternalToken
FNDA:21,redeem
FNDA:75,getPeriodsToPay
FNDA:40,getRedeemedPeriods
FNDA:4,getProposalEthReward
FNDA:4,getProposalExternalTokenReward
FNDA:4,getProposalExternalToken
FNDA:6,getProposalExecutionTime
FNDA:27,validateProposalParams
DA:87,20
DA:88,20
DA:89,20
DA:90,20
DA:102,14
DA:103,14
DA:104,14
DA:106,14
DA:108,11
DA:110,14
DA:111,14
DA:137,27
DA:138,17
DA:139,17
DA:140,17
DA:141,1
DA:144,17
DA:156,17
DA:158,17
DA:169,17
DA:173,17
DA:183,10
DA:184,10
DA:185,10
DA:186,8
DA:189,8
DA:190,8
DA:191,8
DA:192,6
DA:196,1
DA:200,8
DA:201,7
DA:202,7
DA:205,8
DA:215,5
DA:216,5
DA:217,5
DA:218,5
DA:220,5
DA:222,5
DA:223,5
DA:224,5
DA:225,5
DA:226,5
DA:230,5
DA:240,13
DA:241,13
DA:242,13
DA:243,13
DA:245,13
DA:246,13
DA:248,13
DA:249,11
DA:250,9
DA:251,9
DA:255,11
DA:265,1
DA:266,1
DA:267,1
DA:268,1
DA:270,1
DA:272,1
DA:273,1
DA:274,1
DA:275,1
DA:279,1
DA:280,1
DA:284,1
DA:302,21
DA:303,10
DA:306,19
DA:307,5
DA:310,19
DA:311,13
DA:314,17
DA:315,1
DA:331,75
DA:332,75
DA:333,75
DA:334,8
DA:335,67
DA:336,67
DA:338,55
DA:340,67
DA:341,67
DA:342,47
DA:344,20
DA:346,67
DA:363,40
DA:367,4
DA:371,4
DA:375,4
DA:379,6
DA:395,27
DA:396,25
DA:398,22
DA:401,22
DA:404,20
DA:407,18
DA:410,16
LF:100
LH:100
BRDA:87,1,0,20
BRDA:87,1,1,0
BRDA:103,2,0,14
BRDA:103,2,1,0
BRDA:104,3,0,14
BRDA:104,3,1,0
BRDA:106,4,0,11
BRDA:106,4,1,3
BRDA:140,5,0,1
BRDA:140,5,1,16
BRDA:185,6,0,8
BRDA:185,6,1,2
BRDA:191,7,0,6
BRDA:191,7,1,2
BRDA:192,8,0,6
BRDA:192,8,1,0
BRDA:195,9,0,1
BRDA:195,9,1,1
BRDA:196,10,0,1
BRDA:196,10,1,0
BRDA:200,11,0,7
BRDA:200,11,1,1
BRDA:217,12,0,5
BRDA:217,12,1,0
BRDA:223,13,0,5
BRDA:223,13,1,0
BRDA:224,14,0,5
BRDA:224,14,1,0
BRDA:242,15,0,13
BRDA:242,15,1,0
BRDA:248,16,0,11
BRDA:248,16,1,2
BRDA:249,17,0,9
BRDA:249,17,1,2
BRDA:267,18,0,1
BRDA:267,18,1,0
BRDA:272,19,0,1
BRDA:272,19,1,0
BRDA:274,20,0,1
BRDA:274,20,1,0
BRDA:275,21,0,1
BRDA:275,21,1,0
BRDA:302,22,0,10
BRDA:302,22,1,11
BRDA:306,23,0,5
BRDA:306,23,1,14
BRDA:310,24,0,13
BRDA:310,24,1,6
BRDA:314,25,0,1
BRDA:314,25,1,16
BRDA:331,26,0,75
BRDA:331,26,1,0
BRDA:333,27,0,8
BRDA:333,27,1,67
BRDA:336,28,0,55
BRDA:336,28,1,12
BRDA:341,29,0,47
BRDA:341,29,1,20
BRDA:395,30,0,25
BRDA:395,30,1,2
BRDA:396,31,0,22
BRDA:396,31,1,3
BRDA:398,32,0,22
BRDA:398,32,1,0
BRDA:401,33,0,20
BRDA:401,33,1,2
BRDA:404,34,0,18
BRDA:404,34,1,2
BRDA:407,35,0,16
BRDA:407,35,1,2
BRDA:410,36,0,14
BRDA:410,36,1,2
BRF:72
BRH:57
end_of_record
TN:
SF:/Users/oren/daostack/arc/contracts/schemes/ContributionRewardExt.sol
FN:67,onlyRewarder
FN:88,initialize
FN:112,executeProposal
FN:137,proposeContributionReward
FN:199,redeemReputation
FN:236,redeemNativeToken
FN:261,redeemEther
FN:286,redeemExternalToken
FN:316,redeemReputationByRewarder
FN:341,redeemNativeTokenByRewarder
FN:365,redeemEtherByRewarder
FN:388,redeemExternalTokenByRewarder
FN:417,redeem
FN:439,getProposalEthReward
FN:443,getProposalExternalTokenReward
FN:447,getProposalExternalToken
FN:451,getProposalReputationReward
FN:455,getProposalNativeTokenReward
FN:459,getProposalAcceptedByVotingMachine
FNF:19
FNH:17
FNDA:59,onlyRewarder
FNDA:34,initialize
FNDA:18,executeProposal
FNDA:34,proposeContributionReward
FNDA:15,redeemReputation
FNDA:10,redeemNativeToken
FNDA:10,redeemEther
FNDA:6,redeemExternalToken
FNDA:12,redeemReputationByRewarder
FNDA:13,redeemNativeTokenByRewarder
FNDA:13,redeemEtherByRewarder
FNDA:13,redeemExternalTokenByRewarder
FNDA:18,redeem
FNDA:4,getProposalEthReward
FNDA:4,getProposalExternalTokenReward
FNDA:4,getProposalExternalToken
FNDA:0,getProposalReputationReward
FNDA:0,getProposalNativeTokenReward
FNDA:6,getProposalAcceptedByVotingMachine
DA:68,59
DA:69,51
DA:97,34
DA:98,34
DA:99,34
DA:100,34
DA:101,34
DA:102,34
DA:103,34
DA:104,34
DA:116,18
DA:117,18
DA:118,18
DA:119,15
DA:121,18
DA:122,18
DA:148,34
DA:149,34
DA:150,19
DA:152,34
DA:153,34
DA:154,34
DA:155,1
DA:157,34
DA:158,19
DA:161,32
DA:174,32
DA:176,32
DA:188,32
DA:200,15
DA:201,15
DA:206,13
DA:207,5
DA:208,5
DA:209,5
DA:212,8
DA:214,8
DA:216,8
DA:217,6
DA:221,1
DA:225,8
DA:226,7
DA:238,10
DA:239,10
DA:241,10
DA:243,5
DA:244,5
DA:247,10
DA:249,10
DA:250,10
DA:251,10
DA:252,10
DA:262,10
DA:263,10
DA:264,10
DA:266,10
DA:267,5
DA:268,5
DA:270,5
DA:272,10
DA:274,10
DA:275,10
DA:276,10
DA:277,10
DA:287,6
DA:288,6
DA:291,6
DA:292,5
DA:293,5
DA:297,6
DA:298,6
DA:300,6
DA:301,6
DA:305,6
DA:320,12
DA:321,12
DA:324,12
DA:327,10
DA:330,10
DA:331,10
DA:345,13
DA:346,13
DA:349,13
DA:353,11
DA:354,11
DA:355,11
DA:369,13
DA:370,13
DA:373,13
DA:376,11
DA:377,11
DA:378,11
DA:391,13
DA:392,13
DA:395,13
DA:399,11
DA:400,11
DA:401,11
DA:402,11
DA:422,18
DA:423,15
DA:426,16
DA:427,10
DA:430,16
DA:431,10
DA:434,16
DA:435,6
DA:440,4
DA:444,4
DA:448,4
DA:452,0
DA:456,0
DA:460,6
LF:113
LH:111
BRDA:68,1,0,51
BRDA:68,1,1,8
BRDA:97,2,0,34
BRDA:97,2,1,0
BRDA:98,3,0,34
BRDA:98,3,1,0
BRDA:116,4,0,18
BRDA:116,4,1,0
BRDA:117,5,0,18
BRDA:117,5,1,0
BRDA:118,6,0,15
BRDA:118,6,1,3
BRDA:149,7,0,19
BRDA:149,7,1,15
BRDA:154,8,0,1
BRDA:154,8,1,33
BRDA:157,9,0,19
BRDA:157,9,1,15
BRDA:158,10,0,17
BRDA:158,10,1,2
BRDA:201,11,0,13
BRDA:201,11,1,2
BRDA:206,12,0,5
BRDA:206,12,1,8
BRDA:207,13,0,5
BRDA:207,13,1,0
BRDA:216,14,0,6
BRDA:216,14,1,2
BRDA:217,15,0,6
BRDA:217,15,1,0
BRDA:220,16,0,1
BRDA:220,16,1,1
BRDA:221,17,0,1
BRDA:221,17,1,0
BRDA:225,18,0,7
BRDA:225,18,1,1
BRDA:239,19,0,10
BRDA:239,19,1,0
BRDA:241,20,0,5
BRDA:241,20,1,5
BRDA:243,21,0,5
BRDA:243,21,1,0
BRDA:250,22,0,10
BRDA:250,22,1,0
BRDA:251,23,0,10
BRDA:251,23,1,0
BRDA:263,24,0,10
BRDA:263,24,1,0
BRDA:266,25,0,5
BRDA:266,25,1,5
BRDA:267,26,0,5
BRDA:267,26,1,0
BRDA:275,27,0,10
BRDA:275,27,1,0
BRDA:276,28,0,10
BRDA:276,28,1,0
BRDA:288,29,0,6
BRDA:288,29,1,0
BRDA:291,30,0,5
BRDA:291,30,1,1
BRDA:292,31,0,5
BRDA:292,31,1,0
BRDA:297,32,0,6
BRDA:297,32,1,0
BRDA:301,33,0,6
BRDA:301,33,1,0
BRDA:321,34,0,12
BRDA:321,34,1,0
BRDA:327,35,0,10
BRDA:327,35,1,0
BRDA:330,36,0,10
BRDA:330,36,1,0
BRDA:346,37,0,13
BRDA:346,37,1,0
BRDA:353,38,0,11
BRDA:353,38,1,0
BRDA:370,39,0,13
BRDA:370,39,1,0
BRDA:376,40,0,11
BRDA:376,40,1,0
BRDA:392,41,0,13
BRDA:392,41,1,0
BRDA:399,42,0,11
BRDA:399,42,1,0
BRDA:400,43,0,11
BRDA:400,43,1,0
BRDA:422,44,0,15
BRDA:422,44,1,3
BRDA:426,45,0,10
BRDA:426,45,1,6
BRDA:430,46,0,10
BRDA:430,46,1,6
BRDA:434,47,0,6
BRDA:434,47,1,10
BRF:94
BRH:65
end_of_record
TN:
SF:/Users/oren/daostack/arc/contracts/schemes/ControllerUpgradeScheme.sol
FN:52,initialize
FN:71,executeProposal
FN:107,proposeUpgrade
FN:137,proposeChangeControllerUpgradingScheme
FNF:4
FNH:3
FNDA:8,initialize
FNDA:3,executeProposal
FNDA:0,proposeUpgrade
FNDA:4,proposeChangeControllerUpgradingScheme
DA:60,8
DA:61,8
DA:62,8
DA:63,8
DA:72,3
DA:73,3
DA:74,3
DA:75,3
DA:77,3
DA:80,3
DA:82,3
DA:83,0
DA:87,3
DA:88,3
DA:89,3
DA:92,3
DA:93,2
DA:97,3
DA:98,3
DA:111,0
DA:112,0
DA:116,0
DA:117,0
DA:124,0
DA:128,0
DA:144,4
DA:145,4
DA:147,4
DA:151,4
DA:153,4
DA:160,4
DA:164,4
LF:32
LH:25
BRDA:60,1,0,8
BRDA:60,1,1,0
BRDA:73,2,0,3
BRDA:73,2,1,0
BRDA:77,3,0,3
BRDA:77,3,1,0
BRDA:82,4,0,0
BRDA:82,4,1,3
BRDA:83,5,0,0
BRDA:83,5,1,0
BRDA:87,6,0,3
BRDA:87,6,1,0
BRDA:89,7,0,3
BRDA:89,7,1,0
BRDA:92,8,0,2
BRDA:92,8,1,1
BRDA:93,9,0,2
BRDA:93,9,1,0
BRDA:145,10,0,4
BRDA:145,10,1,0
BRF:20
BRH:10
end_of_record
TN:
SF:/Users/oren/daostack/arc/contracts/schemes/CurveInterface.sol
FNF:0
FNH:0
LF:0
LH:0
BRF:0
BRH:0
end_of_record
TN:
SF:/Users/oren/daostack/arc/contracts/schemes/ExternalLocking4Reputation.sol
FN:35,initialize
FN:65,claim
FN:92,register
FNF:3
FNH:3
FNDA:23,initialize
FNDA:24,claim
FNDA:1,register
DA:46,23
DA:47,23
DA:48,23
DA:49,23
DA:66,24
DA:67,22
DA:68,22
DA:69,19
DA:71,3
DA:72,1
DA:74,20
DA:75,18
DA:76,18
DA:79,18
DA:80,18
DA:82,18
DA:85,18
DA:93,1
DA:94,1
LF:19
LH:19
BRDA:46,1,0,23
BRDA:46,1,1,0
BRDA:66,2,0,22
BRDA:66,2,1,2
BRDA:68,3,0,19
BRDA:68,3,1,3
BRDA:71,4,0,1
BRDA:71,4,1,2
BRDA:74,5,0,18
BRDA:74,5,1,2
BRDA:79,6,0,18
BRDA:79,6,1,0
BRF:12
BRH:10
end_of_record
TN:
SF:/Users/oren/daostack/arc/contracts/schemes/FixedReputationAllocation.sol
FN:34,initialize
FN:49,redeem
FN:69,addBeneficiary
FN:84,addBeneficiaries
FN:93,enable
FNF:5
FNH:5
FNDA:11,initialize
FNDA:49,redeem
FNDA:103,addBeneficiary
FNDA:5,addBeneficiaries
FNDA:4,enable
DA:37,11
DA:38,11
DA:39,11
DA:40,11
DA:41,11
DA:50,49
DA:51,47
DA:52,43
DA:54,43
DA:55,41
DA:60,41
DA:62,41
DA:70,103
DA:72,103
DA:73,103
DA:74,103
DA:76,103
DA:85,5
DA:86,100
DA:94,4
DA:96,4
LF:21
LH:21
BRDA:37,1,0,11
BRDA:37,1,1,0
BRDA:50,2,0,47
BRDA:50,2,1,2
BRDA:51,3,0,43
BRDA:51,3,1,4
BRDA:54,4,0,41
BRDA:54,4,1,2
BRDA:55,5,0,41
BRDA:55,5,1,0
BRDA:70,6,0,103
BRDA:70,6,1,0
BRDA:72,7,0,103
BRDA:72,7,1,0
BRF:14
BRH:10
end_of_record
TN:
SF:/Users/oren/daostack/arc/contracts/schemes/FundingRequest.sol
FN:58,initialize
FN:79,executeProposal
FN:100,propose
FN:145,redeem
FNF:4
FNH:4
FNDA:10,initialize
FNDA:6,executeProposal
FNDA:10,propose
FNDA:9,redeem
DA:67,10
DA:68,10
DA:69,10
DA:70,10
DA:71,10
DA:83,6
DA:84,6
DA:86,6
DA:88,4
DA:90,6
DA:91,6
DA:108,10
DA:112,8
DA:113,8
DA:114,8
DA:115,0
DA:118,8
DA:124,8
DA:126,8
DA:134,8
DA:138,8
DA:146,9
DA:147,9
DA:148,9
DA:149,3
DA:150,3
DA:151,1
DA:156,2
DA:165,3
DA:167,3
LF:30
LH:29
BRDA:67,1,0,10
BRDA:67,1,1,0
BRDA:83,2,0,6
BRDA:83,2,1,0
BRDA:84,3,0,6
BRDA:84,3,1,0
BRDA:86,4,0,4
BRDA:86,4,1,2
BRDA:108,5,0,8
BRDA:108,5,1,2
BRDA:114,6,0,0
BRDA:114,6,1,8
BRDA:148,7,0,3
BRDA:148,7,1,6
BRDA:150,8,0,1
BRDA:150,8,1,2
BRDA:151,9,0,1
BRDA:151,9,1,0
BRDA:156,10,0,2
BRDA:156,10,1,0
BRF:20
BRH:14
end_of_record
TN:
SF:/Users/oren/daostack/arc/contracts/schemes/GenericScheme.sol
FN:59,initialize
FN:81,executeProposal
FN:105,execute
FN:132,proposeCall
FNF:4
FNH:4
FNDA:11,initialize
FNDA:8,executeProposal
FNDA:14,execute
FNDA:10,proposeCall
DA:68,11
DA:69,11
DA:70,11
DA:71,11
DA:72,11
DA:85,8
DA:86,8
DA:87,8
DA:89,8
DA:90,6
DA:91,6
DA:93,2
DA:94,2
DA:97,8
DA:98,8
DA:106,14
DA:107,14
DA:108,12
DA:109,10
DA:110,10
DA:111,10
DA:112,10
DA:113,10
DA:115,10
DA:116,4
DA:117,4
DA:118,4
DA:120,6
DA:136,10
DA:138,10
DA:144,10
DA:148,10
DA:149,10
LF:33
LH:33
BRDA:68,1,0,11
BRDA:68,1,1,0
BRDA:86,2,0,8
BRDA:86,2,1,0
BRDA:87,3,0,8
BRDA:87,3,1,0
BRDA:89,4,0,6
BRDA:89,4,1,2
BRDA:107,5,0,12
BRDA:107,5,1,2
BRDA:108,6,0,10
BRDA:108,6,1,2
BRDA:115,7,0,4
BRDA:115,7,1,6
BRF:14
BRH:11
end_of_record
TN:
SF:/Users/oren/daostack/arc/contracts/schemes/GlobalConstraintRegistrar.sol
FN:58,initialize
FN:78,executeProposal
FN:117,proposeGlobalConstraint
FN:154,proposeToRemoveGC
FNF:4
FNH:4
FNDA:10,initialize
FNDA:8,executeProposal
FNDA:8,proposeGlobalConstraint
FNDA:5,proposeToRemoveGC
DA:66,10
DA:67,10
DA:68,10
DA:69,10
DA:82,8
DA:85,8
DA:87,8
DA:88,8
DA:89,8
DA:91,8
DA:94,7
DA:97,7
DA:98,5
DA:99,5
DA:102,7
DA:103,2
DA:106,8
DA:107,8
DA:124,8
DA:126,8
DA:132,8
DA:133,8
DA:141,8
DA:145,8
DA:155,5
DA:156,5
DA:157,3
DA:164,3
DA:170,3
DA:171,3
DA:178,3
DA:182,3
LF:32
LH:32
BRDA:66,1,0,10
BRDA:66,1,1,0
BRDA:87,2,0,8
BRDA:87,2,1,0
BRDA:91,3,0,7
BRDA:91,3,1,1
BRDA:97,4,0,5
BRDA:97,4,1,2
BRDA:102,5,0,2
BRDA:102,5,1,5
BRDA:156,6,0,3
BRDA:156,6,1,2
BRF:12
BRH:10
end_of_record
TN:
SF:/Users/oren/daostack/arc/contracts/schemes/JoinAndQuit.sol
FN:86,initialize
FN:115,executeProposal
FN:155,proposeToJoin
FN:200,redeemReputation
FN:225,rageQuit
FN:252,setFundingGoalReachedFlag
FNF:6
FNH:6
FNDA:29,initialize
FNDA:26,executeProposal
FNDA:37,proposeToJoin
FNDA:5,redeemReputation
FNDA:12,rageQuit
FNDA:23,setFundingGoalReachedFlag
DA:99,29
DA:100,29
DA:101,29
DA:102,29
DA:103,29
DA:104,29
DA:105,29
DA:106,29
DA:107,29
DA:119,26
DA:120,26
DA:121,26
DA:122,26
DA:124,26
DA:125,23
DA:126,23
DA:128,8
DA:129,8
DA:131,15
DA:133,23
DA:134,23
DA:135,23
DA:137,3
DA:139,1
DA:140,1
DA:142,2
DA:145,26
DA:146,26
DA:163,37
DA:164,37
DA:165,37
DA:166,33
DA:167,12
DA:169,21
DA:171,29
DA:173,29
DA:178,29
DA:180,29
DA:188,29
DA:192,29
DA:201,5
DA:202,5
DA:203,5
DA:204,3
DA:206,3
DA:207,3
DA:208,1
DA:209,0
DA:211,1
DA:213,1
DA:216,1
DA:226,12
DA:227,8
DA:228,8
DA:229,8
DA:230,8
DA:231,4
DA:232,4
DA:236,4
DA:237,4
DA:241,8
DA:242,8
DA:245,8
DA:246,8
DA:253,23
DA:254,23
DA:255,8
DA:257,15
DA:259,23
DA:264,10
DA:268,10
LF:71
LH:70
BRDA:99,1,0,29
BRDA:99,1,1,0
BRDA:119,2,0,26
BRDA:119,2,1,0
BRDA:120,3,0,26
BRDA:120,3,1,0
BRDA:124,4,0,23
BRDA:124,4,1,3
BRDA:126,5,0,8
BRDA:126,5,1,15
BRDA:129,6,0,8
BRDA:129,6,1,0
BRDA:137,7,0,1
BRDA:137,7,1,2
BRDA:140,8,0,1
BRDA:140,8,1,0
BRDA:164,9,0,37
BRDA:164,9,1,0
BRDA:165,10,0,33
BRDA:165,10,1,4
BRDA:166,11,0,12
BRDA:166,11,1,21
BRDA:167,12,0,10
BRDA:167,12,1,2
BRDA:203,13,0,3
BRDA:203,13,1,2
BRDA:204,14,0,3
BRDA:204,14,1,0
BRDA:207,15,0,1
BRDA:207,15,1,2
BRDA:208,16,0,0
BRDA:208,16,1,1
BRDA:213,17,0,1
BRDA:213,17,1,0
BRDA:226,18,0,8
BRDA:226,18,1,4
BRDA:230,19,0,4
BRDA:230,19,1,4
BRDA:232,20,0,4
BRDA:232,20,1,0
BRDA:237,21,0,4
BRDA:237,21,1,0
BRDA:242,22,0,8
BRDA:242,22,1,0
BRDA:254,23,0,8
BRDA:254,23,1,15
BRDA:259,24,0,10
BRDA:259,24,1,13
BRDA:264,25,0,10
BRDA:264,25,1,0
BRF:50
BRH:37
end_of_record
TN:
SF:/Users/oren/daostack/arc/contracts/schemes/Locking4Reputation.sol
FN:46,redeem
FN:71,_release
FN:92,_lock
FN:143,_initialize
FNF:4
FNH:4
FNDA:37,redeem
FNDA:13,_release
FNDA:65,_lock
FNDA:69,_initialize
DA:48,37
DA:49,25
DA:50,19
DA:51,19
DA:52,19
DA:53,19
DA:56,19
DA:57,19
DA:62,19
DA:72,13
DA:73,13
DA:74,9
DA:75,9
DA:77,9
DA:78,5
DA:80,5
DA:103,65
DA:104,59
DA:105,55
DA:107,49
DA:109,43
DA:111,39
DA:112,39
DA:114,39
DA:115,39
DA:117,39
DA:118,39
DA:119,39
DA:120,39
DA:121,39
DA:122,39
DA:124,39
DA:126,37
DA:128,37
DA:154,69
DA:155,69
DA:156,69
DA:158,63
DA:159,63
DA:160,63
DA:161,63
DA:162,63
DA:163,63
DA:164,63
DA:165,63
LF:45
LH:45
BRDA:48,1,0,25
BRDA:48,1,1,12
BRDA:49,2,0,19
BRDA:49,2,1,6
BRDA:57,3,0,19
BRDA:57,3,1,0
BRDA:73,4,0,9
BRDA:73,4,1,4
BRDA:77,5,0,5
BRDA:77,5,1,4
BRDA:103,6,0,59
BRDA:103,6,1,6
BRDA:104,7,0,55
BRDA:104,7,1,4
BRDA:105,8,0,49
BRDA:105,8,1,6
BRDA:107,9,0,43
BRDA:107,9,1,6
BRDA:109,10,0,39
BRDA:109,10,1,4
BRDA:121,11,0,39
BRDA:121,11,1,0
BRDA:124,12,0,37
BRDA:124,12,1,2
BRDA:154,13,0,69
BRDA:154,13,1,0
BRDA:155,14,0,69
BRDA:155,14,1,0
BRDA:156,15,0,63
BRDA:156,15,1,6
BRF:30
BRH:26
end_of_record
TN:
SF:/Users/oren/daostack/arc/contracts/schemes/LockingEth4Reputation.sol
FN:23,initialize
FN:49,release
FN:61,lock
FNF:3
FNH:3
FNDA:25,initialize
FNDA:7,release
FNDA:28,lock
DA:33,25
DA:50,7
DA:51,3
DA:53,3
DA:62,28
LF:5
LH:5
BRF:0
BRH:0
end_of_record
TN:
SF:/Users/oren/daostack/arc/contracts/schemes/LockingToken4Reputation.sol
FN:34,initialize
FN:62,release
FN:76,lock
FNF:3
FNH:3
FNDA:27,initialize
FNDA:6,release
FNDA:29,lock
DA:45,27
DA:46,27
DA:63,6
DA:64,2
DA:66,2
DA:82,29
DA:83,29
DA:85,29
DA:87,29
DA:88,27
DA:90,25
DA:92,25
DA:94,13
DA:96,13
LF:14
LH:14
BRDA:87,1,0,27
BRDA:87,1,1,2
BRDA:88,2,0,25
BRDA:88,2,1,2
BRF:4
BRH:4
end_of_record
TN:
SF:/Users/oren/daostack/arc/contracts/schemes/PriceOracleInterface.sol
FNF:0
FNH:0
LF:0
LH:0
BRF:0
BRH:0
end_of_record
TN:
SF:/Users/oren/daostack/arc/contracts/schemes/ReputationFromToken.sol
FN:40,initialize
FN:53,redeem
FN:66,redeemWithSignature
FN:104,_redeem
FNF:4
FNH:4
FNDA:10,initialize
FNDA:3,redeem
FNDA:1,redeemWithSignature
FNDA:4,_redeem
DA:42,10
DA:43,10
DA:44,10
DA:45,10
DA:54,3
DA:75,1
DA:76,1
DA:77,0
DA:87,1
DA:93,1
DA:94,1
DA:95,1
DA:105,4
DA:106,4
DA:107,4
DA:108,4
DA:109,4
DA:110,3
DA:112,4
DA:113,1
DA:115,4
DA:119,4
DA:120,4
LF:23
LH:22
BRDA:42,1,0,10
BRDA:42,1,1,0
BRDA:76,2,0,0
BRDA:76,2,1,1
BRDA:94,3,0,1
BRDA:94,3,1,0
BRDA:105,4,0,4
BRDA:105,4,1,0
BRDA:106,5,0,4
BRDA:106,5,1,0
BRDA:109,6,0,3
BRDA:109,6,1,1
BRDA:112,7,0,1
BRDA:112,7,1,3
BRDA:115,8,0,4
BRDA:115,8,1,0
BRF:16
BRH:10
end_of_record
TN:
SF:/Users/oren/daostack/arc/contracts/schemes/SchemeFactory.sol
FN:52,initialize
FN:74,executeProposal
FN:112,proposeScheme
FNF:3
FNH:3
FNDA:8,initialize
FNDA:4,executeProposal
FNDA:5,proposeScheme
DA:61,8
DA:62,8
DA:63,8
DA:64,8
DA:65,8
DA:78,4
DA:79,4
DA:80,4
DA:81,4
DA:82,4
DA:83,3
DA:84,2
DA:90,2
DA:94,3
DA:95,2
DA:98,4
DA:99,4
DA:123,5
DA:124,4
DA:129,1
DA:130,1
DA:135,0
DA:138,5
DA:145,5
DA:153,5
DA:165,5
DA:166,5
DA:170,5
LF:28
LH:27
BRDA:61,1,0,8
BRDA:61,1,1,0
BRDA:82,2,0,3
BRDA:82,2,1,1
BRDA:83,3,0,2
BRDA:83,3,1,1
BRDA:90,4,0,2
BRDA:90,4,1,0
BRDA:94,5,0,2
BRDA:94,5,1,1
BRDA:95,6,0,2
BRDA:95,6,1,0
BRDA:123,7,0,4
BRDA:123,7,1,1
BRDA:124,8,0,4
BRDA:124,8,1,0
BRDA:128,9,0,1
BRDA:128,9,1,0
BRDA:130,10,0,1
BRDA:130,10,1,0
BRF:20
BRH:14
end_of_record
TN:
SF:/Users/oren/daostack/arc/contracts/schemes/SchemeRegistrar.sol
FN:55,initialize
FN:76,executeProposal
FN:113,proposeScheme
FN:158,proposeToRemoveScheme
FNF:4
FNH:4
FNDA:14,initialize
FNDA:11,executeProposal
FNDA:11,proposeScheme
FNDA:2,proposeToRemoveScheme
DA:64,14
DA:65,14
DA:66,14
DA:67,14
DA:68,14
DA:80,11
DA:81,11
DA:82,11
DA:83,11
DA:84,11
DA:87,10
DA:90,10
DA:91,9
DA:97,10
DA:98,1
DA:101,11
DA:102,11
DA:122,11
DA:124,11
DA:131,11
DA:136,11
DA:144,11
DA:145,11
DA:149,11
DA:162,2
DA:164,2
DA:165,2
DA:166,2
DA:167,2
DA:171,2
LF:30
LH:30
BRDA:64,1,0,14
BRDA:64,1,1,0
BRDA:81,2,0,11
BRDA:81,2,1,0
BRDA:84,3,0,10
BRDA:84,3,1,1
BRDA:90,4,0,9
BRDA:90,4,1,1
BRDA:91,5,0,9
BRDA:91,5,1,0
BRDA:97,6,0,1
BRDA:97,6,1,9
BRDA:98,7,0,1
BRDA:98,7,1,0
BRDA:122,8,0,11
BRDA:122,8,1,0
BRDA:162,9,0,2
BRDA:162,9,1,0
BRF:18
BRH:12
end_of_record
TN:
SF:/Users/oren/daostack/arc/contracts/schemes/SignalScheme.sol
FN:53,initialize
FN:72,proposeSignal
FN:109,executeProposal
FNF:3
FNH:3
FNDA:4,initialize
FNDA:3,proposeSignal
FNDA:2,executeProposal
DA:59,4
DA:60,4
DA:78,3
DA:81,3
DA:88,3
DA:90,3
DA:97,3
DA:101,3
DA:110,2
DA:111,2
DA:113,2
DA:114,1
DA:119,2
LF:13
LH:13
BRDA:59,1,0,4
BRDA:59,1,1,0
BRDA:78,2,0,3
BRDA:78,2,1,0
BRDA:110,3,0,2
BRDA:110,3,1,0
BRDA:113,4,0,1
BRDA:113,4,1,1
BRF:8
BRH:5
end_of_record
TN:
SF:/Users/oren/daostack/arc/contracts/schemes/UpgradeScheme.sol
FN:57,initialize
FN:79,executeProposal
FN:120,proposeUpgrade
FNF:3
FNH:3
FNDA:10,initialize
FNDA:4,executeProposal
FNDA:13,proposeUpgrade
DA:66,10
DA:67,10
DA:68,10
DA:69,10
DA:70,10
DA:83,4
DA:84,4
DA:86,4
DA:87,3
DA:88,3
DA:89,3
DA:90,66
DA:91,66
DA:92,66
DA:96,66
DA:97,66
DA:105,4
DA:106,4
DA:107,4
DA:108,4
DA:128,13
DA:129,11
DA:133,9
DA:134,7
DA:135,74
DA:143,5
DA:145,5
DA:151,5
DA:155,5
DA:163,5
LF:30
LH:30
BRDA:66,1,0,10
BRDA:66,1,1,0
BRDA:84,2,0,4
BRDA:84,2,1,0
BRDA:86,3,0,3
BRDA:86,3,1,1
BRDA:128,4,0,11
BRDA:128,4,1,2
BRDA:129,5,0,9
BRDA:129,5,1,2
BRDA:133,6,0,7
BRDA:133,6,1,2
BRDA:135,7,0,72
BRDA:135,7,1,2
BRF:14
BRH:12
end_of_record
TN:
SF:/Users/oren/daostack/arc/contracts/schemes/VoteInOrganizationScheme.sol
FN:45,initialize
FN:65,executeProposal
FN:104,proposeVote
FNF:3
FNH:3
FNDA:10,initialize
FNDA:4,executeProposal
FNDA:5,proposeVote
DA:53,10
DA:54,10
DA:55,10
DA:56,10
DA:70,4
DA:71,4
DA:72,4
DA:73,4
DA:74,4
DA:75,4
DA:77,4
DA:79,3
DA:80,3
DA:89,3
DA:91,4
DA:92,4
DA:112,5
DA:113,5
DA:114,5
DA:117,5
DA:119,5
DA:125,5
DA:134,5
DA:138,5
LF:24
LH:24
BRDA:53,1,0,10
BRDA:53,1,1,0
BRDA:71,2,0,4
BRDA:71,2,1,0
BRDA:77,3,0,3
BRDA:77,3,1,1
BRDA:89,4,0,3
BRDA:89,4,1,0
BRDA:113,5,0,5
BRDA:113,5,1,0
BRDA:114,6,0,5
BRDA:114,6,1,0
BRF:12
BRH:7
end_of_record
TN:
SF:/Users/oren/daostack/arc/contracts/test/ActionMock.sol
FN:13,test
FN:21,test2
FN:26,withoutReturnValue
FN:31,setActivationTime
FN:35,test3
FNF:5
FNH:5
FNDA:3,test
FNDA:4,test2
FNDA:1,withoutReturnValue
FNDA:1,setActivationTime
FNDA:3,test3
DA:14,3
DA:15,3
DA:16,3
DA:17,2
DA:18,2
DA:22,4
DA:23,2
DA:27,1
DA:28,1
DA:32,1
DA:37,3
LF:11
LH:11
BRDA:14,1,0,3
BRDA:14,1,1,0
BRDA:15,2,0,3
BRDA:15,2,1,0
BRDA:16,3,0,2
BRDA:16,3,1,1
BRDA:22,4,0,2
BRDA:22,4,1,2
BRDA:27,5,0,1
BRDA:27,5,1,0
BRDA:37,6,0,1
BRDA:37,6,1,2
BRF:12
BRH:9
end_of_record
TN:
SF:/Users/oren/daostack/arc/contracts/test/AgreementMock.sol
FN:8,setAgreementHashTest
FN:13,test
FNF:2
FNH:2
FNDA:5,setAgreementHashTest
FNDA:1,test
DA:10,5
DA:15,1
LF:2
LH:2
BRF:0
BRH:0
end_of_record
TN:
SF:/Users/oren/daostack/arc/contracts/test/ARCDebug.sol
FNF:0
FNH:0
LF:0
LH:0
BRF:0
BRH:0
end_of_record
TN:
SF:/Users/oren/daostack/arc/contracts/test/ARCGenesisProtocolCallbacksMock.sol
FN:8,propose
FNF:1
FNH:1
FNDA:8,propose
DA:9,8
LF:1
LH:1
BRF:0
BRH:0
end_of_record
TN:
SF:/Users/oren/daostack/arc/contracts/test/ERC20Mock.sol
FN:9,constructor
FNF:1
FNH:1
FNDA:255,constructor
DA:10,255
LF:1
LH:1
BRF:0
BRH:0
end_of_record
TN:
SF:/Users/oren/daostack/arc/contracts/test/ExternalTokenLockerMock.sol
FN:15,initialize
FN:21,lock
FN:25,balanceOf
FNF:3
FNH:2
FNDA:19,initialize
FNDA:57,lock
FNDA:0,balanceOf
DA:18,19
DA:22,57
DA:26,0
LF:3
LH:2
BRF:0
BRH:0
end_of_record
TN:
SF:/Users/oren/daostack/arc/contracts/test/GlobalConstraintMock.sol
FN:17,setConstraint
FN:33,pre
FN:37,post
FN:41,when
FNF:4
FNH:3
FNDA:5,setConstraint
FNDA:1,pre
FNDA:0,post
FNDA:7,when
DA:18,5
DA:19,5
DA:21,5
DA:22,4
DA:24,1
DA:25,0
DA:27,0
DA:30,5
DA:34,1
DA:38,0
DA:42,7
LF:11
LH:8
BRDA:21,1,0,4
BRDA:21,1,1,1
BRDA:24,2,0,0
BRDA:24,2,1,1
BRDA:26,3,0,0
BRDA:26,3,1,1
BRF:6
BRH:4
end_of_record
TN:
SF:/Users/oren/daostack/arc/contracts/test/NectarRepAllocation.sol
FN:37,initialize
FN:62,balanceOf
FNF:2
FNH:2
FNDA:7,initialize
FNDA:5,balanceOf
DA:45,7
DA:46,5
DA:47,5
DA:48,5
DA:49,5
DA:50,5
DA:51,5
DA:52,5
DA:53,4
DA:55,5
DA:63,5
DA:66,1
DA:68,4
LF:13
LH:13
BRDA:45,1,0,5
BRDA:45,1,1,2
BRDA:46,2,0,5
BRDA:46,2,1,0
BRDA:52,3,0,4
BRDA:52,3,1,1
BRDA:53,4,0,4
BRDA:53,4,1,0
BRDA:63,5,0,1
BRDA:63,5,1,4
BRF:10
BRH:8
end_of_record
TN:
SF:/Users/oren/daostack/arc/contracts/test/PolkaCurve.sol
FN:15,calc
FNF:1
FNH:1
FNDA:24,calc
DA:16,24
DA:17,24
DA:18,24
DA:19,24
DA:20,890
DA:21,890
DA:23,24
LF:7
LH:7
BRF:0
BRH:0
end_of_record
TN:
SF:/Users/oren/daostack/arc/contracts/test/PriceOracleMock.sol
FN:22,initialize
FN:28,setTokenPrice
FN:32,getPrice
FNF:3
FNH:3
FNDA:22,initialize
FNDA:46,setTokenPrice
FNDA:29,getPrice
DA:25,22
DA:29,46
DA:33,29
DA:34,29
LF:4
LH:4
BRF:0
BRH:0
end_of_record
TN:
SF:/Users/oren/daostack/arc/contracts/test/SchemeMock.sol
FN:12,initialize
FN:19,genericCall
FN:28,genericCallDirect
FNF:3
FNH:2
FNDA:6,initialize
FNDA:0,genericCall
FNDA:3,genericCallDirect
DA:15,6
DA:16,6
DA:23,0
DA:24,0
DA:31,3
LF:5
LH:3
BRF:0
BRH:0
end_of_record
TN:
SF:/Users/oren/daostack/arc/contracts/test/Wallet.sol
FN:10,
FN:18,initialize
FN:24,pay
FNF:3
FNH:3
FNDA:1,
FNDA:2,initialize
FNDA:1,pay
DA:11,1
DA:21,2
DA:25,1
DA:26,0
DA:27,0
LF:5
LH:3
BRF:0
BRH:0
end_of_record
TN:
SF:/Users/oren/daostack/arc/contracts/utils/DAOFactory.sol
FN:46,initialize
FN:61,forgeOrg
FN:85,addFounders
FN:124,setSchemes
FN:154,createInstance
FN:174,getImplementation
FN:184,getPackageVersion
FN:205,_setSchemes
FN:249,_forgeOrg
FNF:9
FNH:9
FNDA:300,initialize
FNDA:306,forgeOrg
FNDA:3,addFounders
FNDA:298,setSchemes
FNDA:1537,createInstance
FNDA:1541,getImplementation
FNDA:1843,getPackageVersion
FNDA:298,_setSchemes
FNDA:306,_forgeOrg
DA:47,300
DA:70,306
DA:71,306
DA:94,3
DA:96,3
DA:98,3
DA:99,3
DA:101,1
DA:102,60
DA:103,60
DA:104,60
DA:107,60
DA:108,60
DA:112,1
DA:133,298
DA:161,1537
DA:162,1537
DA:163,1537
DA:164,1537
DA:165,1537
DA:178,1541
DA:179,1541
DA:180,1541
DA:181,1541
DA:185,1843
DA:186,1843
DA:187,1843
DA:188,1843
DA:189,319
DA:190,319
DA:192,1524
DA:217,298
DA:219,294
DA:220,294
DA:221,294
DA:222,306
DA:226,306
DA:227,306
DA:228,306
DA:230,294
DA:232,294
DA:234,294
DA:235,294
DA:259,306
DA:261,306
DA:263,304
DA:265,304
DA:269,304
DA:276,304
DA:277,304
DA:278,304
DA:280,304
DA:281,578
DA:282,576
DA:283,293
DA:285,576
DA:286,556
DA:290,302
DA:297,302
DA:298,302
DA:299,302
DA:301,302
DA:302,302
DA:304,302
DA:305,302
LF:65
LH:65
BRDA:94,1,0,3
BRDA:94,1,1,0
BRDA:96,2,0,3
BRDA:96,2,1,0
BRDA:98,3,0,3
BRDA:98,3,1,0
BRDA:99,4,0,1
BRDA:99,4,1,2
BRDA:102,5,0,60
BRDA:102,5,1,0
BRDA:103,6,0,60
BRDA:103,6,1,0
BRDA:107,7,0,60
BRDA:107,7,1,0
BRDA:188,8,0,319
BRDA:188,8,1,1524
BRDA:189,9,0,319
BRDA:189,9,1,0
BRDA:217,10,0,294
BRDA:217,10,1,4
BRDA:259,11,0,306
BRDA:259,11,1,0
BRDA:261,12,0,304
BRDA:261,12,1,2
BRDA:281,13,0,576
BRDA:281,13,1,2
BRDA:282,14,0,293
BRDA:282,14,1,283
BRDA:285,15,0,556
BRDA:285,15,1,20
BRF:30
BRH:22
end_of_record
TN:
SF:/Users/oren/daostack/arc/contracts/utils/Redeemer.sol
FN:41,redeem
FN:96,redeemFromCRExt
FN:122,genesisProtocolRedeem
FN:152,contributionRewardRedeem
FN:182,contributionRewardExtRedeem
FNF:5
FNH:5
FNDA:6,redeem
FNDA:6,redeemFromCRExt
FNDA:12,genesisProtocolRedeem
FNDA:4,contributionRewardRedeem
FNDA:4,contributionRewardExtRedeem
DA:55,6
DA:56,6
DA:58,6
DA:60,6
DA:61,4
DA:110,6
DA:111,6
DA:113,6
DA:115,6
DA:116,4
DA:131,12
DA:133,12
DA:137,6
DA:139,12
DA:140,12
DA:142,12
DA:143,12
DA:144,10
DA:147,12
DA:148,12
DA:156,4
DA:157,4
DA:158,4
DA:159,4
DA:160,4
DA:161,4
DA:162,4
DA:163,4
DA:164,4
DA:165,4
DA:166,4
DA:167,0
DA:169,4
DA:171,4
DA:172,4
DA:173,4
DA:175,4
DA:177,0
DA:179,4
DA:186,4
DA:187,4
DA:188,4
DA:189,4
DA:190,4
DA:191,4
DA:192,4
DA:193,0
DA:195,4
DA:197,4
DA:199,4
DA:201,0
DA:203,4
LF:52
LH:48
BRDA:58,1,0,6
BRDA:58,1,1,0
BRDA:60,2,0,4
BRDA:60,2,1,2
BRDA:113,3,0,6
BRDA:113,3,1,0
BRDA:115,4,0,4
BRDA:115,4,1,2
BRDA:133,5,0,6
BRDA:133,5,1,6
BRDA:140,6,0,12
BRDA:140,6,1,0
BRDA:143,7,0,10
BRDA:143,7,1,2
BRDA:166,8,0,0
BRDA:166,8,1,4
BRDA:173,9,0,4
BRDA:173,9,1,0
BRDA:192,10,0,0
BRDA:192,10,1,4
BRDA:197,11,0,4
BRDA:197,11,1,0
BRF:22
BRH:15
end_of_record
TN:
SF:/Users/oren/daostack/arc/contracts/utils/RepAllocation.sol
FN:26,initialize
FN:34,addBeneficiary
FN:47,addBeneficiaries
FN:58,freeze
FN:66,balanceOf
FNF:5
FNH:5
FNDA:9,initialize
FNDA:33,addBeneficiary
FNDA:1,addBeneficiaries
FNDA:1,freeze
FNDA:5,balanceOf
DA:27,9
DA:35,33
DA:37,31
DA:38,30
DA:39,30
DA:48,1
DA:49,1
DA:50,2
DA:59,1
DA:67,5
LF:10
LH:10
BRDA:35,1,0,31
BRDA:35,1,1,2
BRDA:37,2,0,30
BRDA:37,2,1,1
BRDA:48,3,0,1
BRDA:48,3,1,0
BRF:6
BRH:5
end_of_record
TN:
SF:/Users/oren/daostack/arc/contracts/votingMachines/VotingMachineCallbacks.sol
FN:15,onlyVotingMachine
FN:23,mintReputation
FN:35,burnReputation
FN:47,stakingTokenTransfer
FN:63,balanceOfStakingToken
FN:71,getTotalReputationSupply
FN:79,reputationOf
FNF:7
FNH:7
FNDA:147,onlyVotingMachine
FNDA:13,mintReputation
FNDA:15,burnReputation
FNDA:1,stakingTokenTransfer
FNDA:5,balanceOfStakingToken
FNDA:135,getTotalReputationSupply
FNDA:111,reputationOf
DA:16,147
DA:17,137
DA:28,13
DA:29,13
DA:30,0
DA:32,13
DA:40,15
DA:41,15
DA:42,0
DA:44,15
DA:56,1
DA:57,1
DA:58,0
DA:60,1
DA:64,5
DA:65,5
DA:66,0
DA:68,5
DA:72,135
DA:73,135
DA:74,0
DA:76,135
DA:80,111
DA:81,111
DA:82,0
DA:84,111
LF:26
LH:20
BRDA:16,1,0,137
BRDA:16,1,1,10
BRDA:29,2,0,0
BRDA:29,2,1,13
BRDA:41,3,0,0
BRDA:41,3,1,15
BRDA:57,4,0,0
BRDA:57,4,1,1
BRDA:65,5,0,0
BRDA:65,5,1,5
BRDA:73,6,0,0
BRDA:73,6,1,135
BRDA:81,7,0,0
BRDA:81,7,1,111
BRF:14
BRH:8
end_of_record
