TN:
SF:/home/blackjak/Projects/DXdao/arc/contracts/controller/Avatar.sol
FN:32,constructor
FN:41,
FN:55,genericCall
FN:68,sendEther
FN:82,externalTokenTransfer
FN:103,externalTokenTransferFrom
FN:119,externalTokenApproval
FN:131,metaData
FNF:8
FNH:8
FNDA:383,constructor
FNDA:45,
FNDA:23,genericCall
FNDA:24,sendEther
FNDA:12,externalTokenTransfer
FNDA:2,externalTokenTransferFrom
FNDA:3,externalTokenApproval
FNDA:291,metaData
DA:33,383
DA:34,383
DA:35,383
DA:42,45
DA:58,23
DA:59,23
DA:69,24
DA:70,22
DA:71,22
DA:84,12
DA:85,12
DA:86,12
DA:105,2
DA:106,2
DA:107,2
DA:121,3
DA:122,3
DA:123,3
DA:132,291
DA:133,291
LF:20
LH:20
BRF:0
BRH:0
end_of_record
TN:
SF:/home/blackjak/Projects/DXdao/arc/contracts/controller/Controller.sol
FN:67,constructor
FN:77,
FN:82,onlyRegisteredScheme
FN:87,onlyRegisteringSchemes
FN:92,onlyGlobalConstraintsScheme
FN:97,onlyUpgradingScheme
FN:102,onlyGenericCallScheme
FN:107,onlyMetaDataScheme
FN:112,onlySubjectToConstraint
FN:127,isAvatarValid
FN:142,mintReputation
FN:159,burnReputation
FN:176,mintTokens
FN:194,registerScheme
FN:225,unregisterScheme
FN:245,unregisterSelf
FN:263,addGlobalConstraint
FN:300,removeGlobalConstraint
FN:355,upgradeController
FN:388,genericCall
FN:404,sendEther
FN:421,externalTokenTransfer
FN:446,externalTokenTransferFrom
FN:464,externalTokenApproval
FN:479,metaData
FN:490,getNativeReputation
FN:494,isSchemeRegistered
FN:500,getSchemeParameters
FN:509,getSchemePermissions
FN:516,getGlobalConstraintParameters
FN:538,globalConstraintsCount
FN:547,isGlobalConstraintRegistered
FN:555,_isSchemeRegistered
FNF:33
FNH:32
FNDA:354,constructor
FNDA:0,
FNDA:316,onlyRegisteredScheme
FNDA:1887,onlyRegisteringSchemes
FNDA:37,onlyGlobalConstraintsScheme
FNDA:4,onlyUpgradingScheme
FNDA:21,onlyGenericCallScheme
FNDA:290,onlyMetaDataScheme
FNDA:2222,onlySubjectToConstraint
FNDA:2778,isAvatarValid
FNDA:168,mintReputation
FNDA:22,burnReputation
FNDA:79,mintTokens
FNDA:923,registerScheme
FNDA:956,unregisterScheme
FNDA:33,unregisterSelf
FNDA:25,addGlobalConstraint
FNDA:12,removeGlobalConstraint
FNDA:2,upgradeController
FNDA:20,genericCall
FNDA:23,sendEther
FNDA:11,externalTokenTransfer
FNDA:1,externalTokenTransferFrom
FNDA:2,externalTokenApproval
FNDA:290,metaData
FNDA:1,getNativeReputation
FNDA:90,isSchemeRegistered
FNDA:57,getSchemeParameters
FNDA:9,getSchemePermissions
FNDA:2,getGlobalConstraintParameters
FNDA:38,globalConstraintsCount
FNDA:14,isGlobalConstraintRegistered
FNDA:1079,_isSchemeRegistered
DA:68,354
DA:69,354
DA:70,354
DA:71,354
DA:72,354
DA:78,0
DA:83,316
DA:84,316
DA:88,1887
DA:89,1885
DA:93,37
DA:94,37
DA:98,4
DA:99,2
DA:103,21
DA:104,21
DA:108,290
DA:109,290
DA:113,2222
DA:114,2222
DA:115,16
DA:119,2207
DA:120,1979
DA:121,3
DA:128,2778
DA:129,2776
DA:145,168
DA:146,168
DA:162,22
DA:163,22
DA:179,79
DA:180,79
DA:198,923
DA:204,923
DA:207,923
DA:210,923
DA:211,923
DA:212,923
DA:213,923
DA:229,956
DA:230,1
DA:233,955
DA:236,731
DA:237,731
DA:238,731
DA:246,33
DA:247,1
DA:249,32
DA:250,32
DA:251,32
DA:266,25
DA:267,25
DA:269,22
DA:270,20
DA:271,20
DA:274,2
DA:277,25
DA:279,21
DA:280,19
DA:281,19
DA:284,2
DA:287,25
DA:288,25
DA:303,12
DA:304,12
DA:305,12
DA:306,12
DA:308,12
DA:310,12
DA:311,12
DA:312,12
DA:313,2
DA:314,2
DA:315,2
DA:317,12
DA:318,12
DA:319,12
DA:322,12
DA:324,11
DA:325,11
DA:326,11
DA:327,2
DA:328,2
DA:329,2
DA:331,11
DA:332,11
DA:333,11
DA:336,12
DA:337,12
DA:343,12
DA:358,2
DA:359,2
DA:360,2
DA:361,2
DA:362,2
DA:363,2
DA:364,2
DA:365,2
DA:367,2
DA:368,2
DA:369,2
DA:371,2
DA:372,2
DA:391,20
DA:407,23
DA:424,11
DA:449,1
DA:467,2
DA:482,290
DA:491,1
DA:495,90
DA:504,57
DA:513,9
DA:518,2
DA:520,2
DA:521,1
DA:524,1
DA:526,1
DA:527,1
DA:542,38
DA:551,14
DA:556,1079
LF:122
LH:121
BRDA:83,1,0,316
BRDA:83,1,1,0
BRDA:88,2,0,1885
BRDA:88,2,1,2
BRDA:93,3,0,37
BRDA:93,3,1,0
BRDA:98,4,0,2
BRDA:98,4,1,2
BRDA:103,5,0,21
BRDA:103,5,1,0
BRDA:108,6,0,290
BRDA:108,6,1,0
BRDA:115,7,0,1
BRDA:115,7,1,15
BRDA:121,8,0,1
BRDA:121,8,1,2
BRDA:128,9,0,2776
BRDA:128,9,1,2
BRDA:204,10,0,923
BRDA:204,10,1,0
BRDA:207,11,0,923
BRDA:207,11,1,0
BRDA:229,12,0,1
BRDA:229,12,1,955
BRDA:233,13,0,731
BRDA:233,13,1,224
BRDA:246,14,0,1
BRDA:246,14,1,32
BRDA:267,15,0,22
BRDA:267,15,1,3
BRDA:269,16,0,20
BRDA:269,16,1,2
BRDA:277,17,0,21
BRDA:277,17,1,4
BRDA:279,18,0,19
BRDA:279,18,1,2
BRDA:308,19,0,12
BRDA:308,19,1,0
BRDA:311,20,0,12
BRDA:311,20,1,0
BRDA:312,21,0,2
BRDA:312,21,1,10
BRDA:322,22,0,11
BRDA:322,22,1,1
BRDA:325,23,0,11
BRDA:325,23,1,0
BRDA:326,24,0,2
BRDA:326,24,1,9
BRDA:336,25,0,12
BRDA:336,25,1,0
BRDA:358,26,0,2
BRDA:358,26,1,0
BRDA:359,27,0,2
BRDA:359,27,1,0
BRDA:362,28,0,2
BRDA:362,28,1,0
BRDA:363,29,0,2
BRDA:363,29,1,0
BRDA:365,30,0,2
BRDA:365,30,1,0
BRDA:367,31,0,2
BRDA:367,31,1,0
BRDA:369,32,0,2
BRDA:369,32,1,0
BRDA:520,33,0,1
BRDA:520,33,1,1
BRDA:526,34,0,1
BRDA:526,34,1,0
BRF:68
BRH:50
end_of_record
TN:
SF:/home/blackjak/Projects/DXdao/arc/contracts/controller/DAOToken.sol
FN:27,constructor
FN:39,mint
FNF:2
FNH:2
FNDA:371,constructor
FNDA:462,mint
DA:29,371
DA:30,371
DA:31,371
DA:40,462
DA:41,4
DA:42,460
DA:43,460
LF:7
LH:7
BRDA:40,1,0,4
BRDA:40,1,1,458
BRDA:41,2,0,2
BRDA:41,2,1,2
BRF:4
BRH:4
end_of_record
TN:
SF:/home/blackjak/Projects/DXdao/arc/contracts/globalConstraints/GlobalConstraintInterface.sol
FNF:0
FNH:0
LF:0
LH:0
BRF:0
BRH:0
end_of_record
TN:
SF:/home/blackjak/Projects/DXdao/arc/contracts/globalConstraints/TokenCapGC.sol
FN:28,setParameters
FN:41,getParametersHash
FN:50,pre
FN:59,post
FN:71,when
FNF:5
FNH:5
FNDA:4,setParameters
FNDA:8,getParametersHash
FNDA:1,pre
FNDA:7,post
FNDA:1,when
DA:29,4
DA:30,4
DA:31,4
DA:32,4
DA:42,8
DA:51,1
DA:60,7
DA:62,3
DA:64,4
DA:72,1
LF:10
LH:10
BRDA:60,1,0,3
BRDA:60,1,1,4
BRF:2
BRH:2
end_of_record
TN:
SF:/home/blackjak/Projects/DXdao/arc/contracts/libs/SafeERC20.sol
FN:27,safeTransfer
FN:41,safeTransferFrom
FN:55,safeApprove
FNF:3
FNH:3
FNDA:45,safeTransfer
FNDA:70,safeTransferFrom
FNDA:7,safeApprove
DA:30,45
DA:32,45
DA:36,45
DA:38,45
DA:44,70
DA:46,70
DA:50,70
DA:52,70
DA:58,7
DA:62,7
DA:64,7
DA:68,7
DA:70,7
LF:13
LH:13
BRDA:30,1,0,45
BRDA:30,1,1,0
BRDA:36,2,0,45
BRDA:36,2,1,0
BRDA:38,3,0,45
BRDA:38,3,1,0
BRDA:44,4,0,70
BRDA:44,4,1,0
BRDA:50,5,0,70
BRDA:50,5,1,0
BRDA:52,6,0,70
BRDA:52,6,1,0
BRDA:58,7,0,7
BRDA:58,7,1,0
BRDA:62,8,0,7
BRDA:62,8,1,0
BRDA:68,9,0,7
BRDA:68,9,1,0
BRDA:70,10,0,7
BRDA:70,10,1,0
BRF:20
BRH:10
end_of_record
TN:
SF:/home/blackjak/Projects/DXdao/arc/contracts/schemes/Agreement.sol
FN:12,onlyAgree
FN:21,getAgreementHash
FN:30,setAgreementHash
FNF:3
FNH:3
FNDA:151,onlyAgree
FNDA:6,getAgreementHash
FNDA:117,setAgreementHash
DA:13,151
DA:14,130
DA:23,6
DA:32,117
DA:33,115
LF:5
LH:5
BRDA:13,1,0,130
BRDA:13,1,1,21
BRDA:32,2,0,115
BRDA:32,2,1,2
BRF:4
BRH:4
end_of_record
TN:
SF:/home/blackjak/Projects/DXdao/arc/contracts/schemes/Auction4Reputation.sol
FN:58,initialize
FN:95,redeem
FN:120,bid
FN:142,transferToWallet
FN:155,getBid
FNF:5
FNH:5
FNDA:28,initialize
FNDA:16,redeem
FNDA:20,bid
FNDA:3,transferToWallet
FNDA:2,getBid
DA:70,28
DA:71,26
DA:72,26
DA:74,24
DA:75,22
DA:76,22
DA:77,22
DA:78,16
DA:79,16
DA:80,16
DA:81,16
DA:82,16
DA:83,16
DA:84,16
DA:85,16
DA:86,16
DA:97,16
DA:98,12
DA:99,12
DA:100,12
DA:101,10
DA:102,10
DA:103,10
DA:105,10
DA:106,10
DA:109,10
DA:123,20
DA:125,18
DA:127,16
DA:128,16
DA:130,16
DA:131,16
DA:132,14
DA:133,14
DA:134,14
DA:135,14
DA:144,3
DA:145,1
DA:146,1
DA:156,2
LF:40
LH:40
BRDA:70,1,0,26
BRDA:70,1,1,2
BRDA:71,2,0,26
BRDA:71,2,1,0
BRDA:72,3,0,24
BRDA:72,3,1,2
BRDA:74,4,0,22
BRDA:74,4,1,2
BRDA:77,5,0,16
BRDA:77,5,1,6
BRDA:97,6,0,12
BRDA:97,6,1,4
BRDA:100,7,0,10
BRDA:100,7,1,2
BRDA:106,8,0,10
BRDA:106,8,1,0
BRDA:123,9,0,18
BRDA:123,9,1,2
BRDA:125,10,0,16
BRDA:125,10,1,2
BRDA:127,11,0,16
BRDA:127,11,1,0
BRDA:131,12,0,14
BRDA:131,12,1,2
BRDA:144,13,0,1
BRDA:144,13,1,2
BRF:26
BRH:23
end_of_record
TN:
SF:/home/blackjak/Projects/DXdao/arc/contracts/schemes/Competition.sol
FN:90,initialize
FN:119,proposeCompetition
FN:193,suggest
FN:226,vote
FN:261,setSnapshotBlock
FN:275,sendLeftOverFunds
FN:307,redeem
FN:364,getOrderedIndexOfSuggestion
FN:387,refreshTopSuggestions
FNF:9
FNH:9
FNDA:15,initialize
FNDA:27,proposeCompetition
FNDA:73,suggest
FNDA:33,vote
FNDA:31,setSnapshotBlock
FNDA:3,sendLeftOverFunds
FNDA:12,redeem
FNDA:17,getOrderedIndexOfSuggestion
FNDA:25,refreshTopSuggestions
DA:91,15
DA:92,15
DA:93,15
DA:131,27
DA:132,27
DA:133,27
DA:135,0
DA:138,27
DA:139,25
DA:140,23
DA:141,23
DA:142,21
DA:143,19
DA:145,19
DA:146,19
DA:147,19
DA:149,19
DA:150,17
DA:151,17
DA:152,65
DA:154,17
DA:155,15
DA:157,15
DA:158,15
DA:159,15
DA:160,15
DA:161,15
DA:162,15
DA:163,15
DA:164,15
DA:165,15
DA:166,15
DA:167,15
DA:168,15
DA:169,15
DA:170,1
DA:172,15
DA:201,73
DA:202,3
DA:205,71
DA:207,69
DA:208,65
DA:209,65
DA:210,65
DA:211,65
DA:212,64
DA:214,1
DA:216,65
DA:217,65
DA:218,65
DA:230,33
DA:231,33
DA:232,31
DA:233,29
DA:234,29
DA:235,29
DA:236,29
DA:238,29
DA:239,29
DA:240,29
DA:241,27
DA:243,25
DA:244,25
DA:245,3
DA:248,25
DA:249,25
DA:250,25
DA:251,25
DA:252,25
DA:253,25
DA:263,31
DA:264,29
DA:265,29
DA:266,8
DA:267,8
DA:277,3
DA:278,3
DA:279,3
DA:280,3
DA:281,3
DA:282,9
DA:285,1
DA:291,1
DA:293,1
DA:296,1
DA:299,1
DA:308,12
DA:309,12
DA:310,12
DA:311,12
DA:313,12
DA:314,8
DA:315,8
DA:317,8
DA:318,8
DA:319,8
DA:320,8
DA:321,8
DA:322,8
DA:323,8
DA:325,8
DA:326,8
DA:328,8
DA:329,8
DA:330,8
DA:333,5
DA:334,8
DA:336,5
DA:339,8
DA:340,8
DA:341,8
DA:344,8
DA:345,8
DA:348,8
DA:349,8
DA:352,8
DA:353,8
DA:355,8
DA:368,17
DA:369,17
DA:370,15
DA:372,15
DA:373,45
DA:374,20
DA:388,25
DA:389,25
DA:390,25
DA:391,25
DA:392,23
DA:393,23
DA:394,3
DA:397,20
DA:400,2
DA:401,2
DA:402,8
DA:404,4
DA:407,0
DA:411,2
DA:412,0
LF:139
LH:136
BRDA:91,1,0,15
BRDA:91,1,1,0
BRDA:92,2,0,15
BRDA:92,2,1,0
BRDA:133,3,0,0
BRDA:133,3,1,27
BRDA:138,4,0,25
BRDA:138,4,1,2
BRDA:139,5,0,23
BRDA:139,5,1,2
BRDA:140,6,0,23
BRDA:140,6,1,0
BRDA:141,7,0,21
BRDA:141,7,1,2
BRDA:142,8,0,19
BRDA:142,8,1,2
BRDA:143,9,0,19
BRDA:143,9,1,0
BRDA:145,10,0,19
BRDA:145,10,1,0
BRDA:146,11,0,19
BRDA:146,11,1,0
BRDA:147,12,0,19
BRDA:147,12,1,0
BRDA:149,13,0,17
BRDA:149,13,1,2
BRDA:154,14,0,15
BRDA:154,14,1,2
BRDA:169,15,0,1
BRDA:169,15,1,14
BRDA:201,16,0,3
BRDA:201,16,1,70
BRDA:202,17,0,1
BRDA:202,17,1,2
BRDA:205,18,0,69
BRDA:205,18,1,2
BRDA:207,19,0,65
BRDA:207,19,1,4
BRDA:211,20,0,64
BRDA:211,20,1,1
BRDA:231,21,0,31
BRDA:231,21,1,2
BRDA:235,22,0,29
BRDA:235,22,1,0
BRDA:238,23,0,29
BRDA:238,23,1,0
BRDA:240,24,0,27
BRDA:240,24,1,2
BRDA:241,25,0,25
BRDA:241,25,1,2
BRDA:244,26,0,3
BRDA:244,26,1,22
BRDA:263,27,0,29
BRDA:263,27,1,2
BRDA:264,28,0,29
BRDA:264,28,1,0
BRDA:265,29,0,8
BRDA:265,29,1,21
BRDA:277,30,0,3
BRDA:277,30,1,0
BRDA:278,31,0,3
BRDA:278,31,1,0
BRDA:279,32,0,3
BRDA:279,32,1,0
BRDA:282,33,0,7
BRDA:282,33,1,2
BRDA:309,34,0,12
BRDA:309,34,1,0
BRDA:311,35,0,12
BRDA:311,35,1,0
BRDA:313,36,0,8
BRDA:313,36,1,4
BRDA:314,37,0,8
BRDA:314,37,1,0
BRDA:315,38,0,8
BRDA:315,38,1,0
BRDA:319,39,0,8
BRDA:319,39,1,0
BRDA:330,40,0,5
BRDA:330,40,1,3
BRDA:369,41,0,15
BRDA:369,41,1,2
BRDA:373,42,0,20
BRDA:373,42,1,25
BRDA:391,43,0,23
BRDA:391,43,1,2
BRDA:393,44,0,3
BRDA:393,44,1,20
BRDA:402,45,0,4
BRDA:402,45,1,4
BRDA:405,46,0,0
BRDA:405,46,1,4
BRDA:411,47,0,0
BRDA:411,47,1,2
BRF:94
BRH:73
end_of_record
TN:
SF:/home/blackjak/Projects/DXdao/arc/contracts/schemes/ContinuousLocking4Reputation.sol
FN:84,initialize
FN:128,redeem
FN:168,lock
FN:216,extendLocking
FN:248,release
FN:268,getRepRewardPerBatch
FN:281,getLockingIdScore
FN:288,mul
FN:299,toReal
FN:306,fromReal
FN:313,div
FNF:11
FNH:11
FNDA:33,initialize
FNDA:16,redeem
FNDA:27,lock
FNDA:13,extendLocking
FNDA:12,release
FNDA:146,getRepRewardPerBatch
FNDA:2,getLockingIdScore
FNDA:289,mul
FNDA:311,toReal
FNDA:158,fromReal
FNDA:144,div
DA:98,33
DA:99,31
DA:101,31
DA:102,29
DA:104,29
DA:106,27
DA:107,25
DA:108,25
DA:109,25
DA:110,25
DA:111,25
DA:112,25
DA:113,25
DA:114,25
DA:115,25
DA:116,23
DA:117,23
DA:118,23
DA:119,23
DA:130,16
DA:131,14
DA:132,14
DA:133,14
DA:135,14
DA:136,14
DA:137,14
DA:138,149
DA:139,149
DA:140,149
DA:141,144
DA:142,144
DA:143,144
DA:144,144
DA:145,144
DA:146,144
DA:149,14
DA:150,14
DA:152,12
DA:153,12
DA:171,27
DA:173,23
DA:174,23
DA:175,23
DA:176,23
DA:178,21
DA:179,21
DA:181,21
DA:182,21
DA:183,21
DA:185,21
DA:187,21
DA:189,21
DA:190,21
DA:193,19
DA:194,107
DA:195,107
DA:196,107
DA:197,107
DA:200,19
DA:201,19
DA:218,13
DA:219,13
DA:221,11
DA:223,11
DA:224,11
DA:225,9
DA:226,9
DA:229,9
DA:230,9
DA:232,9
DA:233,100
DA:234,100
DA:235,100
DA:236,100
DA:238,9
DA:239,9
DA:249,12
DA:250,12
DA:251,10
DA:252,10
DA:254,10
DA:256,4
DA:257,4
DA:258,4
DA:269,146
DA:270,145
DA:282,2
DA:291,289
DA:292,289
DA:293,289
DA:300,311
DA:307,158
DA:316,144
LF:93
LH:93
BRDA:98,1,0,31
BRDA:98,1,1,2
BRDA:99,2,0,31
BRDA:99,2,1,0
BRDA:101,3,0,29
BRDA:101,3,1,2
BRDA:102,4,0,29
BRDA:102,4,1,0
BRDA:104,5,0,27
BRDA:104,5,1,2
BRDA:106,6,0,25
BRDA:106,6,1,2
BRDA:114,7,0,25
BRDA:114,7,1,0
BRDA:115,8,0,23
BRDA:115,8,1,2
BRDA:130,9,0,14
BRDA:130,9,1,2
BRDA:132,10,0,14
BRDA:132,10,1,0
BRDA:140,11,0,144
BRDA:140,11,1,5
BRDA:150,12,0,12
BRDA:150,12,1,2
BRDA:153,13,0,12
BRDA:153,13,1,0
BRDA:171,14,0,23
BRDA:171,14,1,4
BRDA:173,15,0,23
BRDA:173,15,1,0
BRDA:174,16,0,23
BRDA:174,16,1,0
BRDA:175,17,0,23
BRDA:175,17,1,0
BRDA:176,18,0,21
BRDA:176,18,1,2
BRDA:190,19,0,19
BRDA:190,19,1,2
BRDA:219,20,0,11
BRDA:219,20,1,2
BRDA:224,21,0,9
BRDA:224,21,1,2
BRDA:225,22,0,9
BRDA:225,22,1,0
BRDA:226,23,0,9
BRDA:226,23,1,0
BRDA:230,24,0,9
BRDA:230,24,1,0
BRDA:250,25,0,10
BRDA:250,25,1,2
BRDA:254,26,0,4
BRDA:254,26,1,6
BRDA:269,27,0,145
BRDA:269,27,1,1
BRDA:292,28,0,289
BRDA:292,28,1,0
BRF:56
BRH:44
end_of_record
TN:
SF:/home/blackjak/Projects/DXdao/arc/contracts/schemes/ContributionRewardExt.sol
FN:71,onlyRewarder
FN:86,
FN:97,initialize
FN:121,executeProposal
FN:144,proposeContributionReward
FN:206,redeemReputation
FN:243,redeemNativeToken
FN:268,redeemEther
FN:291,redeemExternalToken
FN:323,redeemReputationByRewarder
FN:348,redeemNativeTokenByRewarder
FN:372,redeemEtherByRewarder
FN:395,redeemExternalTokenByRewarder
FN:422,redeem
FN:444,getProposalEthReward
FN:448,getProposalExternalTokenReward
FN:452,getProposalExternalToken
FN:456,getProposalReputationReward
FN:460,getProposalNativeTokenReward
FN:464,getProposalAcceptedByVotingMachine
FNF:20
FNH:18
FNDA:59,onlyRewarder
FNDA:5,
FNDA:36,initialize
FNDA:18,executeProposal
FNDA:34,proposeContributionReward
FNDA:15,redeemReputation
FNDA:10,redeemNativeToken
FNDA:10,redeemEther
FNDA:6,redeemExternalToken
FNDA:12,redeemReputationByRewarder
FNDA:13,redeemNativeTokenByRewarder
FNDA:13,redeemEtherByRewarder
FNDA:13,redeemExternalTokenByRewarder
FNDA:18,redeem
FNDA:4,getProposalEthReward
FNDA:4,getProposalExternalTokenReward
FNDA:4,getProposalExternalToken
FNDA:0,getProposalReputationReward
FNDA:0,getProposalNativeTokenReward
FNDA:6,getProposalAcceptedByVotingMachine
DA:72,59
DA:73,51
DA:105,36
DA:106,34
DA:107,34
DA:108,34
DA:109,34
DA:110,34
DA:111,34
DA:123,18
DA:124,18
DA:125,18
DA:126,15
DA:128,18
DA:129,18
DA:155,34
DA:156,34
DA:157,19
DA:159,34
DA:160,34
DA:161,34
DA:162,1
DA:164,34
DA:165,19
DA:168,32
DA:181,32
DA:183,32
DA:195,32
DA:207,15
DA:208,15
DA:213,13
DA:214,5
DA:215,5
DA:216,5
DA:219,8
DA:221,8
DA:223,8
DA:224,6
DA:228,1
DA:232,8
DA:233,7
DA:245,10
DA:246,10
DA:248,10
DA:250,5
DA:251,5
DA:254,10
DA:256,10
DA:257,10
DA:258,10
DA:259,10
DA:269,10
DA:270,10
DA:272,10
DA:273,5
DA:274,5
DA:277,10
DA:279,10
DA:280,10
DA:281,10
DA:282,10
DA:292,6
DA:293,6
DA:296,6
DA:297,5
DA:298,5
DA:302,6
DA:303,6
DA:305,6
DA:306,6
DA:310,6
DA:325,12
DA:326,12
DA:329,12
DA:332,10
DA:335,10
DA:336,10
DA:350,13
DA:351,13
DA:354,13
DA:358,11
DA:359,11
DA:360,11
DA:374,13
DA:375,13
DA:378,13
DA:381,11
DA:382,11
DA:383,11
DA:396,13
DA:397,13
DA:400,13
DA:404,11
DA:405,11
DA:406,11
DA:407,11
DA:427,18
DA:428,15
DA:431,16
DA:432,10
DA:435,16
DA:436,10
DA:439,16
DA:440,6
DA:445,4
DA:449,4
DA:453,4
DA:457,0
DA:461,0
DA:465,6
LF:110
LH:108
BRDA:72,1,0,51
BRDA:72,1,1,8
BRDA:105,2,0,34
BRDA:105,2,1,2
BRDA:106,3,0,34
BRDA:106,3,1,0
BRDA:107,4,0,34
BRDA:107,4,1,0
BRDA:123,5,0,18
BRDA:123,5,1,0
BRDA:124,6,0,18
BRDA:124,6,1,0
BRDA:125,7,0,15
BRDA:125,7,1,3
BRDA:156,8,0,19
BRDA:156,8,1,15
BRDA:161,9,0,1
BRDA:161,9,1,33
BRDA:164,10,0,19
BRDA:164,10,1,15
BRDA:165,11,0,17
BRDA:165,11,1,2
BRDA:208,12,0,13
BRDA:208,12,1,2
BRDA:213,13,0,5
BRDA:213,13,1,8
BRDA:214,14,0,5
BRDA:214,14,1,0
BRDA:223,15,0,6
BRDA:223,15,1,2
BRDA:224,16,0,6
BRDA:224,16,1,0
BRDA:227,17,0,1
BRDA:227,17,1,1
BRDA:228,18,0,1
BRDA:228,18,1,0
BRDA:232,19,0,7
BRDA:232,19,1,1
BRDA:246,20,0,10
BRDA:246,20,1,0
BRDA:248,21,0,5
BRDA:248,21,1,5
BRDA:250,22,0,5
BRDA:250,22,1,0
BRDA:257,23,0,10
BRDA:257,23,1,0
BRDA:258,24,0,10
BRDA:258,24,1,0
BRDA:270,25,0,10
BRDA:270,25,1,0
BRDA:272,26,0,5
BRDA:272,26,1,5
BRDA:273,27,0,5
BRDA:273,27,1,0
BRDA:280,28,0,10
BRDA:280,28,1,0
BRDA:281,29,0,10
BRDA:281,29,1,0
BRDA:293,30,0,6
BRDA:293,30,1,0
BRDA:296,31,0,5
BRDA:296,31,1,1
BRDA:297,32,0,5
BRDA:297,32,1,0
BRDA:302,33,0,6
BRDA:302,33,1,0
BRDA:306,34,0,6
BRDA:306,34,1,0
BRDA:326,35,0,12
BRDA:326,35,1,0
BRDA:332,36,0,10
BRDA:332,36,1,0
BRDA:335,37,0,10
BRDA:335,37,1,0
BRDA:351,38,0,13
BRDA:351,38,1,0
BRDA:358,39,0,11
BRDA:358,39,1,0
BRDA:375,40,0,13
BRDA:375,40,1,0
BRDA:381,41,0,11
BRDA:381,41,1,0
BRDA:397,42,0,13
BRDA:397,42,1,0
BRDA:404,43,0,11
BRDA:404,43,1,0
BRDA:405,44,0,11
BRDA:405,44,1,0
BRDA:427,45,0,15
BRDA:427,45,1,3
BRDA:431,46,0,10
BRDA:431,46,1,6
BRDA:435,47,0,10
BRDA:435,47,1,6
BRDA:439,48,0,6
BRDA:439,48,1,10
BRF:96
BRH:67
end_of_record
TN:
SF:/home/blackjak/Projects/DXdao/arc/contracts/schemes/CurveInterface.sol
FNF:0
FNH:0
LF:0
LH:0
BRF:0
BRH:0
end_of_record
TN:
SF:/home/blackjak/Projects/DXdao/arc/contracts/schemes/ExternalLocking4Reputation.sol
FN:35,initialize
FN:65,claim
FN:92,register
FNF:3
FNH:3
FNDA:23,initialize
FNDA:24,claim
FNDA:1,register
DA:46,23
DA:47,23
DA:48,23
DA:49,23
DA:66,24
DA:67,22
DA:68,22
DA:69,19
DA:71,3
DA:72,1
DA:74,20
DA:75,18
DA:76,18
DA:79,18
DA:80,18
DA:82,18
DA:85,18
DA:93,1
DA:94,1
LF:19
LH:19
BRDA:46,1,0,23
BRDA:46,1,1,0
BRDA:66,2,0,22
BRDA:66,2,1,2
BRDA:68,3,0,19
BRDA:68,3,1,3
BRDA:71,4,0,1
BRDA:71,4,1,2
BRDA:74,5,0,18
BRDA:74,5,1,2
BRDA:79,6,0,18
BRDA:79,6,1,0
BRF:12
BRH:10
end_of_record
TN:
SF:/home/blackjak/Projects/DXdao/arc/contracts/schemes/FixedReputationAllocation.sol
FN:34,initialize
FN:47,redeem
FN:67,addBeneficiary
FN:82,addBeneficiaries
FN:91,enable
FNF:5
FNH:5
FNDA:14,initialize
FNDA:31,redeem
FNDA:63,addBeneficiary
FNDA:6,addBeneficiaries
FNDA:5,enable
DA:35,14
DA:36,12
DA:37,12
DA:38,12
DA:39,12
DA:48,31
DA:49,29
DA:50,25
DA:52,25
DA:53,23
DA:58,21
DA:60,21
DA:68,63
DA:70,63
DA:71,63
DA:72,63
DA:74,63
DA:83,6
DA:84,60
DA:92,5
DA:94,5
LF:21
LH:21
BRDA:35,1,0,12
BRDA:35,1,1,2
BRDA:36,2,0,12
BRDA:36,2,1,0
BRDA:48,3,0,29
BRDA:48,3,1,2
BRDA:49,4,0,25
BRDA:49,4,1,4
BRDA:52,5,0,23
BRDA:52,5,1,2
BRDA:53,6,0,21
BRDA:53,6,1,2
BRDA:68,7,0,63
BRDA:68,7,1,0
BRDA:70,8,0,63
BRDA:70,8,1,0
BRF:16
BRH:13
end_of_record
TN:
SF:/home/blackjak/Projects/DXdao/arc/contracts/schemes/Forwarder.sol
FN:21,
FN:34,initialize
FN:45,unregisterSelf
FNF:3
FNH:3
FNDA:2,
FNDA:12,initialize
FNDA:3,unregisterSelf
DA:23,2
DA:25,1
DA:26,1
DA:35,12
DA:36,10
DA:37,10
DA:38,10
DA:47,3
DA:48,1
LF:9
LH:9
BRDA:23,1,0,1
BRDA:23,1,1,1
BRDA:26,2,0,1
BRDA:26,2,1,0
BRDA:35,3,0,10
BRDA:35,3,1,2
BRDA:36,4,0,10
BRDA:36,4,1,0
BRDA:47,5,0,1
BRDA:47,5,1,2
BRF:10
BRH:8
end_of_record
TN:
SF:/home/blackjak/Projects/DXdao/arc/contracts/schemes/GenericScheme.sol
FN:58,initialize
FN:82,executeProposal
FN:104,execute
FN:131,proposeCall
FNF:4
FNH:4
FNDA:13,initialize
FNDA:8,executeProposal
FNDA:14,execute
FNDA:10,proposeCall
DA:66,13
DA:67,11
DA:68,11
DA:69,11
DA:70,11
DA:71,11
DA:84,8
DA:85,8
DA:86,8
DA:88,8
DA:89,6
DA:90,6
DA:92,2
DA:93,2
DA:96,8
DA:97,8
DA:105,14
DA:106,14
DA:107,12
DA:108,10
DA:109,10
DA:110,10
DA:111,10
DA:112,10
DA:114,10
DA:115,4
DA:116,4
DA:117,4
DA:119,6
DA:135,10
DA:137,10
DA:143,10
DA:147,10
DA:148,10
LF:34
LH:34
BRDA:66,1,0,11
BRDA:66,1,1,2
BRDA:67,2,0,11
BRDA:67,2,1,0
BRDA:85,3,0,8
BRDA:85,3,1,0
BRDA:86,4,0,8
BRDA:86,4,1,0
BRDA:88,5,0,6
BRDA:88,5,1,2
BRDA:106,6,0,12
BRDA:106,6,1,2
BRDA:107,7,0,10
BRDA:107,7,1,2
BRDA:114,8,0,4
BRDA:114,8,1,6
BRF:16
BRH:13
end_of_record
TN:
SF:/home/blackjak/Projects/DXdao/arc/contracts/schemes/Locking4Reputation.sol
FN:45,redeem
FN:70,_release
FN:99,_lock
FN:142,_initialize
FNF:4
FNH:4
FNDA:37,redeem
FNDA:13,_release
FNDA:64,_lock
FNDA:75,_initialize
DA:47,37
DA:48,25
DA:49,19
DA:50,19
DA:51,19
DA:52,19
DA:55,19
DA:56,19
DA:61,19
DA:71,13
DA:72,13
DA:73,9
DA:74,9
DA:76,9
DA:77,5
DA:79,5
DA:102,64
DA:103,58
DA:104,54
DA:106,48
DA:108,42
DA:110,38
DA:111,38
DA:113,38
DA:114,38
DA:116,38
DA:117,38
DA:118,38
DA:119,38
DA:120,38
DA:121,38
DA:123,38
DA:125,37
DA:127,37
DA:152,75
DA:153,69
DA:154,69
DA:155,69
DA:157,63
DA:158,63
DA:159,63
DA:160,63
DA:161,63
DA:162,63
DA:163,63
DA:164,63
LF:46
LH:46
BRDA:47,1,0,25
BRDA:47,1,1,12
BRDA:48,2,0,19
BRDA:48,2,1,6
BRDA:56,3,0,19
BRDA:56,3,1,0
BRDA:72,4,0,9
BRDA:72,4,1,4
BRDA:76,5,0,5
BRDA:76,5,1,4
BRDA:102,6,0,58
BRDA:102,6,1,6
BRDA:103,7,0,54
BRDA:103,7,1,4
BRDA:104,8,0,48
BRDA:104,8,1,6
BRDA:106,9,0,42
BRDA:106,9,1,6
BRDA:108,10,0,38
BRDA:108,10,1,4
BRDA:120,11,0,38
BRDA:120,11,1,0
BRDA:123,12,0,37
BRDA:123,12,1,1
BRDA:152,13,0,69
BRDA:152,13,1,6
BRDA:153,14,0,69
BRDA:153,14,1,0
BRDA:154,15,0,69
BRDA:154,15,1,0
BRDA:155,16,0,63
BRDA:155,16,1,6
BRF:32
BRH:28
end_of_record
TN:
SF:/home/blackjak/Projects/DXdao/arc/contracts/schemes/LockingEth4Reputation.sol
FN:23,initialize
FN:49,release
FN:61,lock
FNF:3
FNH:3
FNDA:25,initialize
FNDA:7,release
FNDA:29,lock
DA:33,25
DA:50,7
DA:51,3
DA:53,3
DA:62,29
LF:5
LH:5
BRF:0
BRH:0
end_of_record
TN:
SF:/home/blackjak/Projects/DXdao/arc/contracts/schemes/LockingToken4Reputation.sol
FN:35,initialize
FN:63,release
FN:77,lock
FNF:3
FNH:3
FNDA:27,initialize
FNDA:6,release
FNDA:31,lock
DA:46,27
DA:47,27
DA:64,6
DA:65,2
DA:67,2
DA:83,31
DA:84,31
DA:86,31
DA:88,29
DA:89,27
DA:91,25
DA:93,25
DA:95,13
DA:97,13
LF:14
LH:14
BRDA:88,1,0,27
BRDA:88,1,1,2
BRDA:89,2,0,25
BRDA:89,2,1,2
BRF:4
BRH:4
end_of_record
TN:
SF:/home/blackjak/Projects/DXdao/arc/contracts/schemes/PriceOracleInterface.sol
FNF:0
FNH:0
LF:0
LH:0
BRF:0
BRH:0
end_of_record
TN:
SF:/home/blackjak/Projects/DXdao/arc/contracts/schemes/RageQuitWithToken.sol
FN:29,initialize
FN:46,rageQuit
FNF:2
FNH:2
FNDA:2,initialize
FNDA:3,rageQuit
DA:35,2
DA:36,2
DA:37,2
DA:38,2
DA:47,3
DA:48,3
DA:49,3
DA:51,3
DA:52,1
DA:55,1
LF:10
LH:10
BRDA:35,1,0,2
BRDA:35,1,1,0
BRDA:36,2,0,2
BRDA:36,2,1,0
BRDA:52,3,0,1
BRDA:52,3,1,0
BRF:6
BRH:3
end_of_record
TN:
SF:/home/blackjak/Projects/DXdao/arc/contracts/schemes/ReputationAdmin.sol
FN:32,initialize
FN:48,reputationMint
FN:60,reputationBurn
FN:72,_reputationMint
FN:93,_reputationBurn
FNF:5
FNH:5
FNDA:15,initialize
FNDA:11,reputationMint
FNDA:3,reputationBurn
FNDA:11,_reputationMint
FNDA:3,_reputationBurn
DA:33,15
DA:34,13
DA:35,13
DA:36,11
DA:37,11
DA:38,11
DA:39,11
DA:40,11
DA:49,11
DA:50,11
DA:51,11
DA:61,3
DA:62,3
DA:63,3
DA:74,11
DA:76,9
DA:78,5
DA:79,4
DA:82,3
DA:95,3
DA:97,3
DA:99,3
DA:100,3
DA:101,1
DA:104,1
LF:25
LH:25
BRDA:33,1,0,13
BRDA:33,1,1,2
BRDA:34,2,0,13
BRDA:34,2,1,0
BRDA:35,3,0,11
BRDA:35,3,1,2
BRDA:49,4,0,11
BRDA:49,4,1,0
BRDA:61,5,0,3
BRDA:61,5,1,0
BRDA:74,6,0,9
BRDA:74,6,1,2
BRDA:76,7,0,5
BRDA:76,7,1,4
BRDA:78,8,0,4
BRDA:78,8,1,1
BRDA:82,9,0,3
BRDA:82,9,1,0
BRDA:95,10,0,3
BRDA:95,10,1,0
BRDA:97,11,0,3
BRDA:97,11,1,0
BRDA:99,12,0,3
BRDA:99,12,1,0
BRDA:100,13,0,1
BRDA:100,13,1,2
BRDA:104,14,0,1
BRDA:104,14,1,0
BRF:28
BRH:20
end_of_record
TN:
SF:/home/blackjak/Projects/DXdao/arc/contracts/schemes/ReputationFromToken.sol
FN:42,initialize
FN:58,redeem
FN:71,redeemWithSignature
FN:114,_redeem
FNF:4
FNH:4
FNDA:12,initialize
FNDA:5,redeem
FNDA:1,redeemWithSignature
FNDA:4,_redeem
DA:44,12
DA:45,10
DA:46,10
DA:47,10
DA:48,10
DA:49,10
DA:59,5
DA:81,1
DA:82,1
DA:83,0
DA:94,1
DA:101,1
DA:102,1
DA:103,1
DA:116,4
DA:117,4
DA:118,4
DA:119,4
DA:120,4
DA:121,3
DA:123,4
DA:124,1
DA:126,4
DA:130,4
DA:131,4
LF:25
LH:24
BRDA:44,1,0,10
BRDA:44,1,1,2
BRDA:45,2,0,10
BRDA:45,2,1,0
BRDA:82,3,0,0
BRDA:82,3,1,1
BRDA:102,4,0,1
BRDA:102,4,1,0
BRDA:116,5,0,4
BRDA:116,5,1,0
BRDA:117,6,0,4
BRDA:117,6,1,0
BRDA:120,7,0,3
BRDA:120,7,1,1
BRDA:123,8,0,1
BRDA:123,8,1,3
BRDA:126,9,0,4
BRDA:126,9,1,0
BRF:18
BRH:12
end_of_record
TN:
SF:/home/blackjak/Projects/DXdao/arc/contracts/schemes/SignalScheme.sol
FN:52,initialize
FN:71,proposeSignal
FN:108,executeProposal
FNF:3
FNH:3
FNDA:6,initialize
FNDA:3,proposeSignal
FNDA:2,executeProposal
DA:57,6
DA:58,4
DA:59,4
DA:77,3
DA:80,3
DA:87,3
DA:89,3
DA:96,3
DA:100,3
DA:109,2
DA:110,2
DA:112,2
DA:113,1
DA:118,2
LF:14
LH:14
BRDA:57,1,0,4
BRDA:57,1,1,2
BRDA:58,2,0,4
BRDA:58,2,1,0
BRDA:77,3,0,3
BRDA:77,3,1,0
BRDA:109,4,0,2
BRDA:109,4,1,0
BRDA:112,5,0,1
BRDA:112,5,1,1
BRF:10
BRH:7
end_of_record
TN:
SF:/home/blackjak/Projects/DXdao/arc/contracts/schemes/WalletScheme.sol
FN:57,initialize
FN:77,
FN:87,executeProposal
FN:109,execute
FN:140,proposeCalls
FN:167,getOrganizationProposal
FNF:6
FNH:6
FNDA:13,initialize
FNDA:1,
FNDA:8,executeProposal
FNDA:14,execute
FNDA:10,proposeCalls
FNDA:6,getOrganizationProposal
DA:65,13
DA:66,11
DA:67,11
DA:68,11
DA:69,11
DA:70,11
DA:71,11
DA:89,8
DA:90,8
DA:91,8
DA:93,8
DA:94,6
DA:95,6
DA:97,2
DA:98,2
DA:101,8
DA:102,8
DA:110,14
DA:111,14
DA:112,12
DA:113,10
DA:114,10
DA:115,10
DA:116,10
DA:117,10
DA:118,10
DA:120,10
DA:122,10
DA:123,3
DA:124,3
DA:125,3
DA:127,7
DA:144,10
DA:145,10
DA:147,10
DA:148,10
DA:150,10
DA:152,10
DA:159,10
DA:163,10
DA:164,10
DA:170,6
LF:42
LH:42
BRDA:65,1,0,11
BRDA:65,1,1,2
BRDA:66,2,0,11
BRDA:66,2,1,0
BRDA:67,3,0,11
BRDA:67,3,1,0
BRDA:90,4,0,8
BRDA:90,4,1,0
BRDA:91,5,0,8
BRDA:91,5,1,0
BRDA:93,6,0,6
BRDA:93,6,1,2
BRDA:111,7,0,12
BRDA:111,7,1,2
BRDA:112,8,0,10
BRDA:112,8,1,2
BRDA:122,9,0,3
BRDA:122,9,1,7
BRDA:145,10,0,10
BRDA:145,10,1,0
BRDA:147,11,0,10
BRDA:147,11,1,0
BRDA:148,12,0,10
BRDA:148,12,1,0
BRF:24
BRH:17
end_of_record
TN:
SF:/home/blackjak/Projects/DXdao/arc/contracts/universalSchemes/ContributionReward.sol
FN:83,executeProposal
FN:99,setParameters
FN:127,proposeContributionReward
FN:191,redeemReputation
FN:224,redeemNativeToken
FN:250,redeemEther
FN:276,redeemExternalToken
FN:311,redeem
FN:345,getPeriodsToPay
FN:375,getRedeemedPeriods
FN:382,getProposalEthReward
FN:386,getProposalExternalTokenReward
FN:390,getProposalExternalToken
FN:394,getProposalExecutionTime
FN:404,getParametersHash
FN:424,validateProposalParams
FNF:16
FNH:16
FNDA:14,executeProposal
FNDA:20,setParameters
FNDA:27,proposeContributionReward
FNDA:10,redeemReputation
FNDA:5,redeemNativeToken
FNDA:13,redeemEther
FNDA:1,redeemExternalToken
FNDA:21,redeem
FNDA:75,getPeriodsToPay
FNDA:40,getRedeemedPeriods
FNDA:4,getProposalEthReward
FNDA:4,getProposalExternalTokenReward
FNDA:4,getProposalExternalToken
FNDA:6,getProposalExecutionTime
FNDA:40,getParametersHash
FNDA:27,validateProposalParams
DA:84,14
DA:85,14
DA:86,14
DA:88,14
DA:90,11
DA:92,14
DA:93,14
DA:104,20
DA:108,20
DA:109,20
DA:110,20
DA:138,27
DA:139,17
DA:141,17
DA:148,17
DA:149,17
DA:150,1
DA:153,17
DA:165,17
DA:167,17
DA:178,17
DA:182,17
DA:193,10
DA:194,10
DA:195,10
DA:196,8
DA:199,8
DA:200,8
DA:201,8
DA:202,6
DA:206,1
DA:210,8
DA:211,7
DA:212,7
DA:215,8
DA:226,5
DA:227,5
DA:228,5
DA:229,5
DA:231,5
DA:233,5
DA:234,5
DA:235,5
DA:236,5
DA:237,5
DA:241,5
DA:252,13
DA:253,13
DA:254,13
DA:255,13
DA:257,13
DA:258,13
DA:260,13
DA:261,11
DA:262,9
DA:263,9
DA:267,11
DA:278,1
DA:279,1
DA:280,1
DA:281,1
DA:283,1
DA:285,1
DA:286,1
DA:287,1
DA:288,1
DA:292,1
DA:293,1
DA:297,1
DA:316,21
DA:317,10
DA:320,19
DA:321,5
DA:324,19
DA:325,13
DA:328,17
DA:329,1
DA:346,75
DA:347,75
DA:348,75
DA:349,8
DA:350,67
DA:351,67
DA:353,55
DA:355,67
DA:356,67
DA:357,47
DA:359,20
DA:361,67
DA:379,40
DA:383,4
DA:387,4
DA:391,4
DA:395,6
DA:409,40
DA:425,27
DA:426,25
DA:428,22
DA:431,22
DA:434,20
DA:437,18
DA:440,16
LF:102
LH:102
BRDA:85,1,0,14
BRDA:85,1,1,0
BRDA:86,2,0,14
BRDA:86,2,1,0
BRDA:88,3,0,11
BRDA:88,3,1,3
BRDA:149,4,0,1
BRDA:149,4,1,16
BRDA:195,5,0,8
BRDA:195,5,1,2
BRDA:201,6,0,6
BRDA:201,6,1,2
BRDA:202,7,0,6
BRDA:202,7,1,0
BRDA:205,8,0,1
BRDA:205,8,1,1
BRDA:206,9,0,1
BRDA:206,9,1,0
BRDA:210,10,0,7
BRDA:210,10,1,1
BRDA:228,11,0,5
BRDA:228,11,1,0
BRDA:234,12,0,5
BRDA:234,12,1,0
BRDA:235,13,0,5
BRDA:235,13,1,0
BRDA:254,14,0,13
BRDA:254,14,1,0
BRDA:260,15,0,11
BRDA:260,15,1,2
BRDA:261,16,0,9
BRDA:261,16,1,2
BRDA:280,17,0,1
BRDA:280,17,1,0
BRDA:285,18,0,1
BRDA:285,18,1,0
BRDA:287,19,0,1
BRDA:287,19,1,0
BRDA:288,20,0,1
BRDA:288,20,1,0
BRDA:316,21,0,10
BRDA:316,21,1,11
BRDA:320,22,0,5
BRDA:320,22,1,14
BRDA:324,23,0,13
BRDA:324,23,1,6
BRDA:328,24,0,1
BRDA:328,24,1,16
BRDA:346,25,0,75
BRDA:346,25,1,0
BRDA:348,26,0,8
BRDA:348,26,1,67
BRDA:351,27,0,55
BRDA:351,27,1,12
BRDA:356,28,0,47
BRDA:356,28,1,20
BRDA:425,29,0,25
BRDA:425,29,1,2
BRDA:426,30,0,22
BRDA:426,30,1,3
BRDA:428,31,0,22
BRDA:428,31,1,0
BRDA:431,32,0,20
BRDA:431,32,1,2
BRDA:434,33,0,18
BRDA:434,33,1,2
BRDA:437,34,0,16
BRDA:437,34,1,2
BRDA:440,35,0,14
BRDA:440,35,1,2
BRF:70
BRH:56
end_of_record
TN:
SF:/home/blackjak/Projects/DXdao/arc/contracts/universalSchemes/DaoCreator.sol
FN:13,create
FN:34,constructor
FN:52,addFounders
FN:93,forgeOrg
FN:124,setSchemes
FN:162,_forgeOrg
FNF:6
FNH:6
FNDA:294,create
FNDA:296,constructor
FNDA:3,addFounders
FNDA:298,forgeOrg
FNDA:294,setSchemes
FNDA:298,_forgeOrg
DA:14,294
DA:15,294
DA:16,294
DA:17,294
DA:35,296
DA:36,296
DA:37,296
DA:38,296
DA:61,3
DA:62,3
DA:63,3
DA:64,3
DA:66,1
DA:67,60
DA:68,60
DA:69,60
DA:72,60
DA:73,60
DA:77,1
DA:106,298
DA:135,294
DA:137,290
DA:138,290
DA:139,313
DA:141,290
DA:143,290
DA:145,290
DA:146,290
DA:173,298
DA:174,298
DA:175,296
DA:176,296
DA:177,296
DA:178,296
DA:182,296
DA:183,536
DA:184,534
DA:185,370
DA:187,534
DA:188,508
DA:192,294
DA:195,294
DA:198,294
DA:199,294
DA:200,294
DA:202,294
DA:204,294
DA:205,294
LF:48
LH:48
BRDA:35,1,0,296
BRDA:35,1,1,0
BRDA:36,2,0,296
BRDA:36,2,1,0
BRDA:61,3,0,3
BRDA:61,3,1,0
BRDA:62,4,0,3
BRDA:62,4,1,0
BRDA:63,5,0,3
BRDA:63,5,1,0
BRDA:64,6,0,1
BRDA:64,6,1,2
BRDA:67,7,0,60
BRDA:67,7,1,0
BRDA:68,8,0,60
BRDA:68,8,1,0
BRDA:72,9,0,60
BRDA:72,9,1,0
BRDA:135,10,0,290
BRDA:135,10,1,4
BRDA:173,11,0,298
BRDA:173,11,1,0
BRDA:174,12,0,296
BRDA:174,12,1,2
BRDA:175,13,0,296
BRDA:175,13,1,0
BRDA:183,14,0,534
BRDA:183,14,1,2
BRDA:184,15,0,370
BRDA:184,15,1,164
BRDA:187,16,0,508
BRDA:187,16,1,26
BRF:32
BRH:22
end_of_record
TN:
SF:/home/blackjak/Projects/DXdao/arc/contracts/universalSchemes/GlobalConstraintRegistrar.sol
FN:64,executeProposal
FN:98,setParameters
FN:119,proposeGlobalConstraint
FN:164,proposeToRemoveGC
FN:198,getParametersHash
FNF:5
FNH:5
FNDA:8,executeProposal
FNDA:11,setParameters
FNDA:8,proposeGlobalConstraint
FNDA:5,proposeToRemoveGC
FNDA:22,getParametersHash
DA:65,8
DA:66,8
DA:68,8
DA:69,8
DA:70,8
DA:71,8
DA:73,8
DA:76,7
DA:79,7
DA:80,5
DA:81,5
DA:84,7
DA:85,2
DA:88,8
DA:89,8
DA:103,11
DA:104,11
DA:105,11
DA:106,11
DA:128,8
DA:130,8
DA:131,8
DA:133,8
DA:140,8
DA:141,8
DA:150,8
DA:154,8
DA:165,5
DA:166,5
DA:167,3
DA:168,3
DA:169,3
DA:176,3
DA:183,3
DA:184,3
DA:185,3
DA:189,3
DA:203,22
LF:38
LH:38
BRDA:69,1,0,8
BRDA:69,1,1,0
BRDA:73,2,0,7
BRDA:73,2,1,1
BRDA:79,3,0,5
BRDA:79,3,1,2
BRDA:84,4,0,2
BRDA:84,4,1,5
BRDA:166,5,0,3
BRDA:166,5,1,2
BRF:10
BRH:9
end_of_record
TN:
SF:/home/blackjak/Projects/DXdao/arc/contracts/universalSchemes/OrganizationRegister.sol
FN:37,setParameters
FN:56,addOrPromoteAddress
FN:79,getParametersHash
FNF:3
FNH:3
FNDA:3,setParameters
FNDA:4,addOrPromoteAddress
FNDA:6,getParametersHash
DA:38,3
DA:39,3
DA:40,3
DA:41,3
DA:42,3
DA:44,3
DA:59,4
DA:61,4
DA:63,2
DA:64,2
DA:65,1
DA:67,2
DA:69,2
DA:82,6
LF:14
LH:14
BRDA:39,1,0,3
BRDA:39,1,1,0
BRDA:61,2,0,2
BRDA:61,2,1,2
BRDA:64,3,0,1
BRDA:64,3,1,1
BRF:6
BRH:5
end_of_record
TN:
SF:/home/blackjak/Projects/DXdao/arc/contracts/universalSchemes/SchemeRegistrar.sol
FN:60,executeProposal
FN:92,setParameters
FN:115,proposeScheme
FN:165,proposeToRemoveScheme
FN:184,getParametersHash
FNF:5
FNH:5
FNDA:11,executeProposal
FNDA:15,setParameters
FNDA:11,proposeScheme
FNDA:2,proposeToRemoveScheme
FNDA:30,getParametersHash
DA:61,11
DA:62,11
DA:63,11
DA:64,11
DA:65,11
DA:66,11
DA:69,10
DA:72,10
DA:73,9
DA:81,10
DA:82,1
DA:85,11
DA:86,11
DA:98,15
DA:99,15
DA:100,15
DA:101,15
DA:102,15
DA:126,11
DA:127,11
DA:129,11
DA:136,11
DA:142,11
DA:150,11
DA:151,11
DA:155,11
DA:169,2
DA:170,2
DA:171,2
DA:173,2
DA:174,2
DA:175,2
DA:176,2
DA:177,2
DA:181,2
DA:190,30
LF:36
LH:36
BRDA:63,1,0,11
BRDA:63,1,1,0
BRDA:66,2,0,10
BRDA:66,2,1,1
BRDA:72,3,0,9
BRDA:72,3,1,1
BRDA:73,4,0,9
BRDA:73,4,1,0
BRDA:81,5,0,1
BRDA:81,5,1,9
BRDA:82,6,0,1
BRDA:82,6,1,0
BRDA:126,7,0,11
BRDA:126,7,1,0
BRDA:169,8,0,2
BRDA:169,8,1,0
BRF:16
BRH:11
end_of_record
TN:
SF:/home/blackjak/Projects/DXdao/arc/contracts/universalSchemes/UniversalScheme.sol
FN:12,getParametersFromController
FNF:1
FNH:1
FNDA:57,getParametersFromController
DA:13,57
DA:15,57
LF:2
LH:2
BRDA:13,1,0,57
BRDA:13,1,1,0
BRF:2
BRH:1
end_of_record
TN:
SF:/home/blackjak/Projects/DXdao/arc/contracts/universalSchemes/UniversalSchemeInterface.sol
FNF:0
FNH:0
LF:0
LH:0
BRF:0
BRH:0
end_of_record
TN:
SF:/home/blackjak/Projects/DXdao/arc/contracts/universalSchemes/UpgradeScheme.sol
FN:59,executeProposal
FN:93,setParameters
FN:111,proposeUpgrade
FN:145,proposeChangeUpgradingScheme
FN:184,getParametersHash
FNF:5
FNH:5
FNDA:5,executeProposal
FNDA:9,setParameters
FNDA:3,proposeUpgrade
FNDA:4,proposeChangeUpgradingScheme
FNDA:18,getParametersHash
DA:60,5
DA:61,5
DA:62,5
DA:63,5
DA:64,5
DA:66,5
DA:69,4
DA:71,4
DA:72,1
DA:76,4
DA:77,3
DA:78,3
DA:81,3
DA:82,2
DA:86,5
DA:87,5
DA:98,9
DA:99,9
DA:100,9
DA:101,9
DA:115,3
DA:116,3
DA:117,3
DA:122,3
DA:123,3
DA:130,3
DA:134,3
DA:154,4
DA:155,4
DA:156,4
DA:157,4
DA:159,4
DA:164,4
DA:166,4
DA:174,4
DA:178,4
DA:189,18
LF:37
LH:37
BRDA:62,1,0,5
BRDA:62,1,1,0
BRDA:66,2,0,4
BRDA:66,2,1,1
BRDA:71,3,0,1
BRDA:71,3,1,3
BRDA:72,4,0,1
BRDA:72,4,1,0
BRDA:76,5,0,3
BRDA:76,5,1,1
BRDA:78,6,0,3
BRDA:78,6,1,0
BRDA:81,7,0,2
BRDA:81,7,1,1
BRDA:82,8,0,2
BRDA:82,8,1,0
BRDA:157,9,0,4
BRDA:157,9,1,0
BRF:18
BRH:13
end_of_record
TN:
SF:/home/blackjak/Projects/DXdao/arc/contracts/universalSchemes/VoteInOrganizationScheme.sol
FN:52,executeProposal
FN:87,setParameters
FN:108,proposeVote
FN:154,getParametersHash
FNF:4
FNH:4
FNDA:4,executeProposal
FNDA:11,setParameters
FNDA:5,proposeVote
FNDA:22,getParametersHash
DA:53,4
DA:55,4
DA:56,4
DA:57,4
DA:58,4
DA:59,4
DA:60,4
DA:62,4
DA:64,3
DA:65,3
DA:75,3
DA:77,4
DA:78,4
DA:92,11
DA:93,11
DA:94,11
DA:95,11
DA:117,5
DA:118,5
DA:119,5
DA:120,5
DA:121,5
DA:124,5
DA:126,5
DA:132,5
DA:141,5
DA:145,5
DA:159,22
LF:28
LH:28
BRDA:56,1,0,4
BRDA:56,1,1,0
BRDA:62,2,0,3
BRDA:62,2,1,1
BRDA:75,3,0,3
BRDA:75,3,1,0
BRDA:120,4,0,5
BRDA:120,4,1,0
BRDA:121,5,0,5
BRDA:121,5,1,0
BRF:10
BRH:6
end_of_record
TN:
SF:/home/blackjak/Projects/DXdao/arc/contracts/utils/DAOTracker.sol
FN:38,onlyAvatarOwner
FN:44,notBlacklisted
FN:64,track
FN:89,blacklist
FN:102,reset
FNF:5
FNH:5
FNDA:302,onlyAvatarOwner
FNDA:298,notBlacklisted
FNDA:298,track
FNDA:4,blacklist
FNDA:1,reset
DA:39,302
DA:41,298
DA:45,298
DA:47,298
DA:67,298
DA:68,298
DA:70,296
DA:90,4
DA:91,2
DA:92,2
DA:103,1
DA:104,1
DA:105,1
LF:13
LH:13
BRDA:39,1,0,298
BRDA:39,1,1,4
BRDA:45,2,0,298
BRDA:45,2,1,0
BRDA:67,3,0,298
BRDA:67,3,1,0
BRDA:68,4,0,296
BRDA:68,4,1,2
BRDA:90,5,0,2
BRDA:90,5,1,2
BRDA:103,6,0,1
BRDA:103,6,1,0
BRF:12
BRH:9
end_of_record
TN:
SF:/home/blackjak/Projects/DXdao/arc/contracts/utils/Redeemer.sol
FN:42,redeem
FN:98,redeemFromCRExt
FN:124,genesisProtocolRedeem
FN:154,contributionRewardRedeem
FN:182,contributionRewardExtRedeem
FNF:5
FNH:5
FNDA:6,redeem
FNDA:6,redeemFromCRExt
FNDA:12,genesisProtocolRedeem
FNDA:4,contributionRewardRedeem
FNDA:4,contributionRewardExtRedeem
DA:57,6
DA:58,6
DA:60,6
DA:62,6
DA:63,4
DA:112,6
DA:113,6
DA:115,6
DA:117,6
DA:118,4
DA:133,12
DA:135,12
DA:139,6
DA:141,12
DA:142,12
DA:144,12
DA:145,12
DA:146,10
DA:149,12
DA:150,12
DA:158,4
DA:159,4
DA:160,4
DA:161,4
DA:162,4
DA:163,4
DA:164,4
DA:165,4
DA:166,4
DA:167,0
DA:169,4
DA:171,4
DA:172,4
DA:173,4
DA:175,4
DA:177,0
DA:179,4
DA:186,4
DA:187,4
DA:188,4
DA:189,4
DA:190,4
DA:191,4
DA:192,4
DA:193,0
DA:195,4
DA:197,4
DA:199,4
DA:201,0
DA:203,4
LF:50
LH:46
BRDA:60,1,0,6
BRDA:60,1,1,0
BRDA:62,2,0,4
BRDA:62,2,1,2
BRDA:115,3,0,6
BRDA:115,3,1,0
BRDA:117,4,0,4
BRDA:117,4,1,2
BRDA:135,5,0,6
BRDA:135,5,1,6
BRDA:142,6,0,12
BRDA:142,6,1,0
BRDA:145,7,0,10
BRDA:145,7,1,2
BRDA:166,8,0,0
BRDA:166,8,1,4
BRDA:173,9,0,4
BRDA:173,9,1,0
BRDA:192,10,0,0
BRDA:192,10,1,4
BRDA:197,11,0,4
BRDA:197,11,1,0
BRF:22
BRH:15
end_of_record
TN:
SF:/home/blackjak/Projects/DXdao/arc/contracts/utils/RepAllocation.sol
FN:25,addBeneficiary
FN:38,addBeneficiaries
FN:49,freeze
FN:57,balanceOf
FNF:4
FNH:4
FNDA:33,addBeneficiary
FNDA:1,addBeneficiaries
FNDA:1,freeze
FNDA:5,balanceOf
DA:26,33
DA:28,31
DA:29,30
DA:30,30
DA:39,1
DA:40,1
DA:41,2
DA:50,1
DA:58,5
LF:9
LH:9
BRDA:26,1,0,31
BRDA:26,1,1,2
BRDA:28,2,0,30
BRDA:28,2,1,1
BRDA:39,3,0,1
BRDA:39,3,1,0
BRF:6
BRH:5
end_of_record
TN:
SF:/home/blackjak/Projects/DXdao/arc/contracts/votingMachines/VotingMachineCallbacks.sol
FN:14,onlyVotingMachine
FN:24,mintReputation
FN:36,burnReputation
FN:52,stakingTokenTransfer
FN:62,balanceOfStakingToken
FN:70,getTotalReputationSupply
FN:78,reputationOf
FNF:7
FNH:7
FNDA:120,onlyVotingMachine
FNDA:13,mintReputation
FNDA:18,burnReputation
FNDA:1,stakingTokenTransfer
FNDA:5,balanceOfStakingToken
FNDA:108,getTotalReputationSupply
FNDA:81,reputationOf
DA:15,120
DA:16,110
DA:27,13
DA:28,13
DA:29,0
DA:31,13
DA:39,18
DA:40,18
DA:41,0
DA:43,18
DA:55,1
DA:56,1
DA:57,0
DA:59,1
DA:63,5
DA:64,5
DA:65,0
DA:67,5
DA:71,108
DA:72,108
DA:73,0
DA:75,108
DA:79,81
DA:80,81
DA:81,0
DA:83,81
LF:26
LH:20
BRDA:15,1,0,110
BRDA:15,1,1,10
BRDA:28,2,0,0
BRDA:28,2,1,13
BRDA:40,3,0,0
BRDA:40,3,1,18
BRDA:56,4,0,0
BRDA:56,4,1,1
BRDA:64,5,0,0
BRDA:64,5,1,5
BRDA:72,6,0,0
BRDA:72,6,1,108
BRDA:80,7,0,0
BRDA:80,7,1,81
BRF:14
BRH:8
end_of_record
